#
# There is insufficient memory for the Java Runtime Environment to continue.
# Native memory allocation (malloc) failed to allocate 1025296 bytes for Chunk::new
# Possible reasons:
#   The system is out of physical RAM or swap space
#   In 32 bit mode, the process size limit was hit
# Possible solutions:
#   Reduce memory load on the system
#   Increase physical memory or swap space
#   Check if swap backing store is full
#   Use 64 bit Java on a 64 bit OS
#   Decrease Java heap size (-Xmx/-Xms)
#   Decrease number of Java threads
#   Decrease Java thread stack sizes (-Xss)
#   Set larger code cache with -XX:ReservedCodeCacheSize=
# This output file may be truncated or incomplete.
#
#  Out of Memory Error (allocation.cpp:390), pid=724, tid=6700
#
# JRE version: Java(TM) SE Runtime Environment (8.0_60-b27) (build 1.8.0_60-b27)
# Java VM: Java HotSpot(TM) 64-Bit Server VM (25.60-b23 mixed mode windows-amd64 compressed oops)
# Failed to write core dump. Minidumps are not enabled by default on client versions of Windows
#

---------------  T H R E A D  ---------------

Current thread (0x0000000015938800):  JavaThread "C2 CompilerThread1" daemon [_thread_in_native, id=6700, stack(0x0000000017040000,0x0000000017140000)]

Stack: [0x0000000017040000,0x0000000017140000]
[error occurred during error reporting (printing stack bounds), id 0xc0000005]

Native frames: (J=compiled Java code, j=interpreted, Vv=VM code, C=native code)


Current CompileTask:
C2:   8896 1646       4       com.android.dx.rop.code.Rops::ropFor (771 bytes)


---------------  P R O C E S S  ---------------

Java Threads: ( => current thread )
  0x00000000174d5000 JavaThread "pool-1-thread-4" [_thread_in_Java, id=9264, stack(0x0000000017c40000,0x0000000017d40000)]
  0x00000000174d4800 JavaThread "pool-1-thread-3" [_thread_blocked, id=11948, stack(0x0000000017b40000,0x0000000017c40000)]
  0x00000000174d3800 JavaThread "pool-1-thread-2" [_thread_in_Java, id=9544, stack(0x0000000017a40000,0x0000000017b40000)]
  0x00000000174d0800 JavaThread "pool-2-thread-1" [_thread_blocked, id=8700, stack(0x0000000017940000,0x0000000017a40000)]
  0x00000000174ce000 JavaThread "pool-1-thread-1" [_thread_in_vm, id=1412, stack(0x0000000017840000,0x0000000017940000)]
  0x0000000017240800 JavaThread "Service Thread" daemon [_thread_blocked, id=11928, stack(0x0000000017640000,0x0000000017740000)]
  0x000000001593b000 JavaThread "C1 CompilerThread2" daemon [_thread_blocked, id=9300, stack(0x0000000017140000,0x0000000017240000)]
=>0x0000000015938800 JavaThread "C2 CompilerThread1" daemon [_thread_in_native, id=6700, stack(0x0000000017040000,0x0000000017140000)]
  0x00000000158dd000 JavaThread "C2 CompilerThread0" daemon [_thread_in_native, id=9260, stack(0x0000000016f40000,0x0000000017040000)]
  0x00000000158db000 JavaThread "Attach Listener" daemon [_thread_blocked, id=4260, stack(0x0000000016e40000,0x0000000016f40000)]
  0x00000000158da000 JavaThread "Signal Dispatcher" daemon [_thread_blocked, id=8100, stack(0x0000000016d40000,0x0000000016e40000)]
  0x0000000003200800 JavaThread "Finalizer" daemon [_thread_blocked, id=6752, stack(0x0000000016b50000,0x0000000016c50000)]
  0x00000000031fd800 JavaThread "Reference Handler" daemon [_thread_blocked, id=12276, stack(0x0000000016a50000,0x0000000016b50000)]
  0x000000000310d800 JavaThread "main" [_thread_in_Java, id=9492, stack(0x0000000002db0000,0x0000000002eb0000)]

Other Threads:
  0x00000000158a8800 VMThread [stack: 0x0000000016950000,0x0000000016a50000] [id=3196]
  0x0000000017244800 WatcherThread [stack: 0x0000000017740000,0x0000000017840000] [id=10980]

VM state:not at safepoint (normal execution)

VM Mutex/Monitor currently owned by a thread: None

Heap:
 PSYoungGen      total 27648K, used 23390K [0x00000000eab00000, 0x00000000ec980000, 0x0000000100000000)
  eden space 24064K, 82% used [0x00000000eab00000,0x00000000ebe5cea8,0x00000000ec280000)
  from space 3584K, 99% used [0x00000000ec600000,0x00000000ec97aab8,0x00000000ec980000)
  to   space 3584K, 0% used [0x00000000ec280000,0x00000000ec280000,0x00000000ec600000)
 ParOldGen       total 62976K, used 3664K [0x00000000c0000000, 0x00000000c3d80000, 0x00000000eab00000)
  object space 62976K, 5% used [0x00000000c0000000,0x00000000c0394350,0x00000000c3d80000)
 Metaspace       used 6226K, capacity 7088K, committed 7296K, reserved 1056768K
  class space    used 596K, capacity 616K, committed 640K, reserved 1048576K

Card table byte_map: [0x00000000125d0000,0x00000000127e0000] byte_map_base: 0x0000000011fd0000

Marking Bits: (ParMarkBitMap*) 0x000000006b28a5b0
 Begin Bits: [0x0000000012d40000, 0x0000000013d40000)
 End Bits:   [0x0000000013d40000, 0x0000000014d40000)

Polling page: 0x0000000000ff0000

CodeCache: size=245760Kb used=6735Kb max_used=6740Kb free=239024Kb
 bounds [0x0000000003210000, 0x00000000038b0000, 0x0000000012210000]
 total_blobs=1911 nmethods=1642 adapters=182
 compilation: enabled

Compilation events (10 events):
Event: 8.815 Thread 0x00000000158dd000 1644       4       com.android.dx.ssa.SsaMethod::mapRegisters (87 bytes)
Event: 8.833 Thread 0x0000000015938800 nmethod 1642 0x00000000038a6f90 code [0x00000000038a71a0, 0x00000000038a8228]
Event: 8.834 Thread 0x0000000015938800 1645   !   4       com.android.dx.cf.code.BaseMachine::result (36 bytes)
Event: 8.836 Thread 0x0000000015938800 nmethod 1645 0x000000000387f490 code [0x000000000387f5c0, 0x000000000387f678]
Event: 8.837 Thread 0x0000000015938800 1646       4       com.android.dx.rop.code.Rops::ropFor (771 bytes)
Event: 8.862 Thread 0x00000000158dd000 nmethod 1644 0x00000000038a9850 code [0x00000000038a9a60, 0x00000000038aa700]
Event: 8.862 Thread 0x00000000158dd000 1647       4       com.android.dx.cf.code.RopperMachine::jopToRopOpcode (1103 bytes)
Event: 8.888 Thread 0x00000000158dd000 nmethod 1647 0x00000000038a1e10 code [0x00000000038a2780, 0x00000000038a2e88]
Event: 8.891 Thread 0x000000001593b000 1648       3       com.android.dx.rop.type.StdTypeList::equalContents (56 bytes)
Event: 8.891 Thread 0x000000001593b000 nmethod 1648 0x00000000038a3d50 code [0x00000000038a3f20, 0x00000000038a47e8]

GC Heap History (4 events):
Event: 5.473 GC heap before
{Heap before GC invocations=1 (full 0):
 PSYoungGen      total 27648K, used 24064K [0x00000000eab00000, 0x00000000ec980000, 0x0000000100000000)
  eden space 24064K, 100% used [0x00000000eab00000,0x00000000ec280000,0x00000000ec280000)
  from space 3584K, 0% used [0x00000000ec600000,0x00000000ec600000,0x00000000ec980000)
  to   space 3584K, 0% used [0x00000000ec280000,0x00000000ec280000,0x00000000ec600000)
 ParOldGen       total 62976K, used 0K [0x00000000c0000000, 0x00000000c3d80000, 0x00000000eab00000)
  object space 62976K, 0% used [0x00000000c0000000,0x00000000c0000000,0x00000000c3d80000)
 Metaspace       used 5807K, capacity 6704K, committed 6784K, reserved 1056768K
  class space    used 595K, capacity 616K, committed 640K, reserved 1048576K
Event: 5.483 GC heap after
Heap after GC invocations=1 (full 0):
 PSYoungGen      total 27648K, used 3572K [0x00000000eab00000, 0x00000000ec980000, 0x0000000100000000)
  eden space 24064K, 0% used [0x00000000eab00000,0x00000000eab00000,0x00000000ec280000)
  from space 3584K, 99% used [0x00000000ec280000,0x00000000ec5fd2e0,0x00000000ec600000)
  to   space 3584K, 0% used [0x00000000ec600000,0x00000000ec600000,0x00000000ec980000)
 ParOldGen       total 62976K, used 718K [0x00000000c0000000, 0x00000000c3d80000, 0x00000000eab00000)
  object space 62976K, 1% used [0x00000000c0000000,0x00000000c00b3928,0x00000000c3d80000)
 Metaspace       used 5807K, capacity 6704K, committed 6784K, reserved 1056768K
  class space    used 595K, capacity 616K, committed 640K, reserved 1048576K
}
Event: 7.970 GC heap before
{Heap before GC invocations=2 (full 0):
 PSYoungGen      total 27648K, used 27636K [0x00000000eab00000, 0x00000000ec980000, 0x0000000100000000)
  eden space 24064K, 100% used [0x00000000eab00000,0x00000000ec280000,0x00000000ec280000)
  from space 3584K, 99% used [0x00000000ec280000,0x00000000ec5fd2e0,0x00000000ec600000)
  to   space 3584K, 0% used [0x00000000ec600000,0x00000000ec600000,0x00000000ec980000)
 ParOldGen       total 62976K, used 718K [0x00000000c0000000, 0x00000000c3d80000, 0x00000000eab00000)
  object space 62976K, 1% used [0x00000000c0000000,0x00000000c00b3928,0x00000000c3d80000)
 Metaspace       used 6169K, capacity 7024K, committed 7296K, reserved 1056768K
  class space    used 596K, capacity 616K, committed 640K, reserved 1048576K
Event: 8.120 GC heap after
Heap after GC invocations=2 (full 0):
 PSYoungGen      total 27648K, used 3562K [0x00000000eab00000, 0x00000000ec980000, 0x0000000100000000)
  eden space 24064K, 0% used [0x00000000eab00000,0x00000000eab00000,0x00000000ec280000)
  from space 3584K, 99% used [0x00000000ec600000,0x00000000ec97aab8,0x00000000ec980000)
  to   space 3584K, 0% used [0x00000000ec280000,0x00000000ec280000,0x00000000ec600000)
 ParOldGen       total 62976K, used 3664K [0x00000000c0000000, 0x00000000c3d80000, 0x00000000eab00000)
  object space 62976K, 5% used [0x00000000c0000000,0x00000000c0394350,0x00000000c3d80000)
 Metaspace       used 6169K, capacity 7024K, committed 7296K, reserved 1056768K
  class space    used 596K, capacity 616K, committed 640K, reserved 1048576K
}

Deoptimization events (10 events):
Event: 4.371 Thread 0x000000000310d800 Uncommon trap: reason=unstable_if action=reinterpret pc=0x0000000003418e1c method=java.lang.String.<init>([CII)V @ 18
Event: 4.435 Thread 0x00000000174ce000 Uncommon trap: reason=unstable_if action=reinterpret pc=0x0000000003415f78 method=java.util.HashMap.getNode(ILjava/lang/Object;)Ljava/util/HashMap$Node; @ 129
Event: 4.436 Thread 0x00000000174ce000 Uncommon trap: reason=bimorphic action=maybe_recompile pc=0x000000000342c7dc method=java.util.HashMap.getNode(ILjava/lang/Object;)Ljava/util/HashMap$Node; @ 126
Event: 4.436 Thread 0x00000000174ce000 Uncommon trap: reason=bimorphic action=maybe_recompile pc=0x000000000342c7dc method=java.util.HashMap.getNode(ILjava/lang/Object;)Ljava/util/HashMap$Node; @ 126
Event: 5.379 Thread 0x000000000310d800 Uncommon trap: reason=class_check action=maybe_recompile pc=0x00000000034f9fc4 method=com.android.dx.rop.type.Type.equals(Ljava/lang/Object;)Z @ 8
Event: 5.380 Thread 0x000000000310d800 Uncommon trap: reason=class_check action=maybe_recompile pc=0x00000000034f9fc4 method=com.android.dx.rop.type.Type.equals(Ljava/lang/Object;)Z @ 8
Event: 5.398 Thread 0x00000000174d3800 Uncommon trap: reason=class_check action=maybe_recompile pc=0x00000000034f9fc4 method=com.android.dx.rop.type.Type.equals(Ljava/lang/Object;)Z @ 8
Event: 5.398 Thread 0x00000000174d3800 Uncommon trap: reason=class_check action=maybe_recompile pc=0x00000000034f9fc4 method=com.android.dx.rop.type.Type.equals(Ljava/lang/Object;)Z @ 8
Event: 6.546 Thread 0x00000000174d3800 Uncommon trap: reason=unstable_if action=reinterpret pc=0x00000000035ff47c method=com.android.dx.util.IntList.binarysearch(I)I @ 105
Event: 7.778 Thread 0x00000000174d4800 Uncommon trap: reason=unstable_if action=reinterpret pc=0x00000000037bab78 method=com.android.dx.util.BitIntSet.has(I)Z @ 8

Internal exceptions (2 events):
Event: 0.125 Thread 0x000000000310d800 Exception <a 'java/lang/NoSuchMethodError': Method sun.misc.Unsafe.defineClass(Ljava/lang/String;[BII)Ljava/lang/Class; name or signature does not match> (0x00000000eab13088) thrown at [C:\re\workspace\8-2-build-windows-amd64-cygwin\jdk8u60\4407\hotspot\sr¾a!ÂÀ?
Event: 0.125 Thread 0x000000000310d800 Exception <a 'java/lang/NoSuchMethodError': Method sun.misc.Unsafe.prefetchRead(Ljava/lang/Object;J)V name or signature does not match> (0x00000000eab13370) thrown at [C:\re\workspace\8-2-build-windows-amd64-cygwin\jdk8u60\4407\hotspot\src\share\vm\prims\j

Events (10 events):
Event: 6.540 loading class com/android/dx/cf/attrib/AttExceptions done
Event: 6.546 Thread 0x00000000174d3800 Uncommon trap: trap_request=0xffffff65 fr.pc=0x00000000035ff47c
Event: 6.546 Thread 0x00000000174d3800 DEOPT PACKING pc=0x00000000035ff47c sp=0x0000000017b3e550
Event: 6.546 Thread 0x00000000174d3800 DEOPT UNPACKING pc=0x000000000325582a sp=0x0000000017b3e4c8 mode 2
Event: 7.778 Thread 0x00000000174d4800 Uncommon trap: trap_request=0xffffff65 fr.pc=0x00000000037bab78
Event: 7.778 Thread 0x00000000174d4800 DEOPT PACKING pc=0x00000000037bab78 sp=0x0000000017c3e3c0
Event: 7.778 Thread 0x00000000174d4800 DEOPT UNPACKING pc=0x000000000325582a sp=0x0000000017c3e2f8 mode 2
Event: 7.815 Executing VM operation: ParallelGCFailedAllocation
Event: 8.120 Executing VM operation: ParallelGCFailedAllocation done
Event: 8.834 Thread 0x00000000174d3800 DEOPT PACKING pc=0x0000000003572d03 sp=0x0000000017b3e4d0


Dynamic libraries:
0x00007ff689300000 - 0x00007ff689337000 	C:\Program Files\Java\jdk1.8.0_60\bin\java.exe
0x00007ffe6c170000 - 0x00007ffe6c341000 	C:\WINDOWS\SYSTEM32\ntdll.dll
0x00007ffe6bb70000 - 0x00007ffe6bc1b000 	C:\WINDOWS\System32\KERNEL32.DLL
0x00007ffe69400000 - 0x00007ffe6961d000 	C:\WINDOWS\System32\KERNELBASE.dll
0x00007ffe6bd90000 - 0x00007ffe6be32000 	C:\WINDOWS\System32\ADVAPI32.dll
0x00007ffe6c0d0000 - 0x00007ffe6c16e000 	C:\WINDOWS\System32\msvcrt.dll
0x00007ffe6a010000 - 0x00007ffe6a069000 	C:\WINDOWS\System32\sechost.dll
0x00007ffe6be40000 - 0x00007ffe6bf61000 	C:\WINDOWS\System32\RPCRT4.dll
0x00007ffe69890000 - 0x00007ffe699f5000 	C:\WINDOWS\System32\USER32.dll
0x00007ffe69620000 - 0x00007ffe6963e000 	C:\WINDOWS\System32\win32u.dll
0x00007ffe6b760000 - 0x00007ffe6b794000 	C:\WINDOWS\System32\GDI32.dll
0x00007ffe688b0000 - 0x00007ffe68a32000 	C:\WINDOWS\System32\gdi32full.dll
0x00007ffe674a0000 - 0x00007ffe67719000 	C:\WINDOWS\WinSxS\amd64_microsoft.windows.common-controls_6595b64144ccf1df_6.0.14393.447_none_42191651c6827bb3\COMCTL32.dll
0x00007ffe6b8a0000 - 0x00007ffe6bb67000 	C:\WINDOWS\System32\combase.dll
0x00007ffe68690000 - 0x00007ffe68785000 	C:\WINDOWS\System32\ucrtbase.dll
0x00007ffe68840000 - 0x00007ffe688aa000 	C:\WINDOWS\System32\bcryptPrimitives.dll
0x00007ffe69ec0000 - 0x00007ffe69eee000 	C:\WINDOWS\System32\IMM32.DLL
0x000000006a840000 - 0x000000006a912000 	C:\Program Files\Java\jdk1.8.0_60\jre\bin\msvcr100.dll
0x000000006aa80000 - 0x000000006b309000 	C:\Program Files\Java\jdk1.8.0_60\jre\bin\server\jvm.dll
0x00007ffe6b680000 - 0x00007ffe6b688000 	C:\WINDOWS\System32\PSAPI.DLL
0x00007ffe60060000 - 0x00007ffe60069000 	C:\WINDOWS\SYSTEM32\WSOCK32.dll
0x00007ffe6b6f0000 - 0x00007ffe6b75a000 	C:\WINDOWS\System32\WS2_32.dll
0x00007ffe66510000 - 0x00007ffe66533000 	C:\WINDOWS\SYSTEM32\WINMM.dll
0x00007ffe672a0000 - 0x00007ffe672aa000 	C:\WINDOWS\SYSTEM32\VERSION.dll
0x00007ffe664b0000 - 0x00007ffe664db000 	C:\WINDOWS\SYSTEM32\WINMMBASE.dll
0x00007ffe68640000 - 0x00007ffe68682000 	C:\WINDOWS\System32\cfgmgr32.dll
0x000000006bc60000 - 0x000000006bc6f000 	C:\Program Files\Java\jdk1.8.0_60\jre\bin\verify.dll
0x000000006bc30000 - 0x000000006bc59000 	C:\Program Files\Java\jdk1.8.0_60\jre\bin\java.dll
0x000000006bc10000 - 0x000000006bc26000 	C:\Program Files\Java\jdk1.8.0_60\jre\bin\zip.dll
0x00007ffe6a070000 - 0x00007ffe6b579000 	C:\WINDOWS\System32\SHELL32.dll
0x00007ffe68cc0000 - 0x00007ffe6939a000 	C:\WINDOWS\System32\windows.storage.dll
0x00007ffe685e0000 - 0x00007ffe6862c000 	C:\WINDOWS\System32\powrprof.dll
0x00007ffe69fb0000 - 0x00007ffe6a002000 	C:\WINDOWS\System32\shlwapi.dll
0x00007ffe68630000 - 0x00007ffe6863f000 	C:\WINDOWS\System32\kernel.appcore.dll
0x00007ffe68790000 - 0x00007ffe68839000 	C:\WINDOWS\System32\shcore.dll
0x00007ffe685c0000 - 0x00007ffe685d4000 	C:\WINDOWS\System32\profapi.dll

VM Arguments:
jvm_args: -Djava.awt.headless=true -Xmx1024M -Dfile.encoding=windows-1257 -Duser.country=US -Duser.language=en -Duser.variant 
java_command: com.android.dx.command.Main --dex --num-threads=4 --output C:\Users\user\AndroidStudioProjects\GeoTwitterClient\app\build\intermediates\pre-dexed\debug\com.google.android.gms-play-services-drive-8.4.0_84b54a4c483c5a8509b276d964b2d83c0c1a7826.jar C:\Users\user\AndroidStudioProjects\GeoTwitterClient\app\build\intermediates\exploded-aar\com.google.android.gms\play-services-drive\8.4.0\jars\classes.jar
java_class_path (initial): C:\Users\user\AppData\Local\Android\sdk\build-tools\23.0.2\lib\dx.jar
Launcher Type: SUN_STANDARD

Environment Variables:
PATH=C:\Program Files (x86)\NVIDIA Corporation\PhysX\Common;C:\Program Files\Java\jdk1.8.0_60\bin;C:\ProgramData\Oracle\Java\javapath;C:\Program Files\Common Files\Microsoft Shared\Windows Live;C:\Program Files (x86)\Common Files\Microsoft Shared\Windows Live;C:\WINDOWS\system32;C:\WINDOWS;C:\WINDOWS\System32\Wbem;C:\WINDOWS\System32\WindowsPowerShell\v1.0\;C:\Program Files\WIDCOMM\Bluetooth Software\;C:\Program Files\WIDCOMM\Bluetooth Software\syswow64;C:\Program Files (x86)\Common Files\Roxio Shared\10.0\DLLShared\;C:\Program Files (x86)\Common Files\Roxio Shared\DLLShared\;C:\Program Files (x86)\Windows Live\Shared;C:\Program Files\Intel\WiFi\bin\;C:\Program Files\Common Files\Intel\WirelessCommon\;C:\Python27;C:\Program Files (x86)\IVI Foundation\VISA\WinNT\Bin;C:\Windows\SysWOW64;C:\WINDOWS\system32\config\systemprofile\.dnx\bin;C:\Program Files\Microsoft DNX\Dnvm\;C:\Program Files\Microsoft SQL Server\130\Tools\Binn\;C:\Program Files (x86)\Windows Kits\10\Windows Performance Toolkit\;C:\Program Files\ Java\jdk1.8.0_60\bin;;%USERPROFILE%\AppData\Local\Microsoft\WindowsApps
USERNAME=user
OS=Windows_NT
PROCESSOR_IDENTIFIER=Intel64 Family 6 Model 37 Stepping 2, GenuineIntel



---------------  S Y S T E M  ---------------

OS: Windows 10.0 , 64 bit Build 14393 (10.0.14393.0)

CPU:total 4 (2 cores per cpu, 2 threads per core) family 6 model 37 stepping 2, cmov, cx8, fxsr, mmx, sse, sse2, sse3, ssse3, sse4.1, sse4.2, popcnt, aes, clmul, ht, tsc, tscinvbit

Memory: 4k page, physical 5953352k(1311652k free), swap 6477640k(6000k free)

vm_info: Java HotSpot(TM) 64-Bit Server VM (25.60-b23) for windows-amd64 JRE (1.8.0_60-b27), built on Aug  4 2015 11:06:27 by "java_re" with MS VC++ 10.0 (VS2010)

time: Thu Dec 01 19:51:29 2016
elapsed time: 8 seconds (0d 0h 0m 8s)

