#
# There is insufficient memory for the Java Runtime Environment to continue.
# Native memory allocation (malloc) failed to allocate 65552 bytes for Chunk::new
# Possible reasons:
#   The system is out of physical RAM or swap space
#   In 32 bit mode, the process size limit was hit
# Possible solutions:
#   Reduce memory load on the system
#   Increase physical memory or swap space
#   Check if swap backing store is full
#   Use 64 bit Java on a 64 bit OS
#   Decrease Java heap size (-Xmx/-Xms)
#   Decrease number of Java threads
#   Decrease Java thread stack sizes (-Xss)
#   Set larger code cache with -XX:ReservedCodeCacheSize=
# This output file may be truncated or incomplete.
#
#  Out of Memory Error (allocation.cpp:390), pid=8436, tid=9056
#
# JRE version: Java(TM) SE Runtime Environment (8.0_60-b27) (build 1.8.0_60-b27)
# Java VM: Java HotSpot(TM) 64-Bit Server VM (25.60-b23 mixed mode windows-amd64 compressed oops)
# Failed to write core dump. Minidumps are not enabled by default on client versions of Windows
#

---------------  T H R E A D  ---------------

Current thread (0x0000000014f1d000):  JavaThread "C2 CompilerThread0" daemon [_thread_in_native, id=9056, stack(0x0000000016560000,0x0000000016660000)]

Stack: [0x0000000016560000,0x0000000016660000]
[error occurred during error reporting (printing stack bounds), id 0xc0000005]

Native frames: (J=compiled Java code, j=interpreted, Vv=VM code, C=native code)


Current CompileTask:
C2:  22317 2070   !   4       com.android.dx.rop.type.Type::intern (319 bytes)


---------------  P R O C E S S  ---------------

Java Threads: ( => current thread )
  0x0000000014f7d800 JavaThread "Service Thread" daemon [_thread_blocked, id=476, stack(0x0000000016c60000,0x0000000016d60000)]
  0x0000000014f7b000 JavaThread "C1 CompilerThread2" daemon [_thread_blocked, id=7584, stack(0x0000000016760000,0x0000000016860000)]
  0x0000000014f22800 JavaThread "C2 CompilerThread1" daemon [_thread_in_native, id=9680, stack(0x0000000016660000,0x0000000016760000)]
=>0x0000000014f1d000 JavaThread "C2 CompilerThread0" daemon [_thread_in_native, id=9056, stack(0x0000000016560000,0x0000000016660000)]
  0x0000000014f1b000 JavaThread "Attach Listener" daemon [_thread_blocked, id=8744, stack(0x0000000016460000,0x0000000016560000)]
  0x0000000014f1a000 JavaThread "Signal Dispatcher" daemon [_thread_blocked, id=7780, stack(0x0000000016360000,0x0000000016460000)]
  0x0000000002840800 JavaThread "Finalizer" daemon [_thread_blocked, id=1116, stack(0x0000000016170000,0x0000000016270000)]
  0x000000000283d800 JavaThread "Reference Handler" daemon [_thread_blocked, id=7160, stack(0x0000000016070000,0x0000000016170000)]
  0x0000000000dad800 JavaThread "main" [_thread_in_vm, id=6252, stack(0x0000000002550000,0x0000000002650000)]

Other Threads:
  0x0000000014ee8800 VMThread [stack: 0x0000000015f70000,0x0000000016070000] [id=8928]
  0x0000000016863800 WatcherThread [stack: 0x0000000016d60000,0x0000000016e60000] [id=1560]

VM state:not at safepoint (normal execution)

VM Mutex/Monitor currently owned by a thread: None

Heap:
 PSYoungGen      total 51712K, used 50783K [0x00000000eab00000, 0x00000000ee100000, 0x0000000100000000)
  eden space 48128K, 98% used [0x00000000eab00000,0x00000000ed919370,0x00000000eda00000)
  from space 3584K, 99% used [0x00000000edd80000,0x00000000ee0feac8,0x00000000ee100000)
  to   space 3584K, 0% used [0x00000000eda00000,0x00000000eda00000,0x00000000edd80000)
 ParOldGen       total 62976K, used 4231K [0x00000000c0000000, 0x00000000c3d80000, 0x00000000eab00000)
  object space 62976K, 6% used [0x00000000c0000000,0x00000000c0421c60,0x00000000c3d80000)
 Metaspace       used 6619K, capacity 7448K, committed 7680K, reserved 1056768K
  class space    used 623K, capacity 656K, committed 768K, reserved 1048576K

Card table byte_map: [0x0000000011c10000,0x0000000011e20000] byte_map_base: 0x0000000011610000

Marking Bits: (ParMarkBitMap*) 0x000000005a30a5b0
 Begin Bits: [0x0000000012380000, 0x0000000013380000)
 End Bits:   [0x0000000013380000, 0x0000000014380000)

Polling page: 0x0000000000a40000

CodeCache: size=245760Kb used=8894Kb max_used=8894Kb free=236865Kb
 bounds [0x0000000002850000, 0x0000000003110000, 0x0000000011850000]
 total_blobs=2328 nmethods=2058 adapters=183
 compilation: enabled

Compilation events (10 events):
Event: 22.271 Thread 0x0000000014f7b000 2067       3       com.android.dx.dex.file.ProtoIdItem::writeTo (331 bytes)
Event: 22.279 Thread 0x0000000014f7b000 nmethod 2067 0x00000000030f4e10 code [0x00000000030f5520, 0x00000000030fa528]
Event: 22.279 Thread 0x0000000014f7b000 2064       3       com.android.dx.rop.cst.CstType::getDescriptor (30 bytes)
Event: 22.279 Thread 0x0000000014f7b000 nmethod 2064 0x00000000030fd5d0 code [0x00000000030fd740, 0x00000000030fda28]
Event: 22.279 Thread 0x0000000014f7b000 2068       3       com.android.dx.dex.file.FieldIdItem::getFieldRef (8 bytes)
Event: 22.280 Thread 0x0000000014f7b000 nmethod 2068 0x00000000030fdb10 code [0x00000000030fdc80, 0x00000000030fdf50]
Event: 22.280 Thread 0x0000000014f7b000 2065       3       com.android.dx.dex.file.TypeIdItem::writeTo (107 bytes)
Event: 22.283 Thread 0x0000000014f7b000 nmethod 2065 0x00000000030fdfd0 code [0x00000000030fe380, 0x0000000003100468]
Event: 22.284 Thread 0x0000000014f7b000 2072       3       com.android.dx.dex.file.MemberIdItem::writeTo (231 bytes)
Event: 22.290 Thread 0x0000000014f7b000 nmethod 2072 0x0000000003101710 code [0x0000000003101ca0, 0x0000000003105728]

GC Heap History (4 events):
Event: 11.600 GC heap before
{Heap before GC invocations=1 (full 0):
 PSYoungGen      total 27648K, used 24064K [0x00000000eab00000, 0x00000000ec980000, 0x0000000100000000)
  eden space 24064K, 100% used [0x00000000eab00000,0x00000000ec280000,0x00000000ec280000)
  from space 3584K, 0% used [0x00000000ec600000,0x00000000ec600000,0x00000000ec980000)
  to   space 3584K, 0% used [0x00000000ec280000,0x00000000ec280000,0x00000000ec600000)
 ParOldGen       total 62976K, used 0K [0x00000000c0000000, 0x00000000c3d80000, 0x00000000eab00000)
  object space 62976K, 0% used [0x00000000c0000000,0x00000000c0000000,0x00000000c3d80000)
 Metaspace       used 5895K, capacity 6832K, committed 7040K, reserved 1056768K
  class space    used 595K, capacity 616K, committed 640K, reserved 1048576K
Event: 11.922 GC heap after
Heap after GC invocations=1 (full 0):
 PSYoungGen      total 27648K, used 3578K [0x00000000eab00000, 0x00000000ee100000, 0x0000000100000000)
  eden space 24064K, 0% used [0x00000000eab00000,0x00000000eab00000,0x00000000ec280000)
  from space 3584K, 99% used [0x00000000ec280000,0x00000000ec5fe970,0x00000000ec600000)
  to   space 3584K, 0% used [0x00000000edd80000,0x00000000edd80000,0x00000000ee100000)
 ParOldGen       total 62976K, used 1203K [0x00000000c0000000, 0x00000000c3d80000, 0x00000000eab00000)
  object space 62976K, 1% used [0x00000000c0000000,0x00000000c012cdf0,0x00000000c3d80000)
 Metaspace       used 5895K, capacity 6832K, committed 7040K, reserved 1056768K
  class space    used 595K, capacity 616K, committed 640K, reserved 1048576K
}
Event: 16.600 GC heap before
{Heap before GC invocations=2 (full 0):
 PSYoungGen      total 27648K, used 27642K [0x00000000eab00000, 0x00000000ee100000, 0x0000000100000000)
  eden space 24064K, 100% used [0x00000000eab00000,0x00000000ec280000,0x00000000ec280000)
  from space 3584K, 99% used [0x00000000ec280000,0x00000000ec5fe970,0x00000000ec600000)
  to   space 3584K, 0% used [0x00000000edd80000,0x00000000edd80000,0x00000000ee100000)
 ParOldGen       total 62976K, used 1203K [0x00000000c0000000, 0x00000000c3d80000, 0x00000000eab00000)
  object space 62976K, 1% used [0x00000000c0000000,0x00000000c012cdf0,0x00000000c3d80000)
 Metaspace       used 6162K, capacity 7024K, committed 7296K, reserved 1056768K
  class space    used 598K, capacity 616K, committed 640K, reserved 1048576K
Event: 16.621 GC heap after
Heap after GC invocations=2 (full 0):
 PSYoungGen      total 51712K, used 3578K [0x00000000eab00000, 0x00000000ee100000, 0x0000000100000000)
  eden space 48128K, 0% used [0x00000000eab00000,0x00000000eab00000,0x00000000eda00000)
  from space 3584K, 99% used [0x00000000edd80000,0x00000000ee0feac8,0x00000000ee100000)
  to   space 3584K, 0% used [0x00000000eda00000,0x00000000eda00000,0x00000000edd80000)
 ParOldGen       total 62976K, used 4231K [0x00000000c0000000, 0x00000000c3d80000, 0x00000000eab00000)
  object space 62976K, 6% used [0x00000000c0000000,0x00000000c0421c60,0x00000000c3d80000)
 Metaspace       used 6162K, capacity 7024K, committed 7296K, reserved 1056768K
  class space    used 598K, capacity 616K, committed 640K, reserved 1048576K
}

Deoptimization events (10 events):
Event: 19.911 Thread 0x0000000000dad800 Uncommon trap: reason=unstable_if action=reinterpret pc=0x0000000003003f6c method=java.util.HashMap.putVal(ILjava/lang/Object;Ljava/lang/Object;ZZ)Ljava/lang/Object; @ 94
Event: 20.743 Thread 0x0000000000dad800 Uncommon trap: reason=speculate_class_check action=maybe_recompile pc=0x0000000002bdcb64 method=com.android.dx.util.FixedSizeList.equals(Ljava/lang/Object;)Z @ 25
Event: 20.743 Thread 0x0000000000dad800 Uncommon trap: reason=speculate_class_check action=maybe_recompile pc=0x0000000002bdcb64 method=com.android.dx.util.FixedSizeList.equals(Ljava/lang/Object;)Z @ 25
Event: 20.743 Thread 0x0000000000dad800 Uncommon trap: reason=speculate_class_check action=maybe_recompile pc=0x0000000002bdcb64 method=com.android.dx.util.FixedSizeList.equals(Ljava/lang/Object;)Z @ 25
Event: 20.743 Thread 0x0000000000dad800 Uncommon trap: reason=speculate_class_check action=maybe_recompile pc=0x0000000002bdcb64 method=com.android.dx.util.FixedSizeList.equals(Ljava/lang/Object;)Z @ 25
Event: 20.750 Thread 0x0000000000dad800 Uncommon trap: reason=unstable_if action=reinterpret pc=0x0000000003012ecc method=java.util.TreeMap.put(Ljava/lang/Object;Ljava/lang/Object;)Ljava/lang/Object; @ 163
Event: 21.279 Thread 0x0000000000dad800 Uncommon trap: reason=unstable_if action=reinterpret pc=0x0000000003055b80 method=com.android.dx.dex.code.OutputFinisher.findOpcodeForInsn(Lcom/android/dx/dex/code/DalvInsn;Lcom/android/dx/dex/code/Dop;)Lcom/android/dx/dex/code/Dop; @ 1
Event: 21.951 Thread 0x0000000000dad800 Uncommon trap: reason=unstable_if action=reinterpret pc=0x00000000030acc3c method=com.android.dx.dex.code.OutputFinisher.align64bits([Lcom/android/dx/dex/code/Dop;)V @ 205
Event: 22.031 Thread 0x0000000000dad800 Uncommon trap: reason=unstable_if action=reinterpret pc=0x00000000030961e0 method=java.util.ArrayList.<init>(I)V @ 5
Event: 22.262 Thread 0x0000000000dad800 Uncommon trap: reason=unstable_if action=reinterpret pc=0x00000000030cd184 method=com.android.dx.util.ByteArrayAnnotatedOutput.writeByte(I)V @ 13

Internal exceptions (3 events):
Event: 5.032 Thread 0x0000000000dad800 Exception <a 'java/lang/NoSuchMethodError': Method sun.misc.Unsafe.defineClass(Ljava/lang/String;[BII)Ljava/lang/Class; name or signature does not match> (0x00000000eab13088) thrown at [C:\re\workspace\8-2-build-windows-amd64-cygwin\jdk8u60\4407\hotspot\sr∞Ø,h @
Event: 5.032 Thread 0x0000000000dad800 Exception <a 'java/lang/NoSuchMethodError': Method sun.misc.Unsafe.prefetchRead(Ljava/lang/Object;J)V name or signature does not match> (0x00000000eab13370) thrown at [C:\re\workspace\8-2-build-windows-amd64-cygwin\jdk8u60\4407\hotspot\src\share\vm\prims\j≠;S$è¨0@
Event: 16.674 Thread 0x0000000016ab8800 Implicit null exception at 0x0000000002af3162 to 0x0000000002af3252

Events (10 events):
Event: 22.120 loading class com/android/dex/EncodedValueCodec done
Event: 22.136 loading class com/android/dx/dex/file/MapItem
Event: 22.136 loading class com/android/dx/dex/file/MapItem done
Event: 22.138 loading class com/android/dx/dex/file/UniformListItem
Event: 22.138 loading class com/android/dx/dex/file/UniformListItem done
Event: 22.261 loading class com/android/dex/DexFormat
Event: 22.261 loading class com/android/dex/DexFormat done
Event: 22.262 Thread 0x0000000000dad800 Uncommon trap: trap_request=0xffffff65 fr.pc=0x00000000030cd184
Event: 22.262 Thread 0x0000000000dad800 DEOPT PACKING pc=0x00000000030cd184 sp=0x000000000264efb0
Event: 22.262 Thread 0x0000000000dad800 DEOPT UNPACKING pc=0x000000000289582a sp=0x000000000264ef68 mode 2


Dynamic libraries:
0x00007ff699360000 - 0x00007ff699397000 	C:\Program Files\Java\jdk1.8.0_60\bin\java.exe
0x00007ffb7c7b0000 - 0x00007ffb7c981000 	C:\WINDOWS\SYSTEM32\ntdll.dll
0x00007ffb7a460000 - 0x00007ffb7a50b000 	C:\WINDOWS\System32\KERNEL32.DLL
0x00007ffb78ea0000 - 0x00007ffb790bd000 	C:\WINDOWS\System32\KERNELBASE.dll
0x00007ffb7c0a0000 - 0x00007ffb7c142000 	C:\WINDOWS\System32\ADVAPI32.dll
0x00007ffb7a330000 - 0x00007ffb7a3ce000 	C:\WINDOWS\System32\msvcrt.dll
0x00007ffb7c150000 - 0x00007ffb7c1a9000 	C:\WINDOWS\System32\sechost.dll
0x00007ffb7a510000 - 0x00007ffb7a631000 	C:\WINDOWS\System32\RPCRT4.dll
0x00007ffb7c640000 - 0x00007ffb7c7a5000 	C:\WINDOWS\System32\USER32.dll
0x00007ffb79570000 - 0x00007ffb7958e000 	C:\WINDOWS\System32\win32u.dll
0x00007ffb7a880000 - 0x00007ffb7a8b4000 	C:\WINDOWS\System32\GDI32.dll
0x00007ffb793e0000 - 0x00007ffb79562000 	C:\WINDOWS\System32\gdi32full.dll
0x00007ffb77ae0000 - 0x00007ffb77d59000 	C:\WINDOWS\WinSxS\amd64_microsoft.windows.common-controls_6595b64144ccf1df_6.0.14393.447_none_42191651c6827bb3\COMCTL32.dll
0x00007ffb7c370000 - 0x00007ffb7c637000 	C:\WINDOWS\System32\combase.dll
0x00007ffb79170000 - 0x00007ffb79265000 	C:\WINDOWS\System32\ucrtbase.dll
0x00007ffb79370000 - 0x00007ffb793da000 	C:\WINDOWS\System32\bcryptPrimitives.dll
0x00007ffb7a3d0000 - 0x00007ffb7a3fe000 	C:\WINDOWS\System32\IMM32.DLL
0x0000000059850000 - 0x0000000059922000 	C:\Program Files\Java\jdk1.8.0_60\jre\bin\msvcr100.dll
0x0000000059b00000 - 0x000000005a389000 	C:\Program Files\Java\jdk1.8.0_60\jre\bin\server\jvm.dll
0x00007ffb79e80000 - 0x00007ffb79e88000 	C:\WINDOWS\System32\PSAPI.DLL
0x00007ffb706c0000 - 0x00007ffb706c9000 	C:\WINDOWS\SYSTEM32\WSOCK32.dll
0x00007ffb7bec0000 - 0x00007ffb7bf2a000 	C:\WINDOWS\System32\WS2_32.dll
0x00007ffb76670000 - 0x00007ffb76693000 	C:\WINDOWS\SYSTEM32\WINMM.dll
0x00007ffb778e0000 - 0x00007ffb778ea000 	C:\WINDOWS\SYSTEM32\VERSION.dll
0x00007ffb76550000 - 0x00007ffb7657b000 	C:\WINDOWS\SYSTEM32\WINMMBASE.dll
0x00007ffb78c80000 - 0x00007ffb78cc2000 	C:\WINDOWS\System32\cfgmgr32.dll
0x000000005b0e0000 - 0x000000005b0ef000 	C:\Program Files\Java\jdk1.8.0_60\jre\bin\verify.dll
0x000000005b0b0000 - 0x000000005b0d9000 	C:\Program Files\Java\jdk1.8.0_60\jre\bin\java.dll
0x000000005b090000 - 0x000000005b0a6000 	C:\Program Files\Java\jdk1.8.0_60\jre\bin\zip.dll
0x00007ffb7a9b0000 - 0x00007ffb7beb9000 	C:\WINDOWS\System32\SHELL32.dll
0x00007ffb79590000 - 0x00007ffb79c6a000 	C:\WINDOWS\System32\windows.storage.dll
0x00007ffb78c30000 - 0x00007ffb78c7c000 	C:\WINDOWS\System32\powrprof.dll
0x00007ffb7a400000 - 0x00007ffb7a452000 	C:\WINDOWS\System32\shlwapi.dll
0x00007ffb78bf0000 - 0x00007ffb78bff000 	C:\WINDOWS\System32\kernel.appcore.dll
0x00007ffb790c0000 - 0x00007ffb79169000 	C:\WINDOWS\System32\shcore.dll
0x00007ffb78c10000 - 0x00007ffb78c24000 	C:\WINDOWS\System32\profapi.dll

VM Arguments:
jvm_args: -Djava.awt.headless=true -Xmx1024M -Dfile.encoding=windows-1257 -Duser.country=US -Duser.language=en -Duser.variant 
java_command: com.android.dx.command.Main --dex --num-threads=4 --output C:\Users\user\AndroidStudioProjects\GeoTwitterClient\app\build\intermediates\pre-dexed\debug\com.google.android.gms-play-services-wallet-8.4.0_3285fb9dd171b49d75699e0962871e4dd59a343e.jar C:\Users\user\AndroidStudioProjects\GeoTwitterClient\app\build\intermediates\exploded-aar\com.google.android.gms\play-services-wallet\8.4.0\jars\classes.jar
java_class_path (initial): C:\Users\user\AppData\Local\Android\sdk\build-tools\23.0.2\lib\dx.jar
Launcher Type: SUN_STANDARD

Environment Variables:
PATH=C:\Program Files (x86)\NVIDIA Corporation\PhysX\Common;C:\Program Files\Java\jdk1.8.0_60\bin;C:\ProgramData\Oracle\Java\javapath;C:\Program Files\Common Files\Microsoft Shared\Windows Live;C:\Program Files (x86)\Common Files\Microsoft Shared\Windows Live;C:\WINDOWS\system32;C:\WINDOWS;C:\WINDOWS\System32\Wbem;C:\WINDOWS\System32\WindowsPowerShell\v1.0\;C:\Program Files\WIDCOMM\Bluetooth Software\;C:\Program Files\WIDCOMM\Bluetooth Software\syswow64;C:\Program Files (x86)\Common Files\Roxio Shared\10.0\DLLShared\;C:\Program Files (x86)\Common Files\Roxio Shared\DLLShared\;C:\Program Files (x86)\Windows Live\Shared;C:\Program Files\Intel\WiFi\bin\;C:\Program Files\Common Files\Intel\WirelessCommon\;C:\Python27;C:\Program Files (x86)\IVI Foundation\VISA\WinNT\Bin;C:\Windows\SysWOW64;C:\WINDOWS\system32\config\systemprofile\.dnx\bin;C:\Program Files\Microsoft DNX\Dnvm\;C:\Program Files\Microsoft SQL Server\130\Tools\Binn\;C:\Program Files (x86)\Windows Kits\10\Windows Performance Toolkit\;C:\Program Files\ Java\jdk1.8.0_60\bin;;%USERPROFILE%\AppData\Local\Microsoft\WindowsApps
USERNAME=user
OS=Windows_NT
PROCESSOR_IDENTIFIER=Intel64 Family 6 Model 37 Stepping 2, GenuineIntel



---------------  S Y S T E M  ---------------

OS: Windows 10.0 , 64 bit Build 14393 (10.0.14393.0)

CPU:total 4 (2 cores per cpu, 2 threads per core) family 6 model 37 stepping 2, cmov, cx8, fxsr, mmx, sse, sse2, sse3, ssse3, sse4.1, sse4.2, popcnt, aes, clmul, ht, tsc, tscinvbit

Memory: 4k page, physical 5953352k(1660652k free), swap 6477640k(3292k free)

vm_info: Java HotSpot(TM) 64-Bit Server VM (25.60-b23) for windows-amd64 JRE (1.8.0_60-b27), built on Aug  4 2015 11:06:27 by "java_re" with MS VC++ 10.0 (VS2010)

time: Wed Nov 30 20:47:07 2016
elapsed time: 22 seconds (0d 0h 0m 22s)

