#
# There is insufficient memory for the Java Runtime Environment to continue.
# Native memory allocation (malloc) failed to allocate 1048576 bytes for AllocateHeap
# Possible reasons:
#   The system is out of physical RAM or swap space
#   In 32 bit mode, the process size limit was hit
# Possible solutions:
#   Reduce memory load on the system
#   Increase physical memory or swap space
#   Check if swap backing store is full
#   Use 64 bit Java on a 64 bit OS
#   Decrease Java heap size (-Xmx/-Xms)
#   Decrease number of Java threads
#   Decrease Java thread stack sizes (-Xss)
#   Set larger code cache with -XX:ReservedCodeCacheSize=
# This output file may be truncated or incomplete.
#
#  Out of Memory Error (memory/allocation.inline.hpp:61), pid=9204, tid=5244
#
# JRE version:  (8.0_60-b27) (build )
# Java VM: Java HotSpot(TM) 64-Bit Server VM (25.60-b23 mixed mode windows-amd64 compressed oops)
# Failed to write core dump. Minidumps are not enabled by default on client versions of Windows
#

---------------  T H R E A D  ---------------

Current thread (0x00000000029cd800):  JavaThread "Unknown thread" [_thread_in_vm, id=5244, stack(0x0000000002a30000,0x0000000002b30000)]

Stack: [0x0000000002a30000,0x0000000002b30000]
[error occurred during error reporting (printing stack bounds), id 0xc0000005]

Native frames: (J=compiled Java code, j=interpreted, Vv=VM code, C=native code)


---------------  P R O C E S S  ---------------

Java Threads: ( => current thread )

Other Threads:

=>0x00000000029cd800 (exited) JavaThread "Unknown thread" [_thread_in_vm, id=5244, stack(0x0000000002a30000,0x0000000002b30000)]

VM state:not at safepoint (normal execution)

VM Mutex/Monitor currently owned by a thread: None

Heap:
 PSYoungGen      total 27648K, used 481K [0x00000000eab00000, 0x00000000ec980000, 0x0000000100000000)
  eden space 24064K, 2% used [0x00000000eab00000,0x00000000eab78528,0x00000000ec280000)
  from space 3584K, 0% used [0x00000000ec600000,0x00000000ec600000,0x00000000ec980000)
  to   space 3584K, 0% used [0x00000000ec280000,0x00000000ec280000,0x00000000ec600000)
 ParOldGen       total 62976K, used 0K [0x00000000c0000000, 0x00000000c3d80000, 0x00000000eab00000)
  object space 62976K, 0% used [0x00000000c0000000,0x00000000c0000000,0x00000000c3d80000)
 Metaspace       used 767K, capacity 4480K, committed 4480K, reserved 1056768K
  class space    used 75K, capacity 384K, committed 384K, reserved 1048576K

Card table byte_map: [0x0000000011ff0000,0x0000000012200000] byte_map_base: 0x00000000119f0000

Marking Bits: (ParMarkBitMap*) 0x000000006d54a5b0
 Begin Bits: [0x0000000012760000, 0x0000000013760000)
 End Bits:   [0x0000000013760000, 0x0000000014760000)

Polling page: 0x00000000029d0000

CodeCache: size=245760Kb used=327Kb max_used=327Kb free=245432Kb
 bounds [0x0000000002c30000, 0x0000000002ea0000, 0x0000000011c30000]
 total_blobs=56 nmethods=0 adapters=37
 compilation: enabled

Compilation events (0 events):
No events

GC Heap History (0 events):
No events

Deoptimization events (0 events):
No events

Internal exceptions (0 events):
No events

Events (10 events):
Event: 0.055 loading class java/lang/Short
Event: 0.055 loading class java/lang/Short done
Event: 0.055 loading class java/lang/Integer
Event: 0.056 loading class java/lang/Integer done
Event: 0.056 loading class java/lang/Long
Event: 0.056 loading class java/lang/Long done
Event: 0.057 loading class java/lang/NullPointerException
Event: 0.057 loading class java/lang/NullPointerException done
Event: 0.057 loading class java/lang/ArithmeticException
Event: 0.057 loading class java/lang/ArithmeticException done


Dynamic libraries:
0x00007ff6e8f20000 - 0x00007ff6e8f57000 	C:\Program Files\Java\jdk1.8.0_60\bin\java.exe
0x00007fff19130000 - 0x00007fff19301000 	C:\WINDOWS\SYSTEM32\ntdll.dll
0x00007fff16a30000 - 0x00007fff16adb000 	C:\WINDOWS\System32\KERNEL32.DLL
0x00007fff16030000 - 0x00007fff1624d000 	C:\WINDOWS\System32\KERNELBASE.dll
0x00007fff18c60000 - 0x00007fff18d02000 	C:\WINDOWS\System32\ADVAPI32.dll
0x00007fff18d10000 - 0x00007fff18dae000 	C:\WINDOWS\System32\msvcrt.dll
0x00007fff18f10000 - 0x00007fff18f69000 	C:\WINDOWS\System32\sechost.dll
0x00007fff18de0000 - 0x00007fff18f01000 	C:\WINDOWS\System32\RPCRT4.dll
0x00007fff18f70000 - 0x00007fff190d5000 	C:\WINDOWS\System32\USER32.dll
0x00007fff15f70000 - 0x00007fff15f8e000 	C:\WINDOWS\System32\win32u.dll
0x00007fff167e0000 - 0x00007fff16814000 	C:\WINDOWS\System32\GDI32.dll
0x00007fff15600000 - 0x00007fff15782000 	C:\WINDOWS\System32\gdi32full.dll
0x00007fff14460000 - 0x00007fff146d9000 	C:\WINDOWS\WinSxS\amd64_microsoft.windows.common-controls_6595b64144ccf1df_6.0.14393.447_none_42191651c6827bb3\COMCTL32.dll
0x00007fff18830000 - 0x00007fff18af7000 	C:\WINDOWS\System32\combase.dll
0x00007fff165a0000 - 0x00007fff16695000 	C:\WINDOWS\System32\ucrtbase.dll
0x00007fff164d0000 - 0x00007fff1653a000 	C:\WINDOWS\System32\bcryptPrimitives.dll
0x00007fff18db0000 - 0x00007fff18dde000 	C:\WINDOWS\System32\IMM32.DLL
0x000000006cb00000 - 0x000000006cbd2000 	C:\Program Files\Java\jdk1.8.0_60\jre\bin\msvcr100.dll
0x000000006cd40000 - 0x000000006d5c9000 	C:\Program Files\Java\jdk1.8.0_60\jre\bin\server\jvm.dll
0x00007fff186b0000 - 0x00007fff186b8000 	C:\WINDOWS\System32\PSAPI.DLL
0x00007fff0cb70000 - 0x00007fff0cb79000 	C:\WINDOWS\SYSTEM32\WSOCK32.dll
0x00007fff16820000 - 0x00007fff1688a000 	C:\WINDOWS\System32\WS2_32.dll
0x00007fff134d0000 - 0x00007fff134f3000 	C:\WINDOWS\SYSTEM32\WINMM.dll
0x00007fff14260000 - 0x00007fff1426a000 	C:\WINDOWS\SYSTEM32\VERSION.dll
0x00007fff13470000 - 0x00007fff1349b000 	C:\WINDOWS\SYSTEM32\WINMMBASE.dll
0x00007fff15790000 - 0x00007fff157d2000 	C:\WINDOWS\System32\cfgmgr32.dll
0x000000006df20000 - 0x000000006df2f000 	C:\Program Files\Java\jdk1.8.0_60\jre\bin\verify.dll
0x000000006def0000 - 0x000000006df19000 	C:\Program Files\Java\jdk1.8.0_60\jre\bin\java.dll
0x000000006ded0000 - 0x000000006dee6000 	C:\Program Files\Java\jdk1.8.0_60\jre\bin\zip.dll

VM Arguments:
jvm_args: -Djava.awt.headless=true -Xmx1024M -Dfile.encoding=windows-1257 -Duser.country=US -Duser.language=en -Duser.variant 
java_command: com.android.dx.command.Main --dex --num-threads=4 --output C:\Users\user\AndroidStudioProjects\GeoTwitterClient\app\build\intermediates\pre-dexed\debug\debug_aaa703a00be5651d0668194c7f90765f6ebe9094.jar C:\Users\user\AndroidStudioProjects\GeoTwitterClient\app\build\intermediates\classes\debug
java_class_path (initial): C:\Users\user\AppData\Local\Android\sdk\build-tools\23.0.2\lib\dx.jar
Launcher Type: SUN_STANDARD

Environment Variables:
PATH=C:\Program Files (x86)\NVIDIA Corporation\PhysX\Common;C:\Program Files\Java\jdk1.8.0_60\bin;C:\ProgramData\Oracle\Java\javapath;C:\Program Files\Common Files\Microsoft Shared\Windows Live;C:\Program Files (x86)\Common Files\Microsoft Shared\Windows Live;C:\WINDOWS\system32;C:\WINDOWS;C:\WINDOWS\System32\Wbem;C:\WINDOWS\System32\WindowsPowerShell\v1.0\;C:\Program Files\WIDCOMM\Bluetooth Software\;C:\Program Files\WIDCOMM\Bluetooth Software\syswow64;C:\Program Files (x86)\Common Files\Roxio Shared\10.0\DLLShared\;C:\Program Files (x86)\Common Files\Roxio Shared\DLLShared\;C:\Program Files (x86)\Windows Live\Shared;C:\Program Files\Intel\WiFi\bin\;C:\Program Files\Common Files\Intel\WirelessCommon\;C:\Python27;C:\Program Files (x86)\IVI Foundation\VISA\WinNT\Bin;C:\Windows\SysWOW64;C:\WINDOWS\system32\config\systemprofile\.dnx\bin;C:\Program Files\Microsoft DNX\Dnvm\;C:\Program Files\Microsoft SQL Server\130\Tools\Binn\;C:\Program Files (x86)\Windows Kits\10\Windows Performance Toolkit\;C:\Program Files\ Java\jdk1.8.0_60\bin;;%USERPROFILE%\AppData\Local\Microsoft\WindowsApps
USERNAME=user
OS=Windows_NT
PROCESSOR_IDENTIFIER=Intel64 Family 6 Model 37 Stepping 2, GenuineIntel



---------------  S Y S T E M  ---------------

OS: Windows 10.0 , 64 bit Build 14393 (10.0.14393.0)

CPU:total 4 (2 cores per cpu, 2 threads per core) family 6 model 37 stepping 2, cmov, cx8, fxsr, mmx, sse, sse2, sse3, ssse3, sse4.1, sse4.2, popcnt, aes, clmul, ht, tsc, tscinvbit

Memory: 4k page, physical 5953352k(1566764k free), swap 6477640k(6076k free)

vm_info: Java HotSpot(TM) 64-Bit Server VM (25.60-b23) for windows-amd64 JRE (1.8.0_60-b27), built on Aug  4 2015 11:06:27 by "java_re" with MS VC++ 10.0 (VS2010)

time: Mon Dec 05 18:03:11 2016
elapsed time: 0 seconds (0d 0h 0m 0s)

