#
# There is insufficient memory for the Java Runtime Environment to continue.
# Native memory allocation (malloc) failed to allocate 1299552 bytes for Chunk::new
# Possible reasons:
#   The system is out of physical RAM or swap space
#   In 32 bit mode, the process size limit was hit
# Possible solutions:
#   Reduce memory load on the system
#   Increase physical memory or swap space
#   Check if swap backing store is full
#   Use 64 bit Java on a 64 bit OS
#   Decrease Java heap size (-Xmx/-Xms)
#   Decrease number of Java threads
#   Decrease Java thread stack sizes (-Xss)
#   Set larger code cache with -XX:ReservedCodeCacheSize=
# This output file may be truncated or incomplete.
#
#  Out of Memory Error (allocation.cpp:390), pid=5272, tid=10508
#
# JRE version: Java(TM) SE Runtime Environment (8.0_60-b27) (build 1.8.0_60-b27)
# Java VM: Java HotSpot(TM) 64-Bit Server VM (25.60-b23 mixed mode windows-amd64 compressed oops)
# Failed to write core dump. Minidumps are not enabled by default on client versions of Windows
#

---------------  T H R E A D  ---------------

Current thread (0x000000001512d000):  JavaThread "C2 CompilerThread0" daemon [_thread_in_native, id=10508, stack(0x0000000016770000,0x0000000016870000)]

Stack: [0x0000000016770000,0x0000000016870000]
[error occurred during error reporting (printing stack bounds), id 0xc0000005]

Native frames: (J=compiled Java code, j=interpreted, Vv=VM code, C=native code)


Current CompileTask:
C2:   5776 1939   !   4       com.android.dx.cf.code.RopperMachine::run (1550 bytes)


---------------  P R O C E S S  ---------------

Java Threads: ( => current thread )
  0x00000000170c2800 JavaThread "pool-1-thread-4" [_thread_in_Java, id=8560, stack(0x0000000017c70000,0x0000000017d70000)]
  0x00000000170c1800 JavaThread "pool-1-thread-3" [_thread_blocked, id=6312, stack(0x0000000017b70000,0x0000000017c70000)]
  0x00000000170c1000 JavaThread "pool-1-thread-2" [_thread_in_Java, id=7508, stack(0x0000000017a70000,0x0000000017b70000)]
  0x0000000016c3b800 JavaThread "pool-2-thread-1" [_thread_blocked, id=5504, stack(0x0000000017970000,0x0000000017a70000)]
  0x0000000016d55800 JavaThread "pool-1-thread-1" [_thread_blocked, id=9964, stack(0x0000000017870000,0x0000000017970000)]
  0x000000001518c800 JavaThread "Service Thread" daemon [_thread_blocked, id=4668, stack(0x0000000016e70000,0x0000000016f70000)]
  0x0000000016980800 JavaThread "C1 CompilerThread2" daemon [_thread_blocked, id=6308, stack(0x0000000016d70000,0x0000000016e70000)]
  0x0000000015132800 JavaThread "C2 CompilerThread1" daemon [_thread_in_native, id=5796, stack(0x0000000016870000,0x0000000016970000)]
=>0x000000001512d000 JavaThread "C2 CompilerThread0" daemon [_thread_in_native, id=10508, stack(0x0000000016770000,0x0000000016870000)]
  0x000000001512b000 JavaThread "Attach Listener" daemon [_thread_blocked, id=7648, stack(0x0000000016670000,0x0000000016770000)]
  0x000000001512a000 JavaThread "Signal Dispatcher" daemon [_thread_blocked, id=1104, stack(0x0000000016570000,0x0000000016670000)]
  0x0000000002a50800 JavaThread "Finalizer" daemon [_thread_blocked, id=10480, stack(0x0000000016380000,0x0000000016480000)]
  0x0000000002a4d800 JavaThread "Reference Handler" daemon [_thread_blocked, id=2384, stack(0x0000000016280000,0x0000000016380000)]
  0x000000000295d800 JavaThread "main" [_thread_in_Java, id=9548, stack(0x0000000002800000,0x0000000002900000)]

Other Threads:
  0x00000000150f8800 VMThread [stack: 0x0000000016180000,0x0000000016280000] [id=8140]
  0x0000000016993000 WatcherThread [stack: 0x0000000016f70000,0x0000000017070000] [id=6944]

VM state:not at safepoint (normal execution)

VM Mutex/Monitor currently owned by a thread: None

Heap:
 PSYoungGen      total 51712K, used 32291K [0x00000000eab00000, 0x00000000ee100000, 0x0000000100000000)
  eden space 48128K, 59% used [0x00000000eab00000,0x00000000ec710780,0x00000000eda00000)
  from space 3584K, 99% used [0x00000000eda00000,0x00000000edd78608,0x00000000edd80000)
  to   space 3584K, 0% used [0x00000000edd80000,0x00000000edd80000,0x00000000ee100000)
 ParOldGen       total 62976K, used 30913K [0x00000000c0000000, 0x00000000c3d80000, 0x00000000eab00000)
  object space 62976K, 49% used [0x00000000c0000000,0x00000000c1e30590,0x00000000c3d80000)
 Metaspace       used 6504K, capacity 7256K, committed 7424K, reserved 1056768K
  class space    used 623K, capacity 656K, committed 768K, reserved 1048576K

Card table byte_map: [0x0000000011e20000,0x0000000012030000] byte_map_base: 0x0000000011820000

Marking Bits: (ParMarkBitMap*) 0x000000006d54a5b0
 Begin Bits: [0x0000000012590000, 0x0000000013590000)
 End Bits:   [0x0000000013590000, 0x0000000014590000)

Polling page: 0x0000000000f60000

CodeCache: size=245760Kb used=7717Kb max_used=7743Kb free=238042Kb
 bounds [0x0000000002a60000, 0x0000000003200000, 0x0000000011a60000]
 total_blobs=2173 nmethods=1904 adapters=182
 compilation: enabled

Compilation events (10 events):
Event: 4.880 Thread 0x000000001512d000 nmethod 1823 0x00000000031e3a10 code [0x00000000031e3e60, 0x00000000031e7730]
Event: 4.881 Thread 0x000000001512d000 1947       4       com.android.dx.cf.code.RopperMachine::jopToRopOpcode (1103 bytes)
Event: 4.913 Thread 0x000000001512d000 nmethod 1947 0x00000000031ce9d0 code [0x00000000031cf340, 0x00000000031cfc38]
Event: 4.913 Thread 0x000000001512d000 1953   !   4       com.android.dx.cf.code.Simulator::simulate (74 bytes)
Event: 4.919 Thread 0x000000001512d000 nmethod 1953 0x00000000031ca510 code [0x00000000031ca680, 0x00000000031ca838]
Event: 4.919 Thread 0x000000001512d000 1955       4       com.android.dx.cf.code.ByteCatchList::toRopCatchList (57 bytes)
Event: 4.928 Thread 0x000000001512d000 nmethod 1955 0x00000000031e3350 code [0x00000000031e34c0, 0x00000000031e3798]
Event: 4.928 Thread 0x000000001512d000 1939   !   4       com.android.dx.cf.code.RopperMachine::run (1550 bytes)
Event: 4.999 Thread 0x0000000015132800 nmethod 1940 0x00000000031f2f90 code [0x00000000031f3440, 0x00000000031f6ee0]
Event: 5.000 Thread 0x0000000015132800 1914       4       com.android.dx.cf.code.ValueAwareMachine::run (1142 bytes)

GC Heap History (10 events):
Event: 2.088 GC heap before
{Heap before GC invocations=3 (full 0):
 PSYoungGen      total 27648K, used 27623K [0x00000000eab00000, 0x00000000ee100000, 0x0000000100000000)
  eden space 24064K, 100% used [0x00000000eab00000,0x00000000ec280000,0x00000000ec280000)
  from space 3584K, 99% used [0x00000000ec600000,0x00000000ec979c88,0x00000000ec980000)
  to   space 3584K, 0% used [0x00000000ec280000,0x00000000ec280000,0x00000000ec600000)
 ParOldGen       total 62976K, used 2212K [0x00000000c0000000, 0x00000000c3d80000, 0x00000000eab00000)
  object space 62976K, 3% used [0x00000000c0000000,0x00000000c02291f0,0x00000000c3d80000)
 Metaspace       used 6188K, capacity 7088K, committed 7296K, reserved 1056768K
  class space    used 601K, capacity 616K, committed 640K, reserved 1048576K
Event: 2.106 GC heap after
Heap after GC invocations=3 (full 0):
 PSYoungGen      total 27648K, used 3559K [0x00000000eab00000, 0x00000000ee100000, 0x0000000100000000)
  eden space 24064K, 0% used [0x00000000eab00000,0x00000000eab00000,0x00000000ec280000)
  from space 3584K, 99% used [0x00000000ec280000,0x00000000ec5f9c78,0x00000000ec600000)
  to   space 3584K, 0% used [0x00000000edd80000,0x00000000edd80000,0x00000000ee100000)
 ParOldGen       total 62976K, used 6155K [0x00000000c0000000, 0x00000000c3d80000, 0x00000000eab00000)
  object space 62976K, 9% used [0x00000000c0000000,0x00000000c0602fb0,0x00000000c3d80000)
 Metaspace       used 6188K, capacity 7088K, committed 7296K, reserved 1056768K
  class space    used 601K, capacity 616K, committed 640K, reserved 1048576K
}
Event: 2.542 GC heap before
{Heap before GC invocations=4 (full 0):
 PSYoungGen      total 27648K, used 27623K [0x00000000eab00000, 0x00000000ee100000, 0x0000000100000000)
  eden space 24064K, 100% used [0x00000000eab00000,0x00000000ec280000,0x00000000ec280000)
  from space 3584K, 99% used [0x00000000ec280000,0x00000000ec5f9c78,0x00000000ec600000)
  to   space 3584K, 0% used [0x00000000edd80000,0x00000000edd80000,0x00000000ee100000)
 ParOldGen       total 62976K, used 6155K [0x00000000c0000000, 0x00000000c3d80000, 0x00000000eab00000)
  object space 62976K, 9% used [0x00000000c0000000,0x00000000c0602fb0,0x00000000c3d80000)
 Metaspace       used 6273K, capacity 7152K, committed 7296K, reserved 1056768K
  class space    used 601K, capacity 616K, committed 640K, reserved 1048576K
Event: 2.568 GC heap after
Heap after GC invocations=4 (full 0):
 PSYoungGen      total 51712K, used 3552K [0x00000000eab00000, 0x00000000ee100000, 0x0000000100000000)
  eden space 48128K, 0% used [0x00000000eab00000,0x00000000eab00000,0x00000000eda00000)
  from space 3584K, 99% used [0x00000000edd80000,0x00000000ee0f8028,0x00000000ee100000)
  to   space 3584K, 0% used [0x00000000eda00000,0x00000000eda00000,0x00000000edd80000)
 ParOldGen       total 62976K, used 9547K [0x00000000c0000000, 0x00000000c3d80000, 0x00000000eab00000)
  object space 62976K, 15% used [0x00000000c0000000,0x00000000c0952cf0,0x00000000c3d80000)
 Metaspace       used 6273K, capacity 7152K, committed 7296K, reserved 1056768K
  class space    used 601K, capacity 616K, committed 640K, reserved 1048576K
}
Event: 3.053 GC heap before
{Heap before GC invocations=5 (full 0):
 PSYoungGen      total 51712K, used 51680K [0x00000000eab00000, 0x00000000ee100000, 0x0000000100000000)
  eden space 48128K, 100% used [0x00000000eab00000,0x00000000eda00000,0x00000000eda00000)
  from space 3584K, 99% used [0x00000000edd80000,0x00000000ee0f8028,0x00000000ee100000)
  to   space 3584K, 0% used [0x00000000eda00000,0x00000000eda00000,0x00000000edd80000)
 ParOldGen       total 62976K, used 9547K [0x00000000c0000000, 0x00000000c3d80000, 0x00000000eab00000)
  object space 62976K, 15% used [0x00000000c0000000,0x00000000c0952cf0,0x00000000c3d80000)
 Metaspace       used 6397K, capacity 7192K, committed 7424K, reserved 1056768K
  class space    used 623K, capacity 656K, committed 768K, reserved 1048576K
Event: 3.146 GC heap after
Heap after GC invocations=5 (full 0):
 PSYoungGen      total 51712K, used 3552K [0x00000000eab00000, 0x00000000ee100000, 0x0000000100000000)
  eden space 48128K, 0% used [0x00000000eab00000,0x00000000eab00000,0x00000000eda00000)
  from space 3584K, 99% used [0x00000000eda00000,0x00000000edd78028,0x00000000edd80000)
  to   space 3584K, 0% used [0x00000000edd80000,0x00000000edd80000,0x00000000ee100000)
 ParOldGen       total 62976K, used 16977K [0x00000000c0000000, 0x00000000c3d80000, 0x00000000eab00000)
  object space 62976K, 26% used [0x00000000c0000000,0x00000000c1094520,0x00000000c3d80000)
 Metaspace       used 6397K, capacity 7192K, committed 7424K, reserved 1056768K
  class space    used 623K, capacity 656K, committed 768K, reserved 1048576K
}
Event: 3.889 GC heap before
{Heap before GC invocations=6 (full 0):
 PSYoungGen      total 51712K, used 51680K [0x00000000eab00000, 0x00000000ee100000, 0x0000000100000000)
  eden space 48128K, 100% used [0x00000000eab00000,0x00000000eda00000,0x00000000eda00000)
  from space 3584K, 99% used [0x00000000eda00000,0x00000000edd78028,0x00000000edd80000)
  to   space 3584K, 0% used [0x00000000edd80000,0x00000000edd80000,0x00000000ee100000)
 ParOldGen       total 62976K, used 16977K [0x00000000c0000000, 0x00000000c3d80000, 0x00000000eab00000)
  object space 62976K, 26% used [0x00000000c0000000,0x00000000c1094520,0x00000000c3d80000)
 Metaspace       used 6460K, capacity 7192K, committed 7424K, reserved 1056768K
  class space    used 623K, capacity 656K, committed 768K, reserved 1048576K
Event: 3.950 GC heap after
Heap after GC invocations=6 (full 0):
 PSYoungGen      total 51712K, used 3552K [0x00000000eab00000, 0x00000000ee100000, 0x0000000100000000)
  eden space 48128K, 0% used [0x00000000eab00000,0x00000000eab00000,0x00000000eda00000)
  from space 3584K, 99% used [0x00000000edd80000,0x00000000ee0f8028,0x00000000ee100000)
  to   space 3584K, 0% used [0x00000000eda00000,0x00000000eda00000,0x00000000edd80000)
 ParOldGen       total 62976K, used 23651K [0x00000000c0000000, 0x00000000c3d80000, 0x00000000eab00000)
  object space 62976K, 37% used [0x00000000c0000000,0x00000000c1718f78,0x00000000c3d80000)
 Metaspace       used 6460K, capacity 7192K, committed 7424K, reserved 1056768K
  class space    used 623K, capacity 656K, committed 768K, reserved 1048576K
}
Event: 4.303 GC heap before
{Heap before GC invocations=7 (full 0):
 PSYoungGen      total 51712K, used 51680K [0x00000000eab00000, 0x00000000ee100000, 0x0000000100000000)
  eden space 48128K, 100% used [0x00000000eab00000,0x00000000eda00000,0x00000000eda00000)
  from space 3584K, 99% used [0x00000000edd80000,0x00000000ee0f8028,0x00000000ee100000)
  to   space 3584K, 0% used [0x00000000eda00000,0x00000000eda00000,0x00000000edd80000)
 ParOldGen       total 62976K, used 23651K [0x00000000c0000000, 0x00000000c3d80000, 0x00000000eab00000)
  object space 62976K, 37% used [0x00000000c0000000,0x00000000c1718f78,0x00000000c3d80000)
 Metaspace       used 6482K, capacity 7256K, committed 7424K, reserved 1056768K
  class space    used 623K, capacity 656K, committed 768K, reserved 1048576K
Event: 4.354 GC heap after
Heap after GC invocations=7 (full 0):
 PSYoungGen      total 51712K, used 3553K [0x00000000eab00000, 0x00000000ee100000, 0x0000000100000000)
  eden space 48128K, 0% used [0x00000000eab00000,0x00000000eab00000,0x00000000eda00000)
  from space 3584K, 99% used [0x00000000eda00000,0x00000000edd78608,0x00000000edd80000)
  to   space 3584K, 0% used [0x00000000edd80000,0x00000000edd80000,0x00000000ee100000)
 ParOldGen       total 62976K, used 30913K [0x00000000c0000000, 0x00000000c3d80000, 0x00000000eab00000)
  object space 62976K, 49% used [0x00000000c0000000,0x00000000c1e30590,0x00000000c3d80000)
 Metaspace       used 6482K, capacity 7256K, committed 7424K, reserved 1056768K
  class space    used 623K, capacity 656K, committed 768K, reserved 1048576K
}

Deoptimization events (10 events):
Event: 3.023 Thread 0x00000000170c1000 Uncommon trap: reason=class_check action=maybe_recompile pc=0x0000000003088ac0 method=java.util.HashMap.putVal(ILjava/lang/Object;Ljava/lang/Object;ZZ)Ljava/lang/Object; @ 203
Event: 3.023 Thread 0x00000000170c1000 Uncommon trap: reason=class_check action=maybe_recompile pc=0x0000000003088ac0 method=java.util.HashMap.putVal(ILjava/lang/Object;Ljava/lang/Object;ZZ)Ljava/lang/Object; @ 203
Event: 3.263 Thread 0x00000000170c2800 Uncommon trap: reason=class_check action=maybe_recompile pc=0x000000000303da48 method=com.android.dx.ssa.SCCP.simulateBranch(Lcom/android/dx/ssa/SsaInsn;)V @ 145
Event: 3.273 Thread 0x00000000170c2800 Uncommon trap: reason=class_check action=maybe_recompile pc=0x000000000303da48 method=com.android.dx.ssa.SCCP.simulateBranch(Lcom/android/dx/ssa/SsaInsn;)V @ 145
Event: 3.377 Thread 0x0000000016d55800 Uncommon trap: reason=unstable_if action=reinterpret pc=0x00000000030f9b6c method=com.android.dx.ssa.LiteralOpUpgrader$1.visitNonMoveInsn(Lcom/android/dx/ssa/NormalSsaInsn;)V @ 91
Event: 3.587 Thread 0x00000000170c1000 Uncommon trap: reason=bimorphic action=maybe_recompile pc=0x0000000003135d64 method=com.android.dx.ssa.SCCP.simulatePhi(Lcom/android/dx/ssa/PhiInsn;)V @ 124
Event: 3.587 Thread 0x00000000170c1000 Uncommon trap: reason=bimorphic action=maybe_recompile pc=0x0000000003135d64 method=com.android.dx.ssa.SCCP.simulatePhi(Lcom/android/dx/ssa/PhiInsn;)V @ 124
Event: 3.587 Thread 0x00000000170c1000 Uncommon trap: reason=bimorphic action=maybe_recompile pc=0x0000000003135d64 method=com.android.dx.ssa.SCCP.simulatePhi(Lcom/android/dx/ssa/PhiInsn;)V @ 124
Event: 3.587 Thread 0x00000000170c1000 Uncommon trap: reason=bimorphic action=maybe_recompile pc=0x0000000003135d64 method=com.android.dx.ssa.SCCP.simulatePhi(Lcom/android/dx/ssa/PhiInsn;)V @ 124
Event: 4.097 Thread 0x00000000170c2800 Uncommon trap: reason=class_check action=maybe_recompile pc=0x000000000303da48 method=com.android.dx.ssa.SCCP.simulateBranch(Lcom/android/dx/ssa/SsaInsn;)V @ 145

Internal exceptions (6 events):
Event: 0.124 Thread 0x000000000295d800 Exception <a 'java/lang/NoSuchMethodError': Method sun.misc.Unsafe.defineClass(Ljava/lang/String;[BII)Ljava/lang/Class; name or signature does not match> (0x00000000eab13088) thrown at [C:\re\workspace\8-2-build-windows-amd64-cygwin\jdk8u60\4407\hotspot\srûM;Ãã¿?
Event: 0.125 Thread 0x000000000295d800 Exception <a 'java/lang/NoSuchMethodError': Method sun.misc.Unsafe.prefetchRead(Ljava/lang/Object;J)V name or signature does not match> (0x00000000eab13370) thrown at [C:\re\workspace\8-2-build-windows-amd64-cygwin\jdk8u60\4407\hotspot\src\share\vm\prims\jÚÚ²ñ9‡ó?
Event: 1.221 Thread 0x000000000295d800 Implicit null exception at 0x0000000002d01ee2 to 0x0000000002d01fd2
Event: 2.911 Thread 0x00000000170c1000 Exception <a 'java/lang/ArrayIndexOutOfBoundsException': 18> (0x00000000ece96f38) thrown at [C:\re\workspace\8-2-build-windows-amd64-cygwin\jdk8u60\4407\hotspot\src\share\vm\interpreter\interpreterRuntime.cpp, line 366]
Event: 2.912 Thread 0x00000000170c1000 Exception <a 'java/lang/ArrayIndexOutOfBoundsException'> (0x00000000ece98ab8) thrown at [C:\re\workspace\8-2-build-windows-amd64-cygwin\jdk8u60\4407\hotspot\src\share\vm\runtime\sharedRuntime.cpp, line 605]
Event: 2.913 Thread 0x00000000170c1000 Exception <a 'java/lang/ArrayIndexOutOfBoundsException'> (0x00000000ece99da0) thrown at [C:\re\workspace\8-2-build-windows-amd64-cygwin\jdk8u60\4407\hotspot\src\share\vm\runtime\sharedRuntime.cpp, line 605]

Events (10 events):
Event: 4.097 Thread 0x00000000170c2800 DEOPT PACKING pc=0x000000000303da48 sp=0x0000000017d6e720
Event: 4.097 Thread 0x00000000170c2800 DEOPT UNPACKING pc=0x0000000002aa582a sp=0x0000000017d6e708 mode 2
Event: 4.190 Thread 0x000000000295d800 DEOPT PACKING pc=0x00000000030ab092 sp=0x00000000028fead0
Event: 4.190 Thread 0x000000000295d800 DEOPT UNPACKING pc=0x0000000002aa747f sp=0x00000000028fe8e0 mode 0
Event: 4.268 Thread 0x0000000016d55800 DEOPT PACKING pc=0x0000000003092be3 sp=0x000000001796eb70
Event: 4.268 Thread 0x0000000016d55800 DEOPT UNPACKING pc=0x0000000002aa747f sp=0x000000001796e950 mode 0
Event: 4.303 Executing VM operation: ParallelGCFailedAllocation
Event: 4.354 Executing VM operation: ParallelGCFailedAllocation done
Event: 4.409 Executing VM operation: EnableBiasedLocking
Event: 4.409 Executing VM operation: EnableBiasedLocking done


Dynamic libraries:
0x00007ff6e8f20000 - 0x00007ff6e8f57000 	C:\Program Files\Java\jdk1.8.0_60\bin\java.exe
0x00007fff19130000 - 0x00007fff19301000 	C:\WINDOWS\SYSTEM32\ntdll.dll
0x00007fff16a30000 - 0x00007fff16adb000 	C:\WINDOWS\System32\KERNEL32.DLL
0x00007fff16030000 - 0x00007fff1624d000 	C:\WINDOWS\System32\KERNELBASE.dll
0x00007fff18c60000 - 0x00007fff18d02000 	C:\WINDOWS\System32\ADVAPI32.dll
0x00007fff18d10000 - 0x00007fff18dae000 	C:\WINDOWS\System32\msvcrt.dll
0x00007fff18f10000 - 0x00007fff18f69000 	C:\WINDOWS\System32\sechost.dll
0x00007fff18de0000 - 0x00007fff18f01000 	C:\WINDOWS\System32\RPCRT4.dll
0x00007fff18f70000 - 0x00007fff190d5000 	C:\WINDOWS\System32\USER32.dll
0x00007fff15f70000 - 0x00007fff15f8e000 	C:\WINDOWS\System32\win32u.dll
0x00007fff167e0000 - 0x00007fff16814000 	C:\WINDOWS\System32\GDI32.dll
0x00007fff15600000 - 0x00007fff15782000 	C:\WINDOWS\System32\gdi32full.dll
0x00007fff14460000 - 0x00007fff146d9000 	C:\WINDOWS\WinSxS\amd64_microsoft.windows.common-controls_6595b64144ccf1df_6.0.14393.447_none_42191651c6827bb3\COMCTL32.dll
0x00007fff18830000 - 0x00007fff18af7000 	C:\WINDOWS\System32\combase.dll
0x00007fff165a0000 - 0x00007fff16695000 	C:\WINDOWS\System32\ucrtbase.dll
0x00007fff164d0000 - 0x00007fff1653a000 	C:\WINDOWS\System32\bcryptPrimitives.dll
0x00007fff18db0000 - 0x00007fff18dde000 	C:\WINDOWS\System32\IMM32.DLL
0x000000006cb00000 - 0x000000006cbd2000 	C:\Program Files\Java\jdk1.8.0_60\jre\bin\msvcr100.dll
0x000000006cd40000 - 0x000000006d5c9000 	C:\Program Files\Java\jdk1.8.0_60\jre\bin\server\jvm.dll
0x00007fff186b0000 - 0x00007fff186b8000 	C:\WINDOWS\System32\PSAPI.DLL
0x00007fff0cb70000 - 0x00007fff0cb79000 	C:\WINDOWS\SYSTEM32\WSOCK32.dll
0x00007fff16820000 - 0x00007fff1688a000 	C:\WINDOWS\System32\WS2_32.dll
0x00007fff134d0000 - 0x00007fff134f3000 	C:\WINDOWS\SYSTEM32\WINMM.dll
0x00007fff14260000 - 0x00007fff1426a000 	C:\WINDOWS\SYSTEM32\VERSION.dll
0x00007fff13470000 - 0x00007fff1349b000 	C:\WINDOWS\SYSTEM32\WINMMBASE.dll
0x00007fff15790000 - 0x00007fff157d2000 	C:\WINDOWS\System32\cfgmgr32.dll
0x000000006df20000 - 0x000000006df2f000 	C:\Program Files\Java\jdk1.8.0_60\jre\bin\verify.dll
0x000000006def0000 - 0x000000006df19000 	C:\Program Files\Java\jdk1.8.0_60\jre\bin\java.dll
0x000000006ded0000 - 0x000000006dee6000 	C:\Program Files\Java\jdk1.8.0_60\jre\bin\zip.dll
0x00007fff171a0000 - 0x00007fff186a9000 	C:\WINDOWS\System32\SHELL32.dll
0x00007fff15890000 - 0x00007fff15f6a000 	C:\WINDOWS\System32\windows.storage.dll
0x00007fff155a0000 - 0x00007fff155ec000 	C:\WINDOWS\System32\powrprof.dll
0x00007fff16ae0000 - 0x00007fff16b32000 	C:\WINDOWS\System32\shlwapi.dll
0x00007fff155f0000 - 0x00007fff155ff000 	C:\WINDOWS\System32\kernel.appcore.dll
0x00007fff16250000 - 0x00007fff162f9000 	C:\WINDOWS\System32\shcore.dll
0x00007fff15570000 - 0x00007fff15584000 	C:\WINDOWS\System32\profapi.dll

VM Arguments:
jvm_args: -Djava.awt.headless=true -Xmx1024M -Dfile.encoding=windows-1257 -Duser.country=US -Duser.language=en -Duser.variant 
java_command: com.android.dx.command.Main --dex --num-threads=4 --output C:\Users\user\AndroidStudioProjects\GeoTwitterClient\app\build\intermediates\pre-dexed\debug\com.google.android.gms-play-services-ads-8.4.0_40fc84ac8336692f5dff788b4e8d05f85b452402.jar C:\Users\user\AndroidStudioProjects\GeoTwitterClient\app\build\intermediates\exploded-aar\com.google.android.gms\play-services-ads\8.4.0\jars\classes.jar
java_class_path (initial): C:\Users\user\AppData\Local\Android\sdk\build-tools\23.0.2\lib\dx.jar
Launcher Type: SUN_STANDARD

Environment Variables:
PATH=C:\Program Files (x86)\NVIDIA Corporation\PhysX\Common;C:\Program Files\Java\jdk1.8.0_60\bin;C:\ProgramData\Oracle\Java\javapath;C:\Program Files\Common Files\Microsoft Shared\Windows Live;C:\Program Files (x86)\Common Files\Microsoft Shared\Windows Live;C:\WINDOWS\system32;C:\WINDOWS;C:\WINDOWS\System32\Wbem;C:\WINDOWS\System32\WindowsPowerShell\v1.0\;C:\Program Files\WIDCOMM\Bluetooth Software\;C:\Program Files\WIDCOMM\Bluetooth Software\syswow64;C:\Program Files (x86)\Common Files\Roxio Shared\10.0\DLLShared\;C:\Program Files (x86)\Common Files\Roxio Shared\DLLShared\;C:\Program Files (x86)\Windows Live\Shared;C:\Program Files\Intel\WiFi\bin\;C:\Program Files\Common Files\Intel\WirelessCommon\;C:\Python27;C:\Program Files (x86)\IVI Foundation\VISA\WinNT\Bin;C:\Windows\SysWOW64;C:\WINDOWS\system32\config\systemprofile\.dnx\bin;C:\Program Files\Microsoft DNX\Dnvm\;C:\Program Files\Microsoft SQL Server\130\Tools\Binn\;C:\Program Files (x86)\Windows Kits\10\Windows Performance Toolkit\;C:\Program Files\ Java\jdk1.8.0_60\bin;;%USERPROFILE%\AppData\Local\Microsoft\WindowsApps
USERNAME=user
OS=Windows_NT
PROCESSOR_IDENTIFIER=Intel64 Family 6 Model 37 Stepping 2, GenuineIntel



---------------  S Y S T E M  ---------------

OS: Windows 10.0 , 64 bit Build 14393 (10.0.14393.0)

CPU:total 4 (2 cores per cpu, 2 threads per core) family 6 model 37 stepping 2, cmov, cx8, fxsr, mmx, sse, sse2, sse3, ssse3, sse4.1, sse4.2, popcnt, aes, clmul, ht, tsc, tscinvbit

Memory: 4k page, physical 5953352k(1481064k free), swap 6477640k(6068k free)

vm_info: Java HotSpot(TM) 64-Bit Server VM (25.60-b23) for windows-amd64 JRE (1.8.0_60-b27), built on Aug  4 2015 11:06:27 by "java_re" with MS VC++ 10.0 (VS2010)

time: Mon Dec 05 18:03:02 2016
elapsed time: 5 seconds (0d 0h 0m 5s)

