#
# There is insufficient memory for the Java Runtime Environment to continue.
# Native memory allocation (malloc) failed to allocate 1048576 bytes for AllocateHeap
# Possible reasons:
#   The system is out of physical RAM or swap space
#   In 32 bit mode, the process size limit was hit
# Possible solutions:
#   Reduce memory load on the system
#   Increase physical memory or swap space
#   Check if swap backing store is full
#   Use 64 bit Java on a 64 bit OS
#   Decrease Java heap size (-Xmx/-Xms)
#   Decrease number of Java threads
#   Decrease Java thread stack sizes (-Xss)
#   Set larger code cache with -XX:ReservedCodeCacheSize=
# This output file may be truncated or incomplete.
#
#  Out of Memory Error (memory/allocation.inline.hpp:61), pid=7016, tid=7260
#
# JRE version:  (8.0_60-b27) (build )
# Java VM: Java HotSpot(TM) 64-Bit Server VM (25.60-b23 mixed mode windows-amd64 compressed oops)
# Failed to write core dump. Minidumps are not enabled by default on client versions of Windows
#

---------------  T H R E A D  ---------------

Current thread (0x0000000000e8d800):  JavaThread "Unknown thread" [_thread_in_vm, id=7260, stack(0x00000000029e0000,0x0000000002ae0000)]

Stack: [0x00000000029e0000,0x0000000002ae0000]
[error occurred during error reporting (printing stack bounds), id 0xc0000005]

Native frames: (J=compiled Java code, j=interpreted, Vv=VM code, C=native code)


---------------  P R O C E S S  ---------------

Java Threads: ( => current thread )

Other Threads:

=>0x0000000000e8d800 (exited) JavaThread "Unknown thread" [_thread_in_vm, id=7260, stack(0x00000000029e0000,0x0000000002ae0000)]

VM state:not at safepoint (normal execution)

VM Mutex/Monitor currently owned by a thread: None

Heap:
 PSYoungGen      total 27648K, used 481K [0x00000000eab00000, 0x00000000ec980000, 0x0000000100000000)
  eden space 24064K, 2% used [0x00000000eab00000,0x00000000eab78528,0x00000000ec280000)
  from space 3584K, 0% used [0x00000000ec600000,0x00000000ec600000,0x00000000ec980000)
  to   space 3584K, 0% used [0x00000000ec280000,0x00000000ec280000,0x00000000ec600000)
 ParOldGen       total 62976K, used 0K [0x00000000c0000000, 0x00000000c3d80000, 0x00000000eab00000)
  object space 62976K, 0% used [0x00000000c0000000,0x00000000c0000000,0x00000000c3d80000)
 Metaspace       used 767K, capacity 4480K, committed 4480K, reserved 1056768K
  class space    used 75K, capacity 384K, committed 384K, reserved 1048576K

Card table byte_map: [0x0000000011fa0000,0x00000000121b0000] byte_map_base: 0x00000000119a0000

Marking Bits: (ParMarkBitMap*) 0x000000005a70a5b0
 Begin Bits: [0x0000000012710000, 0x0000000013710000)
 End Bits:   [0x0000000013710000, 0x0000000014710000)

Polling page: 0x00000000009f0000

CodeCache: size=245760Kb used=327Kb max_used=327Kb free=245432Kb
 bounds [0x0000000002be0000, 0x0000000002e50000, 0x0000000011be0000]
 total_blobs=56 nmethods=0 adapters=37
 compilation: enabled

Compilation events (0 events):
No events

GC Heap History (0 events):
No events

Deoptimization events (0 events):
No events

Internal exceptions (0 events):
No events

Events (10 events):
Event: 0.099 loading class java/lang/Short
Event: 0.099 loading class java/lang/Short done
Event: 0.099 loading class java/lang/Integer
Event: 0.099 loading class java/lang/Integer done
Event: 0.099 loading class java/lang/Long
Event: 0.100 loading class java/lang/Long done
Event: 0.101 loading class java/lang/NullPointerException
Event: 0.101 loading class java/lang/NullPointerException done
Event: 0.101 loading class java/lang/ArithmeticException
Event: 0.101 loading class java/lang/ArithmeticException done


Dynamic libraries:
0x00007ff607f10000 - 0x00007ff607f47000 	C:\Program Files\Java\jdk1.8.0_60\bin\java.exe
0x00007ffe13380000 - 0x00007ffe13551000 	C:\WINDOWS\SYSTEM32\ntdll.dll
0x00007ffe112b0000 - 0x00007ffe1135b000 	C:\WINDOWS\System32\KERNEL32.DLL
0x00007ffe10490000 - 0x00007ffe106ad000 	C:\WINDOWS\System32\KERNELBASE.dll
0x00007ffe113b0000 - 0x00007ffe11452000 	C:\WINDOWS\System32\ADVAPI32.dll
0x00007ffe10a90000 - 0x00007ffe10b2e000 	C:\WINDOWS\System32\msvcrt.dll
0x00007ffe11590000 - 0x00007ffe115e9000 	C:\WINDOWS\System32\sechost.dll
0x00007ffe10b30000 - 0x00007ffe10c51000 	C:\WINDOWS\System32\RPCRT4.dll
0x00007ffe12ba0000 - 0x00007ffe12d05000 	C:\WINDOWS\System32\USER32.dll
0x00007ffe0f850000 - 0x00007ffe0f86e000 	C:\WINDOWS\System32\win32u.dll
0x00007ffe11370000 - 0x00007ffe113a4000 	C:\WINDOWS\System32\GDI32.dll
0x00007ffe10760000 - 0x00007ffe108e2000 	C:\WINDOWS\System32\gdi32full.dll
0x00007ffe0e6b0000 - 0x00007ffe0e929000 	C:\WINDOWS\WinSxS\amd64_microsoft.windows.common-controls_6595b64144ccf1df_6.0.14393.447_none_42191651c6827bb3\COMCTL32.dll
0x00007ffe10da0000 - 0x00007ffe11067000 	C:\WINDOWS\System32\combase.dll
0x00007ffe0f8c0000 - 0x00007ffe0f9b5000 	C:\WINDOWS\System32\ucrtbase.dll
0x00007ffe101a0000 - 0x00007ffe1020a000 	C:\WINDOWS\System32\bcryptPrimitives.dll
0x00007ffe12b70000 - 0x00007ffe12b9e000 	C:\WINDOWS\System32\IMM32.DLL
0x0000000059a80000 - 0x0000000059b52000 	C:\Program Files\Java\jdk1.8.0_60\jre\bin\msvcr100.dll
0x0000000059f00000 - 0x000000005a789000 	C:\Program Files\Java\jdk1.8.0_60\jre\bin\server\jvm.dll
0x00007ffe11360000 - 0x00007ffe11368000 	C:\WINDOWS\System32\PSAPI.DLL
0x00007ffe052a0000 - 0x00007ffe052a9000 	C:\WINDOWS\SYSTEM32\WSOCK32.dll
0x00007ffe10a20000 - 0x00007ffe10a8a000 	C:\WINDOWS\System32\WS2_32.dll
0x00007ffe0d6f0000 - 0x00007ffe0d713000 	C:\WINDOWS\SYSTEM32\WINMM.dll
0x00007ffe0e4b0000 - 0x00007ffe0e4ba000 	C:\WINDOWS\SYSTEM32\VERSION.dll
0x00007ffe0d690000 - 0x00007ffe0d6bb000 	C:\WINDOWS\SYSTEM32\WINMMBASE.dll
0x00007ffe0f870000 - 0x00007ffe0f8b2000 	C:\WINDOWS\System32\cfgmgr32.dll
0x000000005b5c0000 - 0x000000005b5cf000 	C:\Program Files\Java\jdk1.8.0_60\jre\bin\verify.dll
0x000000005b590000 - 0x000000005b5b9000 	C:\Program Files\Java\jdk1.8.0_60\jre\bin\java.dll
0x000000005b570000 - 0x000000005b586000 	C:\Program Files\Java\jdk1.8.0_60\jre\bin\zip.dll

VM Arguments:
jvm_args: -Djava.awt.headless=true -Xmx1024M -Dfile.encoding=windows-1257 -Duser.country=US -Duser.language=en -Duser.variant 
java_command: com.android.dx.command.Main --dex --num-threads=4 --output C:\Users\user\AndroidStudioProjects\GeoTwitterClient\app\build\intermediates\pre-dexed\debug\com.google.android.gms-play-services-base-8.4.0_732830fba41d17c9b2a31ae040338b324c447508.jar C:\Users\user\AndroidStudioProjects\GeoTwitterClient\app\build\intermediates\exploded-aar\com.google.android.gms\play-services-base\8.4.0\jars\classes.jar
java_class_path (initial): C:\Users\user\AppData\Local\Android\sdk\build-tools\23.0.2\lib\dx.jar
Launcher Type: SUN_STANDARD

Environment Variables:
PATH=C:\Program Files (x86)\NVIDIA Corporation\PhysX\Common;C:\Program Files\Java\jdk1.8.0_60\bin;C:\ProgramData\Oracle\Java\javapath;C:\Program Files\Common Files\Microsoft Shared\Windows Live;C:\Program Files (x86)\Common Files\Microsoft Shared\Windows Live;C:\WINDOWS\system32;C:\WINDOWS;C:\WINDOWS\System32\Wbem;C:\WINDOWS\System32\WindowsPowerShell\v1.0\;C:\Program Files\WIDCOMM\Bluetooth Software\;C:\Program Files\WIDCOMM\Bluetooth Software\syswow64;C:\Program Files (x86)\Common Files\Roxio Shared\10.0\DLLShared\;C:\Program Files (x86)\Common Files\Roxio Shared\DLLShared\;C:\Program Files (x86)\Windows Live\Shared;C:\Program Files\Intel\WiFi\bin\;C:\Program Files\Common Files\Intel\WirelessCommon\;C:\Python27;C:\Program Files (x86)\IVI Foundation\VISA\WinNT\Bin;C:\Windows\SysWOW64;C:\WINDOWS\system32\config\systemprofile\.dnx\bin;C:\Program Files\Microsoft DNX\Dnvm\;C:\Program Files\Microsoft SQL Server\130\Tools\Binn\;C:\Program Files (x86)\Windows Kits\10\Windows Performance Toolkit\;C:\Program Files\ Java\jdk1.8.0_60\bin;;%USERPROFILE%\AppData\Local\Microsoft\WindowsApps
USERNAME=user
OS=Windows_NT
PROCESSOR_IDENTIFIER=Intel64 Family 6 Model 37 Stepping 2, GenuineIntel



---------------  S Y S T E M  ---------------

OS: Windows 10.0 , 64 bit Build 14393 (10.0.14393.0)

CPU:total 4 (2 cores per cpu, 2 threads per core) family 6 model 37 stepping 2, cmov, cx8, fxsr, mmx, sse, sse2, sse3, ssse3, sse4.1, sse4.2, popcnt, aes, clmul, ht, tsc, tscinvbit

Memory: 4k page, physical 5953352k(1439364k free), swap 6477640k(5548k free)

vm_info: Java HotSpot(TM) 64-Bit Server VM (25.60-b23) for windows-amd64 JRE (1.8.0_60-b27), built on Aug  4 2015 11:06:27 by "java_re" with MS VC++ 10.0 (VS2010)

time: Thu Dec 08 19:20:55 2016
elapsed time: 0 seconds (0d 0h 0m 0s)

