#
# There is insufficient memory for the Java Runtime Environment to continue.
# Native memory allocation (malloc) failed to allocate 751776 bytes for Chunk::new
# Possible reasons:
#   The system is out of physical RAM or swap space
#   In 32 bit mode, the process size limit was hit
# Possible solutions:
#   Reduce memory load on the system
#   Increase physical memory or swap space
#   Check if swap backing store is full
#   Use 64 bit Java on a 64 bit OS
#   Decrease Java heap size (-Xmx/-Xms)
#   Decrease number of Java threads
#   Decrease Java thread stack sizes (-Xss)
#   Set larger code cache with -XX:ReservedCodeCacheSize=
# This output file may be truncated or incomplete.
#
#  Out of Memory Error (allocation.cpp:390), pid=7304, tid=8628
#
# JRE version: Java(TM) SE Runtime Environment (8.0_60-b27) (build 1.8.0_60-b27)
# Java VM: Java HotSpot(TM) 64-Bit Server VM (25.60-b23 mixed mode windows-amd64 compressed oops)
# Failed to write core dump. Minidumps are not enabled by default on client versions of Windows
#

---------------  T H R E A D  ---------------

Current thread (0x0000000015083800):  JavaThread "C2 CompilerThread1" daemon [_thread_in_native, id=8628, stack(0x00000000167c0000,0x00000000168c0000)]

Stack: [0x00000000167c0000,0x00000000168c0000]
[error occurred during error reporting (printing stack bounds), id 0xc0000005]

Native frames: (J=compiled Java code, j=interpreted, Vv=VM code, C=native code)


Current CompileTask:
C2:  42801 2268 %     4       com.android.dx.ssa.ConstCollector::updateConstUses @ 20 (248 bytes)


---------------  P R O C E S S  ---------------

Java Threads: ( => current thread )
  0x0000000016ff8800 JavaThread "pool-1-thread-4" [_thread_in_Java, id=6140, stack(0x0000000018b90000,0x0000000018c90000)]
  0x0000000016dbe000 JavaThread "pool-1-thread-3" [_thread_blocked, id=3756, stack(0x0000000018a90000,0x0000000018b90000)]
  0x0000000016d1a800 JavaThread "pool-1-thread-2" [_thread_blocked, id=9304, stack(0x0000000018990000,0x0000000018a90000)]
  0x0000000016dbd800 JavaThread "pool-2-thread-1" [_thread_blocked, id=10168, stack(0x0000000018890000,0x0000000018990000)]
  0x0000000016c26000 JavaThread "pool-1-thread-1" [_thread_blocked, id=200, stack(0x0000000018790000,0x0000000018890000)]
  0x00000000169c6800 JavaThread "Service Thread" daemon [_thread_blocked, id=6448, stack(0x0000000016dc0000,0x0000000016ec0000)]
  0x00000000150dc000 JavaThread "C1 CompilerThread2" daemon [_thread_blocked, id=7472, stack(0x00000000168c0000,0x00000000169c0000)]
=>0x0000000015083800 JavaThread "C2 CompilerThread1" daemon [_thread_in_native, id=8628, stack(0x00000000167c0000,0x00000000168c0000)]
  0x000000001507e000 JavaThread "C2 CompilerThread0" daemon [_thread_in_native, id=10156, stack(0x00000000166c0000,0x00000000167c0000)]
  0x000000001507c000 JavaThread "Attach Listener" daemon [_thread_blocked, id=8300, stack(0x00000000165c0000,0x00000000166c0000)]
  0x000000001507b000 JavaThread "Signal Dispatcher" daemon [_thread_blocked, id=9712, stack(0x00000000164c0000,0x00000000165c0000)]
  0x00000000029a0800 JavaThread "Finalizer" daemon [_thread_blocked, id=4032, stack(0x00000000162d0000,0x00000000163d0000)]
  0x0000000015049000 JavaThread "Reference Handler" daemon [_thread_blocked, id=2316, stack(0x00000000161d0000,0x00000000162d0000)]
  0x00000000027ad800 JavaThread "main" [_thread_in_Java, id=4128, stack(0x00000000027b0000,0x00000000028b0000)]

Other Threads:
  0x0000000015047800 VMThread [stack: 0x00000000160d0000,0x00000000161d0000] [id=7892]
  0x00000000169db800 WatcherThread [stack: 0x0000000016ec0000,0x0000000016fc0000] [id=4912]

VM state:not at safepoint (normal execution)

VM Mutex/Monitor currently owned by a thread: None

Heap:
 PSYoungGen      total 110592K, used 94154K [0x00000000eab00000, 0x00000000f9100000, 0x0000000100000000)
  eden space 92672K, 86% used [0x00000000eab00000,0x00000000ef9854e8,0x00000000f0580000)
  from space 17920K, 76% used [0x00000000f0580000,0x00000000f12ed658,0x00000000f1700000)
  to   space 43520K, 0% used [0x00000000f6680000,0x00000000f6680000,0x00000000f9100000)
 ParOldGen       total 150016K, used 76995K [0x00000000c0000000, 0x00000000c9280000, 0x00000000eab00000)
  object space 150016K, 51% used [0x00000000c0000000,0x00000000c4b30d68,0x00000000c9280000)
 Metaspace       used 6535K, capacity 7256K, committed 7424K, reserved 1056768K
  class space    used 624K, capacity 656K, committed 768K, reserved 1048576K

Card table byte_map: [0x0000000011d70000,0x0000000011f80000] byte_map_base: 0x0000000011770000

Marking Bits: (ParMarkBitMap*) 0x000000005a30a5b0
 Begin Bits: [0x00000000124e0000, 0x00000000134e0000)
 End Bits:   [0x00000000134e0000, 0x00000000144e0000)

Polling page: 0x0000000000c70000

CodeCache: size=245760Kb used=10363Kb max_used=10425Kb free=235396Kb
 bounds [0x00000000029b0000, 0x00000000033f0000, 0x00000000119b0000]
 total_blobs=2331 nmethods=2062 adapters=182
 compilation: enabled

Compilation events (10 events):
Event: 42.120 Thread 0x0000000015083800 2263 %     4       com.android.dx.ssa.DomFront::run @ 170 (264 bytes)
Event: 42.142 Thread 0x00000000150dc000 2264 %     3       com.android.dx.ssa.SsaConverter::placePhiFunctions @ 229 (394 bytes)
Event: 42.149 Thread 0x00000000150dc000 nmethod 2264% 0x00000000033e3790 code [0x00000000033e3d20, 0x00000000033e73b8]
Event: 42.151 Thread 0x0000000015083800 nmethod 2263% 0x0000000003362e90 code [0x0000000003363060, 0x0000000003363c88]
Event: 42.351 Thread 0x000000001507e000 2265       4       com.android.dx.ssa.SCCP::simulateMath (424 bytes)
Event: 42.363 Thread 0x000000001507e000 nmethod 2265 0x0000000003395050 code [0x0000000003395260, 0x0000000003395768]
Event: 42.373 Thread 0x0000000015083800 2266       4       com.android.dx.ssa.SsaMethod::makeExitBlock (134 bytes)
Event: 42.487 Thread 0x0000000015083800 nmethod 2266 0x00000000033eaa50 code [0x00000000033eac60, 0x00000000033ec358]
Event: 42.727 Thread 0x000000001507e000 2267 %     4       com.android.dx.ssa.ConstCollector::getConstsSortedByCountUse @ 27 (386 bytes)
Event: 42.732 Thread 0x0000000015083800 2268 %     4       com.android.dx.ssa.ConstCollector::updateConstUses @ 20 (248 bytes)

GC Heap History (10 events):
Event: 11.533 GC heap before
{Heap before GC invocations=6 (full 0):
 PSYoungGen      total 27648K, used 27616K [0x00000000eab00000, 0x00000000eef00000, 0x0000000100000000)
  eden space 24064K, 100% used [0x00000000eab00000,0x00000000ec280000,0x00000000ec280000)
  from space 3584K, 99% used [0x00000000ec280000,0x00000000ec5f8028,0x00000000ec600000)
  to   space 10752K, 0% used [0x00000000ee480000,0x00000000ee480000,0x00000000eef00000)
 ParOldGen       total 62976K, used 13414K [0x00000000c0000000, 0x00000000c3d80000, 0x00000000eab00000)
  object space 62976K, 21% used [0x00000000c0000000,0x00000000c0d19810,0x00000000c3d80000)
 Metaspace       used 6403K, capacity 7192K, committed 7424K, reserved 1056768K
  class space    used 623K, capacity 656K, committed 768K, reserved 1048576K
Event: 11.690 GC heap after
Heap after GC invocations=6 (full 0):
 PSYoungGen      total 58880K, used 7584K [0x00000000eab00000, 0x00000000eef00000, 0x0000000100000000)
  eden space 48128K, 0% used [0x00000000eab00000,0x00000000eab00000,0x00000000eda00000)
  from space 10752K, 70% used [0x00000000ee480000,0x00000000eebe8028,0x00000000eef00000)
  to   space 10752K, 0% used [0x00000000eda00000,0x00000000eda00000,0x00000000ee480000)
 ParOldGen       total 62976K, used 13414K [0x00000000c0000000, 0x00000000c3d80000, 0x00000000eab00000)
  object space 62976K, 21% used [0x00000000c0000000,0x00000000c0d19810,0x00000000c3d80000)
 Metaspace       used 6403K, capacity 7192K, committed 7424K, reserved 1056768K
  class space    used 623K, capacity 656K, committed 768K, reserved 1048576K
}
Event: 16.754 GC heap before
{Heap before GC invocations=7 (full 0):
 PSYoungGen      total 58880K, used 55712K [0x00000000eab00000, 0x00000000eef00000, 0x0000000100000000)
  eden space 48128K, 100% used [0x00000000eab00000,0x00000000eda00000,0x00000000eda00000)
  from space 10752K, 70% used [0x00000000ee480000,0x00000000eebe8028,0x00000000eef00000)
  to   space 10752K, 0% used [0x00000000eda00000,0x00000000eda00000,0x00000000ee480000)
 ParOldGen       total 62976K, used 13414K [0x00000000c0000000, 0x00000000c3d80000, 0x00000000eab00000)
  object space 62976K, 21% used [0x00000000c0000000,0x00000000c0d19810,0x00000000c3d80000)
 Metaspace       used 6495K, capacity 7256K, committed 7424K, reserved 1056768K
  class space    used 623K, capacity 656K, committed 768K, reserved 1048576K
Event: 17.055 GC heap after
Heap after GC invocations=7 (full 0):
 PSYoungGen      total 58880K, used 10720K [0x00000000eab00000, 0x00000000f2500000, 0x0000000100000000)
  eden space 48128K, 0% used [0x00000000eab00000,0x00000000eab00000,0x00000000eda00000)
  from space 10752K, 99% used [0x00000000eda00000,0x00000000ee478010,0x00000000ee480000)
  to   space 14336K, 0% used [0x00000000f1700000,0x00000000f1700000,0x00000000f2500000)
 ParOldGen       total 62976K, used 16719K [0x00000000c0000000, 0x00000000c3d80000, 0x00000000eab00000)
  object space 62976K, 26% used [0x00000000c0000000,0x00000000c1053cf0,0x00000000c3d80000)
 Metaspace       used 6495K, capacity 7256K, committed 7424K, reserved 1056768K
  class space    used 623K, capacity 656K, committed 768K, reserved 1048576K
}
Event: 21.111 GC heap before
{Heap before GC invocations=8 (full 0):
 PSYoungGen      total 58880K, used 58848K [0x00000000eab00000, 0x00000000f2500000, 0x0000000100000000)
  eden space 48128K, 100% used [0x00000000eab00000,0x00000000eda00000,0x00000000eda00000)
  from space 10752K, 99% used [0x00000000eda00000,0x00000000ee478010,0x00000000ee480000)
  to   space 14336K, 0% used [0x00000000f1700000,0x00000000f1700000,0x00000000f2500000)
 ParOldGen       total 62976K, used 16719K [0x00000000c0000000, 0x00000000c3d80000, 0x00000000eab00000)
  object space 62976K, 26% used [0x00000000c0000000,0x00000000c1053cf0,0x00000000c3d80000)
 Metaspace       used 6507K, capacity 7256K, committed 7424K, reserved 1056768K
  class space    used 623K, capacity 656K, committed 768K, reserved 1048576K
Event: 21.315 GC heap after
Heap after GC invocations=8 (full 0):
 PSYoungGen      total 107008K, used 14307K [0x00000000eab00000, 0x00000000f2c00000, 0x0000000100000000)
  eden space 92672K, 0% used [0x00000000eab00000,0x00000000eab00000,0x00000000f0580000)
  from space 14336K, 99% used [0x00000000f1700000,0x00000000f24f8ec8,0x00000000f2500000)
  to   space 17920K, 0% used [0x00000000f0580000,0x00000000f0580000,0x00000000f1700000)
 ParOldGen       total 62976K, used 20702K [0x00000000c0000000, 0x00000000c3d80000, 0x00000000eab00000)
  object space 62976K, 32% used [0x00000000c0000000,0x00000000c1437978,0x00000000c3d80000)
 Metaspace       used 6507K, capacity 7256K, committed 7424K, reserved 1056768K
  class space    used 623K, capacity 656K, committed 768K, reserved 1048576K
}
Event: 27.804 GC heap before
{Heap before GC invocations=9 (full 0):
 PSYoungGen      total 107008K, used 106979K [0x00000000eab00000, 0x00000000f2c00000, 0x0000000100000000)
  eden space 92672K, 100% used [0x00000000eab00000,0x00000000f0580000,0x00000000f0580000)
  from space 14336K, 99% used [0x00000000f1700000,0x00000000f24f8ec8,0x00000000f2500000)
  to   space 17920K, 0% used [0x00000000f0580000,0x00000000f0580000,0x00000000f1700000)
 ParOldGen       total 62976K, used 20702K [0x00000000c0000000, 0x00000000c3d80000, 0x00000000eab00000)
  object space 62976K, 32% used [0x00000000c0000000,0x00000000c1437978,0x00000000c3d80000)
 Metaspace       used 6527K, capacity 7256K, committed 7424K, reserved 1056768K
  class space    used 623K, capacity 656K, committed 768K, reserved 1048576K
Event: 28.130 GC heap after
Heap after GC invocations=9 (full 0):
 PSYoungGen      total 110592K, used 17911K [0x00000000eab00000, 0x00000000f9100000, 0x0000000100000000)
  eden space 92672K, 0% used [0x00000000eab00000,0x00000000eab00000,0x00000000f0580000)
  from space 17920K, 99% used [0x00000000f0580000,0x00000000f16fdfe8,0x00000000f1700000)
  to   space 43520K, 0% used [0x00000000f6680000,0x00000000f6680000,0x00000000f9100000)
 ParOldGen       total 77312K, used 77081K [0x00000000c0000000, 0x00000000c4b80000, 0x00000000eab00000)
  object space 77312K, 99% used [0x00000000c0000000,0x00000000c4b466e8,0x00000000c4b80000)
 Metaspace       used 6527K, capacity 7256K, committed 7424K, reserved 1056768K
  class space    used 623K, capacity 656K, committed 768K, reserved 1048576K
}
Event: 28.130 GC heap before
{Heap before GC invocations=10 (full 1):
 PSYoungGen      total 110592K, used 17911K [0x00000000eab00000, 0x00000000f9100000, 0x0000000100000000)
  eden space 92672K, 0% used [0x00000000eab00000,0x00000000eab00000,0x00000000f0580000)
  from space 17920K, 99% used [0x00000000f0580000,0x00000000f16fdfe8,0x00000000f1700000)
  to   space 43520K, 0% used [0x00000000f6680000,0x00000000f6680000,0x00000000f9100000)
 ParOldGen       total 77312K, used 77081K [0x00000000c0000000, 0x00000000c4b80000, 0x00000000eab00000)
  object space 77312K, 99% used [0x00000000c0000000,0x00000000c4b466e8,0x00000000c4b80000)
 Metaspace       used 6527K, capacity 7256K, committed 7424K, reserved 1056768K
  class space    used 623K, capacity 656K, committed 768K, reserved 1048576K
Event: 40.781 GC heap after
Heap after GC invocations=10 (full 1):
 PSYoungGen      total 110592K, used 13749K [0x00000000eab00000, 0x00000000f9100000, 0x0000000100000000)
  eden space 92672K, 0% used [0x00000000eab00000,0x00000000eab00000,0x00000000f0580000)
  from space 17920K, 76% used [0x00000000f0580000,0x00000000f12ed658,0x00000000f1700000)
  to   space 43520K, 0% used [0x00000000f6680000,0x00000000f6680000,0x00000000f9100000)
 ParOldGen       total 150016K, used 76995K [0x00000000c0000000, 0x00000000c9280000, 0x00000000eab00000)
  object space 150016K, 51% used [0x00000000c0000000,0x00000000c4b30d68,0x00000000c9280000)
 Metaspace       used 6527K, capacity 7256K, committed 7424K, reserved 1056768K
  class space    used 623K, capacity 656K, committed 768K, reserved 1048576K
}

Deoptimization events (10 events):
Event: 18.779 Thread 0x0000000016c26000 Uncommon trap: reason=class_check action=maybe_recompile pc=0x0000000002f49844 method=com.android.dx.ssa.SCCP.simulateBranch(Lcom/android/dx/ssa/SsaInsn;)V @ 145
Event: 19.105 Thread 0x0000000016dbe000 Uncommon trap: reason=unstable_if action=reinterpret pc=0x0000000002e8b9b4 method=java.util.HashMap.putVal(ILjava/lang/Object;Ljava/lang/Object;ZZ)Ljava/lang/Object; @ 162
Event: 21.707 Thread 0x0000000016c26000 Uncommon trap: reason=unstable_if action=reinterpret pc=0x00000000032ba008 method=com.android.dx.cf.code.Ropper.isSynchronized()Z @ 12
Event: 21.709 Thread 0x0000000016c26000 Uncommon trap: reason=unstable_if action=reinterpret pc=0x0000000002f3f4cc method=com.android.dx.ssa.MoveParamCombiner$1.visitNonMoveInsn(Lcom/android/dx/ssa/NormalSsaInsn;)V @ 27
Event: 41.250 Thread 0x0000000016ff8800 Uncommon trap: reason=predicate action=maybe_recompile pc=0x0000000003294b20 method=com.android.dx.ssa.DomFront.run()[Lcom/android/dx/ssa/DomFront$DomInfo; @ 175
Event: 41.353 Thread 0x0000000016ff8800 Uncommon trap: reason=class_check action=maybe_recompile pc=0x0000000003180fe4 method=com.android.dx.ssa.SsaConverter.placePhiFunctions(Lcom/android/dx/ssa/SsaMethod;Lcom/android/dx/ssa/LocalVariableInfo;I)V @ 257
Event: 41.357 Thread 0x0000000016ff8800 Uncommon trap: reason=class_check action=maybe_recompile pc=0x00000000031ce964 method=com.android.dx.ssa.SsaConverter.placePhiFunctions(Lcom/android/dx/ssa/SsaMethod;Lcom/android/dx/ssa/LocalVariableInfo;I)V @ 257
Event: 41.358 Thread 0x0000000016ff8800 Uncommon trap: reason=class_check action=maybe_recompile pc=0x00000000031ce964 method=com.android.dx.ssa.SsaConverter.placePhiFunctions(Lcom/android/dx/ssa/SsaMethod;Lcom/android/dx/ssa/LocalVariableInfo;I)V @ 257
Event: 41.359 Thread 0x0000000016ff8800 Uncommon trap: reason=class_check action=maybe_recompile pc=0x00000000031ce964 method=com.android.dx.ssa.SsaConverter.placePhiFunctions(Lcom/android/dx/ssa/SsaMethod;Lcom/android/dx/ssa/LocalVariableInfo;I)V @ 257
Event: 42.141 Thread 0x00000000027ad800 Uncommon trap: reason=class_check action=maybe_recompile pc=0x0000000003180fe4 method=com.android.dx.ssa.SsaConverter.placePhiFunctions(Lcom/android/dx/ssa/SsaMethod;Lcom/android/dx/ssa/LocalVariableInfo;I)V @ 257

Internal exceptions (6 events):
Event: 0.091 Thread 0x00000000027ad800 Exception <a 'java/lang/NoSuchMethodError': Method sun.misc.Unsafe.defineClass(Ljava/lang/String;[BII)Ljava/lang/Class; name or signature does not match> (0x00000000eab13088) thrown at [C:\re\workspace\8-2-build-windows-amd64-cygwin\jdk8u60\4407\hotspot\srÚšŸede·?
Event: 0.091 Thread 0x00000000027ad800 Exception <a 'java/lang/NoSuchMethodError': Method sun.misc.Unsafe.prefetchRead(Ljava/lang/Object;J)V name or signature does not match> (0x00000000eab13370) thrown at [C:\re\workspace\8-2-build-windows-amd64-cygwin\jdk8u60\4407\hotspot\src\share\vm\prims\jàŽ]§È@
Event: 2.223 Thread 0x00000000027ad800 Implicit null exception at 0x0000000002c90ea2 to 0x0000000002c90f92
Event: 10.432 Thread 0x0000000016dbe000 Exception <a 'java/lang/ArrayIndexOutOfBoundsException': 18> (0x00000000eafed608) thrown at [C:\re\workspace\8-2-build-windows-amd64-cygwin\jdk8u60\4407\hotspot\src\share\vm\interpreter\interpreterRuntime.cpp, line 366]
Event: 10.433 Thread 0x0000000016dbe000 Exception <a 'java/lang/ArrayIndexOutOfBoundsException'> (0x00000000eafef188) thrown at [C:\re\workspace\8-2-build-windows-amd64-cygwin\jdk8u60\4407\hotspot\src\share\vm\runtime\sharedRuntime.cpp, line 605]
Event: 10.960 Thread 0x0000000016dbe000 Exception <a 'java/lang/ArrayIndexOutOfBoundsException'> (0x00000000eaff0470) thrown at [C:\re\workspace\8-2-build-windows-amd64-cygwin\jdk8u60\4407\hotspot\src\share\vm\runtime\sharedRuntime.cpp, line 605]

Events (10 events):
Event: 42.363 Thread 0x000000001507e000 flushing nmethod 0x0000000002ae8910
Event: 42.363 Thread 0x000000001507e000 flushing nmethod 0x0000000002ae97d0
Event: 42.373 Thread 0x00000000027ad800 DEOPT PACKING pc=0x0000000002e992ab sp=0x00000000028ae290
Event: 42.373 Thread 0x00000000027ad800 DEOPT UNPACKING pc=0x00000000029f747f sp=0x00000000028ae060 mode 0
Event: 42.488 Thread 0x0000000015083800 flushing nmethod 0x0000000002b207d0
Event: 42.488 Thread 0x0000000015083800 flushing nmethod 0x0000000002b22bd0
Event: 42.488 Thread 0x0000000015083800 flushing nmethod 0x0000000002b24e50
Event: 42.488 Thread 0x0000000015083800 flushing nmethod 0x0000000002b3b990
Event: 42.488 Thread 0x0000000015083800 flushing nmethod 0x0000000002b3d990
Event: 42.488 Thread 0x0000000015083800 flushing nmethod 0x0000000002b406d0


Dynamic libraries:
0x00007ff699360000 - 0x00007ff699397000 	C:\Program Files\Java\jdk1.8.0_60\bin\java.exe
0x00007ffb7c7b0000 - 0x00007ffb7c981000 	C:\WINDOWS\SYSTEM32\ntdll.dll
0x00007ffb7a460000 - 0x00007ffb7a50b000 	C:\WINDOWS\System32\KERNEL32.DLL
0x00007ffb78ea0000 - 0x00007ffb790bd000 	C:\WINDOWS\System32\KERNELBASE.dll
0x00007ffb7c0a0000 - 0x00007ffb7c142000 	C:\WINDOWS\System32\ADVAPI32.dll
0x00007ffb7a330000 - 0x00007ffb7a3ce000 	C:\WINDOWS\System32\msvcrt.dll
0x00007ffb7c150000 - 0x00007ffb7c1a9000 	C:\WINDOWS\System32\sechost.dll
0x00007ffb7a510000 - 0x00007ffb7a631000 	C:\WINDOWS\System32\RPCRT4.dll
0x00007ffb7c640000 - 0x00007ffb7c7a5000 	C:\WINDOWS\System32\USER32.dll
0x00007ffb79570000 - 0x00007ffb7958e000 	C:\WINDOWS\System32\win32u.dll
0x00007ffb7a880000 - 0x00007ffb7a8b4000 	C:\WINDOWS\System32\GDI32.dll
0x00007ffb793e0000 - 0x00007ffb79562000 	C:\WINDOWS\System32\gdi32full.dll
0x00007ffb77ae0000 - 0x00007ffb77d59000 	C:\WINDOWS\WinSxS\amd64_microsoft.windows.common-controls_6595b64144ccf1df_6.0.14393.447_none_42191651c6827bb3\COMCTL32.dll
0x00007ffb7c370000 - 0x00007ffb7c637000 	C:\WINDOWS\System32\combase.dll
0x00007ffb79170000 - 0x00007ffb79265000 	C:\WINDOWS\System32\ucrtbase.dll
0x00007ffb79370000 - 0x00007ffb793da000 	C:\WINDOWS\System32\bcryptPrimitives.dll
0x00007ffb7a3d0000 - 0x00007ffb7a3fe000 	C:\WINDOWS\System32\IMM32.DLL
0x0000000059850000 - 0x0000000059922000 	C:\Program Files\Java\jdk1.8.0_60\jre\bin\msvcr100.dll
0x0000000059b00000 - 0x000000005a389000 	C:\Program Files\Java\jdk1.8.0_60\jre\bin\server\jvm.dll
0x00007ffb79e80000 - 0x00007ffb79e88000 	C:\WINDOWS\System32\PSAPI.DLL
0x00007ffb706c0000 - 0x00007ffb706c9000 	C:\WINDOWS\SYSTEM32\WSOCK32.dll
0x00007ffb7bec0000 - 0x00007ffb7bf2a000 	C:\WINDOWS\System32\WS2_32.dll
0x00007ffb76670000 - 0x00007ffb76693000 	C:\WINDOWS\SYSTEM32\WINMM.dll
0x00007ffb778e0000 - 0x00007ffb778ea000 	C:\WINDOWS\SYSTEM32\VERSION.dll
0x00007ffb76550000 - 0x00007ffb7657b000 	C:\WINDOWS\SYSTEM32\WINMMBASE.dll
0x00007ffb78c80000 - 0x00007ffb78cc2000 	C:\WINDOWS\System32\cfgmgr32.dll
0x000000005b0e0000 - 0x000000005b0ef000 	C:\Program Files\Java\jdk1.8.0_60\jre\bin\verify.dll
0x000000005b0b0000 - 0x000000005b0d9000 	C:\Program Files\Java\jdk1.8.0_60\jre\bin\java.dll
0x000000005b090000 - 0x000000005b0a6000 	C:\Program Files\Java\jdk1.8.0_60\jre\bin\zip.dll
0x00007ffb7a9b0000 - 0x00007ffb7beb9000 	C:\WINDOWS\System32\SHELL32.dll
0x00007ffb79590000 - 0x00007ffb79c6a000 	C:\WINDOWS\System32\windows.storage.dll
0x00007ffb78c30000 - 0x00007ffb78c7c000 	C:\WINDOWS\System32\powrprof.dll
0x00007ffb7a400000 - 0x00007ffb7a452000 	C:\WINDOWS\System32\shlwapi.dll
0x00007ffb78bf0000 - 0x00007ffb78bff000 	C:\WINDOWS\System32\kernel.appcore.dll
0x00007ffb790c0000 - 0x00007ffb79169000 	C:\WINDOWS\System32\shcore.dll
0x00007ffb78c10000 - 0x00007ffb78c24000 	C:\WINDOWS\System32\profapi.dll

VM Arguments:
jvm_args: -Djava.awt.headless=true -Xmx1024M -Dfile.encoding=windows-1257 -Duser.country=US -Duser.language=en -Duser.variant 
java_command: com.android.dx.command.Main --dex --num-threads=4 --output C:\Users\user\AndroidStudioProjects\GeoTwitterClient\app\build\intermediates\pre-dexed\debug\com.google.android.gms-play-services-ads-8.4.0_40fc84ac8336692f5dff788b4e8d05f85b452402.jar C:\Users\user\AndroidStudioProjects\GeoTwitterClient\app\build\intermediates\exploded-aar\com.google.android.gms\play-services-ads\8.4.0\jars\classes.jar
java_class_path (initial): C:\Users\user\AppData\Local\Android\sdk\build-tools\23.0.2\lib\dx.jar
Launcher Type: SUN_STANDARD

Environment Variables:
PATH=C:\Program Files (x86)\NVIDIA Corporation\PhysX\Common;C:\Program Files\Java\jdk1.8.0_60\bin;C:\ProgramData\Oracle\Java\javapath;C:\Program Files\Common Files\Microsoft Shared\Windows Live;C:\Program Files (x86)\Common Files\Microsoft Shared\Windows Live;C:\WINDOWS\system32;C:\WINDOWS;C:\WINDOWS\System32\Wbem;C:\WINDOWS\System32\WindowsPowerShell\v1.0\;C:\Program Files\WIDCOMM\Bluetooth Software\;C:\Program Files\WIDCOMM\Bluetooth Software\syswow64;C:\Program Files (x86)\Common Files\Roxio Shared\10.0\DLLShared\;C:\Program Files (x86)\Common Files\Roxio Shared\DLLShared\;C:\Program Files (x86)\Windows Live\Shared;C:\Program Files\Intel\WiFi\bin\;C:\Program Files\Common Files\Intel\WirelessCommon\;C:\Python27;C:\Program Files (x86)\IVI Foundation\VISA\WinNT\Bin;C:\Windows\SysWOW64;C:\WINDOWS\system32\config\systemprofile\.dnx\bin;C:\Program Files\Microsoft DNX\Dnvm\;C:\Program Files\Microsoft SQL Server\130\Tools\Binn\;C:\Program Files (x86)\Windows Kits\10\Windows Performance Toolkit\;C:\Program Files\ Java\jdk1.8.0_60\bin;;%USERPROFILE%\AppData\Local\Microsoft\WindowsApps
USERNAME=user
OS=Windows_NT
PROCESSOR_IDENTIFIER=Intel64 Family 6 Model 37 Stepping 2, GenuineIntel



---------------  S Y S T E M  ---------------

OS: Windows 10.0 , 64 bit Build 14393 (10.0.14393.0)

CPU:total 4 (2 cores per cpu, 2 threads per core) family 6 model 37 stepping 2, cmov, cx8, fxsr, mmx, sse, sse2, sse3, ssse3, sse4.1, sse4.2, popcnt, aes, clmul, ht, tsc, tscinvbit

Memory: 4k page, physical 5953352k(1658532k free), swap 6477640k(2300k free)

vm_info: Java HotSpot(TM) 64-Bit Server VM (25.60-b23) for windows-amd64 JRE (1.8.0_60-b27), built on Aug  4 2015 11:06:27 by "java_re" with MS VC++ 10.0 (VS2010)

time: Wed Nov 30 20:47:07 2016
elapsed time: 42 seconds (0d 0h 0m 42s)

