#
# There is insufficient memory for the Java Runtime Environment to continue.
# Native memory allocation (malloc) failed to allocate 524976 bytes for Chunk::new
# Possible reasons:
#   The system is out of physical RAM or swap space
#   In 32 bit mode, the process size limit was hit
# Possible solutions:
#   Reduce memory load on the system
#   Increase physical memory or swap space
#   Check if swap backing store is full
#   Use 64 bit Java on a 64 bit OS
#   Decrease Java heap size (-Xmx/-Xms)
#   Decrease number of Java threads
#   Decrease Java thread stack sizes (-Xss)
#   Set larger code cache with -XX:ReservedCodeCacheSize=
# This output file may be truncated or incomplete.
#
#  Out of Memory Error (allocation.cpp:390), pid=12284, tid=11616
#
# JRE version: Java(TM) SE Runtime Environment (8.0_60-b27) (build 1.8.0_60-b27)
# Java VM: Java HotSpot(TM) 64-Bit Server VM (25.60-b23 mixed mode windows-amd64 compressed oops)
# Failed to write core dump. Minidumps are not enabled by default on client versions of Windows
#

---------------  T H R E A D  ---------------

Current thread (0x000000001591e000):  JavaThread "C2 CompilerThread0" daemon [_thread_in_native, id=11616, stack(0x0000000016f70000,0x0000000017070000)]

Stack: [0x0000000016f70000,0x0000000017070000]
[error occurred during error reporting (printing stack bounds), id 0xc0000005]

Native frames: (J=compiled Java code, j=interpreted, Vv=VM code, C=native code)


Current CompileTask:
C2:   2147  168       4       com.android.dx.cf.direct.ClassPathOpener::compareClassNames (42 bytes)


---------------  P R O C E S S  ---------------

Java Threads: ( => current thread )
  0x0000000017076000 JavaThread "Service Thread" daemon [_thread_blocked, id=1384, stack(0x0000000017670000,0x0000000017770000)]
  0x000000001597d800 JavaThread "C1 CompilerThread2" daemon [_thread_blocked, id=11492, stack(0x0000000017570000,0x0000000017670000)]
  0x000000001597c800 JavaThread "C2 CompilerThread1" daemon [_thread_in_native, id=11540, stack(0x0000000017470000,0x0000000017570000)]
=>0x000000001591e000 JavaThread "C2 CompilerThread0" daemon [_thread_in_native, id=11616, stack(0x0000000016f70000,0x0000000017070000)]
  0x000000001591c000 JavaThread "Attach Listener" daemon [_thread_blocked, id=11720, stack(0x0000000016e70000,0x0000000016f70000)]
  0x000000001591b000 JavaThread "Signal Dispatcher" daemon [_thread_blocked, id=11692, stack(0x0000000016d70000,0x0000000016e70000)]
  0x0000000003241000 JavaThread "Finalizer" daemon [_thread_blocked, id=11292, stack(0x0000000016b80000,0x0000000016c80000)]
  0x000000000323e800 JavaThread "Reference Handler" daemon [_thread_blocked, id=11728, stack(0x0000000016a80000,0x0000000016b80000)]
  0x000000000304d800 JavaThread "main" [_thread_in_native, id=9152, stack(0x0000000003050000,0x0000000003150000)]

Other Threads:
  0x00000000158e7800 VMThread [stack: 0x0000000016980000,0x0000000016a80000] [id=8848]
  0x0000000017082800 WatcherThread [stack: 0x0000000017770000,0x0000000017870000] [id=5964]

VM state:not at safepoint (normal execution)

VM Mutex/Monitor currently owned by a thread: None

Heap:
 PSYoungGen      total 27648K, used 22145K [0x00000000eab00000, 0x00000000ec980000, 0x0000000100000000)
  eden space 24064K, 92% used [0x00000000eab00000,0x00000000ec0a0650,0x00000000ec280000)
  from space 3584K, 0% used [0x00000000ec600000,0x00000000ec600000,0x00000000ec980000)
  to   space 3584K, 0% used [0x00000000ec280000,0x00000000ec280000,0x00000000ec600000)
 ParOldGen       total 62976K, used 0K [0x00000000c0000000, 0x00000000c3d80000, 0x00000000eab00000)
  object space 62976K, 0% used [0x00000000c0000000,0x00000000c0000000,0x00000000c3d80000)
 Metaspace       used 3517K, capacity 4720K, committed 4864K, reserved 1056768K
  class space    used 382K, capacity 424K, committed 512K, reserved 1048576K

Card table byte_map: [0x0000000012610000,0x0000000012820000] byte_map_base: 0x0000000012010000

Marking Bits: (ParMarkBitMap*) 0x000000006d54a5b0
 Begin Bits: [0x0000000012d80000, 0x0000000013d80000)
 End Bits:   [0x0000000013d80000, 0x0000000014d80000)

Polling page: 0x0000000001480000

CodeCache: size=245760Kb used=1430Kb max_used=1440Kb free=244329Kb
 bounds [0x0000000003250000, 0x00000000034c0000, 0x0000000012250000]
 total_blobs=415 nmethods=167 adapters=162
 compilation: enabled

Compilation events (10 events):
Event: 2.069 Thread 0x000000001591e000 nmethod 156 0x00000000033b2550 code [0x00000000033b2700, 0x00000000033b3518]
Event: 2.069 Thread 0x000000001591e000  164       4       java.util.regex.Matcher::<init> (84 bytes)
Event: 2.076 Thread 0x000000001591e000 nmethod 164 0x00000000033b4090 code [0x00000000033b41e0, 0x00000000033b4538]
Event: 2.076 Thread 0x000000001591e000  163       4       java.util.regex.Matcher::replaceAll (59 bytes)
Event: 2.084 Thread 0x000000001597c800 nmethod 167 0x00000000033b5550 code [0x00000000033b56c0, 0x00000000033b5cd8]
Event: 2.084 Thread 0x000000001597c800  165       4       java.util.regex.Matcher::find (69 bytes)
Event: 2.101 Thread 0x000000001591e000 nmethod 163 0x00000000033b6e90 code [0x00000000033b7000, 0x00000000033b76d8]
Event: 2.101 Thread 0x000000001591e000  168       4       com.android.dx.cf.direct.ClassPathOpener::compareClassNames (42 bytes)
Event: 2.105 Thread 0x000000001597c800 nmethod 165 0x00000000033b9d10 code [0x00000000033b9e80, 0x00000000033ba4f8]
Event: 2.105 Thread 0x000000001597c800  169       4       com.android.dx.cf.direct.ClassPathOpener$3::compare (13 bytes)

GC Heap History (0 events):
No events

Deoptimization events (1 events):
Event: 2.058 Thread 0x000000000304d800 Uncommon trap: reason=unstable_if action=reinterpret pc=0x00000000033b11e4 method=java.util.regex.Pattern$BnM.match(Ljava/util/regex/Matcher;ILjava/lang/CharSequence;)Z @ 56

Internal exceptions (2 events):
Event: 0.702 Thread 0x000000000304d800 Exception <a 'java/lang/NoSuchMethodError': Method sun.misc.Unsafe.defineClass(Ljava/lang/String;[BII)Ljava/lang/Class; name or signature does not match> (0x00000000eab13088) thrown at [C:\re\workspace\8-2-build-windows-amd64-cygwin\jdk8u60\4407\hotspot\sr±Ã”ã{æ?
Event: 0.703 Thread 0x000000000304d800 Exception <a 'java/lang/NoSuchMethodError': Method sun.misc.Unsafe.prefetchRead(Ljava/lang/Object;J)V name or signature does not match> (0x00000000eab13370) thrown at [C:\re\workspace\8-2-build-windows-amd64-cygwin\jdk8u60\4407\hotspot\src\share\vm\prims\j

Events (10 events):
Event: 2.134 loading class sun/util/calendar/ZoneInfo
Event: 2.134 loading class sun/util/calendar/ZoneInfo done
Event: 2.135 loading class sun/util/calendar/ZoneInfoFile
Event: 2.135 loading class sun/util/calendar/ZoneInfoFile done
Event: 2.135 loading class sun/util/calendar/ZoneInfoFile$1
Event: 2.135 loading class sun/util/calendar/ZoneInfoFile$1 done
Event: 2.136 loading class java/io/DataInputStream
Event: 2.136 loading class java/io/DataInput
Event: 2.136 loading class java/io/DataInput done
Event: 2.136 loading class java/io/DataInputStream done


Dynamic libraries:
0x00007ff6e8f20000 - 0x00007ff6e8f57000 	C:\Program Files\Java\jdk1.8.0_60\bin\java.exe
0x00007fff19130000 - 0x00007fff19301000 	C:\WINDOWS\SYSTEM32\ntdll.dll
0x00007fff16a30000 - 0x00007fff16adb000 	C:\WINDOWS\System32\KERNEL32.DLL
0x00007fff16030000 - 0x00007fff1624d000 	C:\WINDOWS\System32\KERNELBASE.dll
0x00007fff18c60000 - 0x00007fff18d02000 	C:\WINDOWS\System32\ADVAPI32.dll
0x00007fff18d10000 - 0x00007fff18dae000 	C:\WINDOWS\System32\msvcrt.dll
0x00007fff18f10000 - 0x00007fff18f69000 	C:\WINDOWS\System32\sechost.dll
0x00007fff18de0000 - 0x00007fff18f01000 	C:\WINDOWS\System32\RPCRT4.dll
0x00007fff18f70000 - 0x00007fff190d5000 	C:\WINDOWS\System32\USER32.dll
0x00007fff15f70000 - 0x00007fff15f8e000 	C:\WINDOWS\System32\win32u.dll
0x00007fff167e0000 - 0x00007fff16814000 	C:\WINDOWS\System32\GDI32.dll
0x00007fff15600000 - 0x00007fff15782000 	C:\WINDOWS\System32\gdi32full.dll
0x00007fff14460000 - 0x00007fff146d9000 	C:\WINDOWS\WinSxS\amd64_microsoft.windows.common-controls_6595b64144ccf1df_6.0.14393.447_none_42191651c6827bb3\COMCTL32.dll
0x00007fff18830000 - 0x00007fff18af7000 	C:\WINDOWS\System32\combase.dll
0x00007fff165a0000 - 0x00007fff16695000 	C:\WINDOWS\System32\ucrtbase.dll
0x00007fff164d0000 - 0x00007fff1653a000 	C:\WINDOWS\System32\bcryptPrimitives.dll
0x00007fff18db0000 - 0x00007fff18dde000 	C:\WINDOWS\System32\IMM32.DLL
0x000000006cb00000 - 0x000000006cbd2000 	C:\Program Files\Java\jdk1.8.0_60\jre\bin\msvcr100.dll
0x000000006cd40000 - 0x000000006d5c9000 	C:\Program Files\Java\jdk1.8.0_60\jre\bin\server\jvm.dll
0x00007fff186b0000 - 0x00007fff186b8000 	C:\WINDOWS\System32\PSAPI.DLL
0x00007fff0cb70000 - 0x00007fff0cb79000 	C:\WINDOWS\SYSTEM32\WSOCK32.dll
0x00007fff16820000 - 0x00007fff1688a000 	C:\WINDOWS\System32\WS2_32.dll
0x00007fff134d0000 - 0x00007fff134f3000 	C:\WINDOWS\SYSTEM32\WINMM.dll
0x00007fff14260000 - 0x00007fff1426a000 	C:\WINDOWS\SYSTEM32\VERSION.dll
0x00007fff13470000 - 0x00007fff1349b000 	C:\WINDOWS\SYSTEM32\WINMMBASE.dll
0x00007fff15790000 - 0x00007fff157d2000 	C:\WINDOWS\System32\cfgmgr32.dll
0x000000006df20000 - 0x000000006df2f000 	C:\Program Files\Java\jdk1.8.0_60\jre\bin\verify.dll
0x000000006def0000 - 0x000000006df19000 	C:\Program Files\Java\jdk1.8.0_60\jre\bin\java.dll
0x000000006ded0000 - 0x000000006dee6000 	C:\Program Files\Java\jdk1.8.0_60\jre\bin\zip.dll
0x00007fff171a0000 - 0x00007fff186a9000 	C:\WINDOWS\System32\SHELL32.dll
0x00007fff15890000 - 0x00007fff15f6a000 	C:\WINDOWS\System32\windows.storage.dll
0x00007fff155a0000 - 0x00007fff155ec000 	C:\WINDOWS\System32\powrprof.dll
0x00007fff16ae0000 - 0x00007fff16b32000 	C:\WINDOWS\System32\shlwapi.dll
0x00007fff155f0000 - 0x00007fff155ff000 	C:\WINDOWS\System32\kernel.appcore.dll
0x00007fff16250000 - 0x00007fff162f9000 	C:\WINDOWS\System32\shcore.dll
0x00007fff15570000 - 0x00007fff15584000 	C:\WINDOWS\System32\profapi.dll

VM Arguments:
jvm_args: -Djava.awt.headless=true -Xmx1024M -Dfile.encoding=windows-1257 -Duser.country=US -Duser.language=en -Duser.variant 
java_command: com.android.dx.command.Main --dex --num-threads=4 --output C:\Users\user\AndroidStudioProjects\GeoTwitterClient\app\build\intermediates\pre-dexed\debug\com.google.android.gms-play-services-ads-8.4.0_40fc84ac8336692f5dff788b4e8d05f85b452402.jar C:\Users\user\AndroidStudioProjects\GeoTwitterClient\app\build\intermediates\exploded-aar\com.google.android.gms\play-services-ads\8.4.0\jars\classes.jar
java_class_path (initial): C:\Users\user\AppData\Local\Android\sdk\build-tools\23.0.2\lib\dx.jar
Launcher Type: SUN_STANDARD

Environment Variables:
PATH=C:\Program Files (x86)\NVIDIA Corporation\PhysX\Common;C:\Program Files\Java\jdk1.8.0_60\bin;C:\ProgramData\Oracle\Java\javapath;C:\Program Files\Common Files\Microsoft Shared\Windows Live;C:\Program Files (x86)\Common Files\Microsoft Shared\Windows Live;C:\WINDOWS\system32;C:\WINDOWS;C:\WINDOWS\System32\Wbem;C:\WINDOWS\System32\WindowsPowerShell\v1.0\;C:\Program Files\WIDCOMM\Bluetooth Software\;C:\Program Files\WIDCOMM\Bluetooth Software\syswow64;C:\Program Files (x86)\Common Files\Roxio Shared\10.0\DLLShared\;C:\Program Files (x86)\Common Files\Roxio Shared\DLLShared\;C:\Program Files (x86)\Windows Live\Shared;C:\Program Files\Intel\WiFi\bin\;C:\Program Files\Common Files\Intel\WirelessCommon\;C:\Python27;C:\Program Files (x86)\IVI Foundation\VISA\WinNT\Bin;C:\Windows\SysWOW64;C:\WINDOWS\system32\config\systemprofile\.dnx\bin;C:\Program Files\Microsoft DNX\Dnvm\;C:\Program Files\Microsoft SQL Server\130\Tools\Binn\;C:\Program Files (x86)\Windows Kits\10\Windows Performance Toolkit\;C:\Program Files\ Java\jdk1.8.0_60\bin;;%USERPROFILE%\AppData\Local\Microsoft\WindowsApps
USERNAME=user
OS=Windows_NT
PROCESSOR_IDENTIFIER=Intel64 Family 6 Model 37 Stepping 2, GenuineIntel



---------------  S Y S T E M  ---------------

OS: Windows 10.0 , 64 bit Build 14393 (10.0.14393.0)

CPU:total 4 (2 cores per cpu, 2 threads per core) family 6 model 37 stepping 2, cmov, cx8, fxsr, mmx, sse, sse2, sse3, ssse3, sse4.1, sse4.2, popcnt, aes, clmul, ht, tsc, tscinvbit

Memory: 4k page, physical 5953352k(1047548k free), swap 6477640k(5420k free)

vm_info: Java HotSpot(TM) 64-Bit Server VM (25.60-b23) for windows-amd64 JRE (1.8.0_60-b27), built on Aug  4 2015 11:06:27 by "java_re" with MS VC++ 10.0 (VS2010)

time: Mon Dec 05 20:02:30 2016
elapsed time: 2 seconds (0d 0h 0m 2s)

