#
# There is insufficient memory for the Java Runtime Environment to continue.
# Native memory allocation (malloc) failed to allocate 686736 bytes for Chunk::new
# Possible reasons:
#   The system is out of physical RAM or swap space
#   In 32 bit mode, the process size limit was hit
# Possible solutions:
#   Reduce memory load on the system
#   Increase physical memory or swap space
#   Check if swap backing store is full
#   Use 64 bit Java on a 64 bit OS
#   Decrease Java heap size (-Xmx/-Xms)
#   Decrease number of Java threads
#   Decrease Java thread stack sizes (-Xss)
#   Set larger code cache with -XX:ReservedCodeCacheSize=
# This output file may be truncated or incomplete.
#
#  Out of Memory Error (allocation.cpp:390), pid=11728, tid=11464
#
# JRE version: Java(TM) SE Runtime Environment (8.0_60-b27) (build 1.8.0_60-b27)
# Java VM: Java HotSpot(TM) 64-Bit Server VM (25.60-b23 mixed mode windows-amd64 compressed oops)
# Failed to write core dump. Minidumps are not enabled by default on client versions of Windows
#

---------------  T H R E A D  ---------------

Current thread (0x00000000150bd000):  JavaThread "C2 CompilerThread0" daemon [_thread_in_native, id=11464, stack(0x0000000016710000,0x0000000016810000)]

Stack: [0x0000000016710000,0x0000000016810000]
[error occurred during error reporting (printing stack bounds), id 0xc0000005]

Native frames: (J=compiled Java code, j=interpreted, Vv=VM code, C=native code)


Current CompileTask:
C2:   4785 1194       4       com.android.dx.ssa.SCCP::simulateStmt (481 bytes)


---------------  P R O C E S S  ---------------

Java Threads: ( => current thread )
  0x0000000016b93800 JavaThread "pool-1-thread-4" [_thread_blocked, id=8732, stack(0x0000000017410000,0x0000000017510000)]
  0x0000000016a89000 JavaThread "pool-1-thread-3" [_thread_in_Java, id=11044, stack(0x0000000017310000,0x0000000017410000)]
  0x0000000016a70000 JavaThread "pool-1-thread-2" [_thread_blocked, id=6388, stack(0x0000000017210000,0x0000000017310000)]
  0x0000000016a92000 JavaThread "pool-2-thread-1" [_thread_blocked, id=5964, stack(0x0000000017110000,0x0000000017210000)]
  0x0000000016a8f800 JavaThread "pool-1-thread-1" [_thread_blocked, id=11096, stack(0x0000000017010000,0x0000000017110000)]
  0x0000000016922000 JavaThread "Service Thread" daemon [_thread_blocked, id=11596, stack(0x0000000016e10000,0x0000000016f10000)]
  0x0000000016920800 JavaThread "C1 CompilerThread2" daemon [_thread_blocked, id=6608, stack(0x0000000016d10000,0x0000000016e10000)]
  0x00000000150dd800 JavaThread "C2 CompilerThread1" daemon [_thread_in_native, id=5832, stack(0x0000000016810000,0x0000000016910000)]
=>0x00000000150bd000 JavaThread "C2 CompilerThread0" daemon [_thread_in_native, id=11464, stack(0x0000000016710000,0x0000000016810000)]
  0x00000000150bb000 JavaThread "Attach Listener" daemon [_thread_blocked, id=2672, stack(0x0000000016610000,0x0000000016710000)]
  0x00000000150ba000 JavaThread "Signal Dispatcher" daemon [_thread_blocked, id=6300, stack(0x0000000016510000,0x0000000016610000)]
  0x00000000029e0800 JavaThread "Finalizer" daemon [_thread_blocked, id=9460, stack(0x0000000016320000,0x0000000016420000)]
  0x00000000029dd800 JavaThread "Reference Handler" daemon [_thread_blocked, id=11352, stack(0x0000000016220000,0x0000000016320000)]
  0x00000000027bd800 JavaThread "main" [_thread_in_Java, id=3944, stack(0x00000000027f0000,0x00000000028f0000)]

Other Threads:
  0x0000000015088800 VMThread [stack: 0x0000000016120000,0x0000000016220000] [id=9424]
  0x000000001692f800 WatcherThread [stack: 0x0000000016f10000,0x0000000017010000] [id=8688]

VM state:not at safepoint (normal execution)

VM Mutex/Monitor currently owned by a thread: None

Heap:
 PSYoungGen      total 27648K, used 5129K [0x00000000eab00000, 0x00000000ee100000, 0x0000000100000000)
  eden space 24064K, 6% used [0x00000000eab00000,0x00000000eac83950,0x00000000ec280000)
  from space 3584K, 99% used [0x00000000ec280000,0x00000000ec5feab8,0x00000000ec600000)
  to   space 3584K, 0% used [0x00000000edd80000,0x00000000edd80000,0x00000000ee100000)
 ParOldGen       total 62976K, used 1555K [0x00000000c0000000, 0x00000000c3d80000, 0x00000000eab00000)
  object space 62976K, 2% used [0x00000000c0000000,0x00000000c0184cb0,0x00000000c3d80000)
 Metaspace       used 5961K, capacity 6896K, committed 7040K, reserved 1056768K
  class space    used 597K, capacity 616K, committed 640K, reserved 1048576K

Card table byte_map: [0x0000000011db0000,0x0000000011fc0000] byte_map_base: 0x00000000117b0000

Marking Bits: (ParMarkBitMap*) 0x000000006b28a5b0
 Begin Bits: [0x0000000012520000, 0x0000000013520000)
 End Bits:   [0x0000000013520000, 0x0000000014520000)

Polling page: 0x0000000000f80000

CodeCache: size=245760Kb used=4727Kb max_used=4739Kb free=241032Kb
 bounds [0x00000000029f0000, 0x0000000002ea0000, 0x00000000119f0000]
 total_blobs=1440 nmethods=1172 adapters=182
 compilation: enabled

Compilation events (10 events):
Event: 4.637 Thread 0x00000000150bd000 1188       4       com.android.dx.util.LabeledList::set (45 bytes)
Event: 4.637 Thread 0x00000000150dd800 1189   !   4       com.android.dx.cf.code.BytecodeArray::parseInstruction (2764 bytes)
Event: 4.654 Thread 0x00000000150bd000 nmethod 1188 0x0000000002e91e90 code [0x0000000002e92020, 0x0000000002e92688]
Event: 4.664 Thread 0x00000000150bd000 1190       4       com.android.dx.ssa.NormalSsaInsn::hasSideEffect (76 bytes)
Event: 4.667 Thread 0x00000000150bd000 nmethod 1190 0x0000000002e92f10 code [0x0000000002e93060, 0x0000000002e93178]
Event: 4.667 Thread 0x00000000150bd000 1191       4       com.android.dx.ssa.SsaMethod$2::addToUses (48 bytes)
Event: 4.713 Thread 0x00000000150bd000 nmethod 1191 0x0000000002e93590 code [0x0000000002e93740, 0x0000000002e94158]
Event: 4.724 Thread 0x00000000150bd000 1193       4       com.android.dx.ssa.SsaMethod$1::visitNonMoveInsn (26 bytes)
Event: 4.726 Thread 0x00000000150bd000 nmethod 1193 0x0000000002e91ad0 code [0x0000000002e91c20, 0x0000000002e91d18]
Event: 4.726 Thread 0x00000000150bd000 1194       4       com.android.dx.ssa.SCCP::simulateStmt (481 bytes)

GC Heap History (2 events):
Event: 4.422 GC heap before
{Heap before GC invocations=1 (full 0):
 PSYoungGen      total 27648K, used 24064K [0x00000000eab00000, 0x00000000ec980000, 0x0000000100000000)
  eden space 24064K, 100% used [0x00000000eab00000,0x00000000ec280000,0x00000000ec280000)
  from space 3584K, 0% used [0x00000000ec600000,0x00000000ec600000,0x00000000ec980000)
  to   space 3584K, 0% used [0x00000000ec280000,0x00000000ec280000,0x00000000ec600000)
 ParOldGen       total 62976K, used 0K [0x00000000c0000000, 0x00000000c3d80000, 0x00000000eab00000)
  object space 62976K, 0% used [0x00000000c0000000,0x00000000c0000000,0x00000000c3d80000)
 Metaspace       used 5951K, capacity 6896K, committed 7040K, reserved 1056768K
  class space    used 597K, capacity 616K, committed 640K, reserved 1048576K
Event: 4.615 GC heap after
Heap after GC invocations=1 (full 0):
 PSYoungGen      total 27648K, used 3578K [0x00000000eab00000, 0x00000000ee100000, 0x0000000100000000)
  eden space 24064K, 0% used [0x00000000eab00000,0x00000000eab00000,0x00000000ec280000)
  from space 3584K, 99% used [0x00000000ec280000,0x00000000ec5feab8,0x00000000ec600000)
  to   space 3584K, 0% used [0x00000000edd80000,0x00000000edd80000,0x00000000ee100000)
 ParOldGen       total 62976K, used 1555K [0x00000000c0000000, 0x00000000c3d80000, 0x00000000eab00000)
  object space 62976K, 2% used [0x00000000c0000000,0x00000000c0184cb0,0x00000000c3d80000)
 Metaspace       used 5951K, capacity 6896K, committed 7040K, reserved 1056768K
  class space    used 597K, capacity 616K, committed 640K, reserved 1048576K
}

Deoptimization events (1 events):
Event: 3.618 Thread 0x0000000016a70000 Uncommon trap: reason=unstable_if action=reinterpret pc=0x0000000002bf02f0 method=java.util.BitSet.nextSetBit(I)I @ 87

Internal exceptions (2 events):
Event: 0.398 Thread 0x00000000027bd800 Exception <a 'java/lang/NoSuchMethodError': Method sun.misc.Unsafe.defineClass(Ljava/lang/String;[BII)Ljava/lang/Class; name or signature does not match> (0x00000000eab13088) thrown at [C:\re\workspace\8-2-build-windows-amd64-cygwin\jdk8u60\4407\hotspot\sr—£÷lvÙ?
Event: 0.398 Thread 0x00000000027bd800 Exception <a 'java/lang/NoSuchMethodError': Method sun.misc.Unsafe.prefetchRead(Ljava/lang/Object;J)V name or signature does not match> (0x00000000eab13370) thrown at [C:\re\workspace\8-2-build-windows-amd64-cygwin\jdk8u60\4407\hotspot\src\share\vm\prims\j

Events (10 events):
Event: 3.611 loading class java/util/HashMap$ValueIterator done
Event: 3.618 Thread 0x0000000016a70000 Uncommon trap: trap_request=0xffffff65 fr.pc=0x0000000002bf02f0
Event: 3.618 Thread 0x0000000016a70000 DEOPT PACKING pc=0x0000000002bf02f0 sp=0x000000001730ed00
Event: 3.618 Thread 0x0000000016a70000 DEOPT UNPACKING pc=0x0000000002a3582a sp=0x000000001730ec98 mode 2
Event: 3.756 loading class com/android/dx/cf/attrib/AttConstantValue
Event: 3.756 loading class com/android/dx/cf/attrib/AttConstantValue done
Event: 4.231 Executing VM operation: ParallelGCFailedAllocation
Event: 4.615 Executing VM operation: ParallelGCFailedAllocation done
Event: 4.628 loading class com/android/dx/cf/attrib/AttExceptions
Event: 4.628 loading class com/android/dx/cf/attrib/AttExceptions done


Dynamic libraries:
0x00007ff689300000 - 0x00007ff689337000 	C:\Program Files\Java\jdk1.8.0_60\bin\java.exe
0x00007ffe6c170000 - 0x00007ffe6c341000 	C:\WINDOWS\SYSTEM32\ntdll.dll
0x00007ffe6bb70000 - 0x00007ffe6bc1b000 	C:\WINDOWS\System32\KERNEL32.DLL
0x00007ffe69400000 - 0x00007ffe6961d000 	C:\WINDOWS\System32\KERNELBASE.dll
0x00007ffe6bd90000 - 0x00007ffe6be32000 	C:\WINDOWS\System32\ADVAPI32.dll
0x00007ffe6c0d0000 - 0x00007ffe6c16e000 	C:\WINDOWS\System32\msvcrt.dll
0x00007ffe6a010000 - 0x00007ffe6a069000 	C:\WINDOWS\System32\sechost.dll
0x00007ffe6be40000 - 0x00007ffe6bf61000 	C:\WINDOWS\System32\RPCRT4.dll
0x00007ffe69890000 - 0x00007ffe699f5000 	C:\WINDOWS\System32\USER32.dll
0x00007ffe69620000 - 0x00007ffe6963e000 	C:\WINDOWS\System32\win32u.dll
0x00007ffe6b760000 - 0x00007ffe6b794000 	C:\WINDOWS\System32\GDI32.dll
0x00007ffe688b0000 - 0x00007ffe68a32000 	C:\WINDOWS\System32\gdi32full.dll
0x00007ffe674a0000 - 0x00007ffe67719000 	C:\WINDOWS\WinSxS\amd64_microsoft.windows.common-controls_6595b64144ccf1df_6.0.14393.447_none_42191651c6827bb3\COMCTL32.dll
0x00007ffe6b8a0000 - 0x00007ffe6bb67000 	C:\WINDOWS\System32\combase.dll
0x00007ffe68690000 - 0x00007ffe68785000 	C:\WINDOWS\System32\ucrtbase.dll
0x00007ffe68840000 - 0x00007ffe688aa000 	C:\WINDOWS\System32\bcryptPrimitives.dll
0x00007ffe69ec0000 - 0x00007ffe69eee000 	C:\WINDOWS\System32\IMM32.DLL
0x000000006a840000 - 0x000000006a912000 	C:\Program Files\Java\jdk1.8.0_60\jre\bin\msvcr100.dll
0x000000006aa80000 - 0x000000006b309000 	C:\Program Files\Java\jdk1.8.0_60\jre\bin\server\jvm.dll
0x00007ffe6b680000 - 0x00007ffe6b688000 	C:\WINDOWS\System32\PSAPI.DLL
0x00007ffe60060000 - 0x00007ffe60069000 	C:\WINDOWS\SYSTEM32\WSOCK32.dll
0x00007ffe6b6f0000 - 0x00007ffe6b75a000 	C:\WINDOWS\System32\WS2_32.dll
0x00007ffe66510000 - 0x00007ffe66533000 	C:\WINDOWS\SYSTEM32\WINMM.dll
0x00007ffe672a0000 - 0x00007ffe672aa000 	C:\WINDOWS\SYSTEM32\VERSION.dll
0x00007ffe664b0000 - 0x00007ffe664db000 	C:\WINDOWS\SYSTEM32\WINMMBASE.dll
0x00007ffe68640000 - 0x00007ffe68682000 	C:\WINDOWS\System32\cfgmgr32.dll
0x000000006bc60000 - 0x000000006bc6f000 	C:\Program Files\Java\jdk1.8.0_60\jre\bin\verify.dll
0x000000006bc30000 - 0x000000006bc59000 	C:\Program Files\Java\jdk1.8.0_60\jre\bin\java.dll
0x000000006bc10000 - 0x000000006bc26000 	C:\Program Files\Java\jdk1.8.0_60\jre\bin\zip.dll
0x00007ffe6a070000 - 0x00007ffe6b579000 	C:\WINDOWS\System32\SHELL32.dll
0x00007ffe68cc0000 - 0x00007ffe6939a000 	C:\WINDOWS\System32\windows.storage.dll
0x00007ffe685e0000 - 0x00007ffe6862c000 	C:\WINDOWS\System32\powrprof.dll
0x00007ffe69fb0000 - 0x00007ffe6a002000 	C:\WINDOWS\System32\shlwapi.dll
0x00007ffe68630000 - 0x00007ffe6863f000 	C:\WINDOWS\System32\kernel.appcore.dll
0x00007ffe68790000 - 0x00007ffe68839000 	C:\WINDOWS\System32\shcore.dll
0x00007ffe685c0000 - 0x00007ffe685d4000 	C:\WINDOWS\System32\profapi.dll

VM Arguments:
jvm_args: -Djava.awt.headless=true -Xmx1024M -Dfile.encoding=windows-1257 -Duser.country=US -Duser.language=en -Duser.variant 
java_command: com.android.dx.command.Main --dex --num-threads=4 --output C:\Users\user\AndroidStudioProjects\GeoTwitterClient\app\build\intermediates\pre-dexed\debug\com.google.android.gms-play-services-appindexing-8.4.0_c01bf3be30480c6d59dc89ce69e8e3f614e8fbc7.jar C:\Users\user\AndroidStudioProjects\GeoTwitterClient\app\build\intermediates\exploded-aar\com.google.android.gms\play-services-appindexing\8.4.0\jars\classes.jar
java_class_path (initial): C:\Users\user\AppData\Local\Android\sdk\build-tools\23.0.2\lib\dx.jar
Launcher Type: SUN_STANDARD

Environment Variables:
PATH=C:\Program Files (x86)\NVIDIA Corporation\PhysX\Common;C:\Program Files\Java\jdk1.8.0_60\bin;C:\ProgramData\Oracle\Java\javapath;C:\Program Files\Common Files\Microsoft Shared\Windows Live;C:\Program Files (x86)\Common Files\Microsoft Shared\Windows Live;C:\WINDOWS\system32;C:\WINDOWS;C:\WINDOWS\System32\Wbem;C:\WINDOWS\System32\WindowsPowerShell\v1.0\;C:\Program Files\WIDCOMM\Bluetooth Software\;C:\Program Files\WIDCOMM\Bluetooth Software\syswow64;C:\Program Files (x86)\Common Files\Roxio Shared\10.0\DLLShared\;C:\Program Files (x86)\Common Files\Roxio Shared\DLLShared\;C:\Program Files (x86)\Windows Live\Shared;C:\Program Files\Intel\WiFi\bin\;C:\Program Files\Common Files\Intel\WirelessCommon\;C:\Python27;C:\Program Files (x86)\IVI Foundation\VISA\WinNT\Bin;C:\Windows\SysWOW64;C:\WINDOWS\system32\config\systemprofile\.dnx\bin;C:\Program Files\Microsoft DNX\Dnvm\;C:\Program Files\Microsoft SQL Server\130\Tools\Binn\;C:\Program Files (x86)\Windows Kits\10\Windows Performance Toolkit\;C:\Program Files\ Java\jdk1.8.0_60\bin;;%USERPROFILE%\AppData\Local\Microsoft\WindowsApps
USERNAME=user
OS=Windows_NT
PROCESSOR_IDENTIFIER=Intel64 Family 6 Model 37 Stepping 2, GenuineIntel



---------------  S Y S T E M  ---------------

OS: Windows 10.0 , 64 bit Build 14393 (10.0.14393.0)

CPU:total 4 (2 cores per cpu, 2 threads per core) family 6 model 37 stepping 2, cmov, cx8, fxsr, mmx, sse, sse2, sse3, ssse3, sse4.1, sse4.2, popcnt, aes, clmul, ht, tsc, tscinvbit

Memory: 4k page, physical 5953352k(1190396k free), swap 6477640k(5288k free)

vm_info: Java HotSpot(TM) 64-Bit Server VM (25.60-b23) for windows-amd64 JRE (1.8.0_60-b27), built on Aug  4 2015 11:06:27 by "java_re" with MS VC++ 10.0 (VS2010)

time: Thu Dec 01 19:58:36 2016
elapsed time: 4 seconds (0d 0h 0m 4s)

