#
# There is insufficient memory for the Java Runtime Environment to continue.
# Native memory allocation (malloc) failed to allocate 32744 bytes for ChunkPool::allocate
# Possible reasons:
#   The system is out of physical RAM or swap space
#   In 32 bit mode, the process size limit was hit
# Possible solutions:
#   Reduce memory load on the system
#   Increase physical memory or swap space
#   Check if swap backing store is full
#   Use 64 bit Java on a 64 bit OS
#   Decrease Java heap size (-Xmx/-Xms)
#   Decrease number of Java threads
#   Decrease Java thread stack sizes (-Xss)
#   Set larger code cache with -XX:ReservedCodeCacheSize=
# This output file may be truncated or incomplete.
#
#  Out of Memory Error (allocation.cpp:273), pid=7720, tid=10004
#
# JRE version: Java(TM) SE Runtime Environment (8.0_60-b27) (build 1.8.0_60-b27)
# Java VM: Java HotSpot(TM) 64-Bit Server VM (25.60-b23 mixed mode windows-amd64 compressed oops)
# Failed to write core dump. Minidumps are not enabled by default on client versions of Windows
#

---------------  T H R E A D  ---------------

Current thread (0x0000000016c60800):  JavaThread "C1 CompilerThread2" daemon [_thread_in_native, id=10004, stack(0x0000000017050000,0x0000000017150000)]

Stack: [0x0000000017050000,0x0000000017150000]
[error occurred during error reporting (printing stack bounds), id 0xc0000005]

Native frames: (J=compiled Java code, j=interpreted, Vv=VM code, C=native code)


Current CompileTask:
C1:    845  610   !   3       com.android.dx.cf.code.BytecodeArray::parseInstruction (2764 bytes)


---------------  P R O C E S S  ---------------

Java Threads: ( => current thread )
  0x0000000016f4e000 JavaThread "pool-1-thread-4" [_thread_in_Java, id=5820, stack(0x0000000017f50000,0x0000000018050000)]
  0x0000000016f4d000 JavaThread "pool-1-thread-3" [_thread_in_Java, id=10092, stack(0x0000000017e50000,0x0000000017f50000)]
  0x0000000016ec2800 JavaThread "pool-1-thread-2" [_thread_in_Java, id=7280, stack(0x0000000017d50000,0x0000000017e50000)]
  0x0000000016ec0000 JavaThread "pool-2-thread-1" [_thread_blocked, id=10076, stack(0x0000000017c50000,0x0000000017d50000)]
  0x0000000016ebd000 JavaThread "pool-1-thread-1" [_thread_in_Java, id=1992, stack(0x0000000017b50000,0x0000000017c50000)]
  0x000000001546d000 JavaThread "Service Thread" daemon [_thread_blocked, id=6628, stack(0x0000000017150000,0x0000000017250000)]
=>0x0000000016c60800 JavaThread "C1 CompilerThread2" daemon [_thread_in_native, id=10004, stack(0x0000000017050000,0x0000000017150000)]
  0x0000000015463800 JavaThread "C2 CompilerThread1" daemon [_thread_in_native, id=7008, stack(0x0000000016b50000,0x0000000016c50000)]
  0x000000001540d800 JavaThread "C2 CompilerThread0" daemon [_thread_in_native, id=5692, stack(0x0000000016a50000,0x0000000016b50000)]
  0x000000001540c000 JavaThread "Attach Listener" daemon [_thread_blocked, id=4784, stack(0x0000000016950000,0x0000000016a50000)]
  0x000000001540a800 JavaThread "Signal Dispatcher" daemon [_thread_blocked, id=10048, stack(0x0000000016850000,0x0000000016950000)]
  0x0000000002d32000 JavaThread "Finalizer" daemon [_thread_blocked, id=1560, stack(0x0000000016660000,0x0000000016760000)]
  0x0000000002d2f800 JavaThread "Reference Handler" daemon [_thread_blocked, id=9716, stack(0x0000000016560000,0x0000000016660000)]
  0x0000000002b3d800 JavaThread "main" [_thread_in_Java, id=5124, stack(0x0000000002b40000,0x0000000002c40000)]

Other Threads:
  0x00000000153d7800 VMThread [stack: 0x0000000016460000,0x0000000016560000] [id=932]
  0x0000000016c6e800 WatcherThread [stack: 0x0000000017250000,0x0000000017350000] [id=11236]

VM state:not at safepoint (normal execution)

VM Mutex/Monitor currently owned by a thread: None

Heap:
 PSYoungGen      total 27648K, used 18859K [0x00000000eab00000, 0x00000000ec980000, 0x0000000100000000)
  eden space 24064K, 78% used [0x00000000eab00000,0x00000000ebd6ac80,0x00000000ec280000)
  from space 3584K, 0% used [0x00000000ec600000,0x00000000ec600000,0x00000000ec980000)
  to   space 3584K, 0% used [0x00000000ec280000,0x00000000ec280000,0x00000000ec600000)
 ParOldGen       total 62976K, used 0K [0x00000000c0000000, 0x00000000c3d80000, 0x00000000eab00000)
  object space 62976K, 0% used [0x00000000c0000000,0x00000000c0000000,0x00000000c3d80000)
 Metaspace       used 5559K, capacity 6512K, committed 6784K, reserved 1056768K
  class space    used 598K, capacity 616K, committed 640K, reserved 1048576K

Card table byte_map: [0x0000000012100000,0x0000000012310000] byte_map_base: 0x0000000011b00000

Marking Bits: (ParMarkBitMap*) 0x000000005a70a5b0
 Begin Bits: [0x0000000012870000, 0x0000000013870000)
 End Bits:   [0x0000000013870000, 0x0000000014870000)

Polling page: 0x0000000002a90000

CodeCache: size=245760Kb used=2279Kb max_used=2291Kb free=243480Kb
 bounds [0x0000000002d40000, 0x0000000002fb0000, 0x0000000011d40000]
 total_blobs=873 nmethods=605 adapters=182
 compilation: enabled

Compilation events (10 events):
Event: 0.834 Thread 0x000000001540d800  609       4       com.android.dx.util.Bits::set (19 bytes)
Event: 0.835 Thread 0x000000001540d800 nmethod 609 0x0000000002f7a3d0 code [0x0000000002f7a500, 0x0000000002f7a598]
Event: 0.835 Thread 0x0000000015463800  622   !   4       com.android.dx.util.IntList::get (36 bytes)
Event: 0.835 Thread 0x000000001540d800  623       4       java.lang.Long::bitCount (61 bytes)
Event: 0.836 Thread 0x000000001540d800 nmethod 623 0x0000000002f6b290 code [0x0000000002f6b3c0, 0x0000000002f6b478]
Event: 0.836 Thread 0x0000000015463800 nmethod 622 0x0000000002f7a110 code [0x0000000002f7a240, 0x0000000002f7a2f8]
Event: 0.840 Thread 0x000000001540d800  625       4       com.android.dx.rop.cst.Constant::compareTo (33 bytes)
Event: 0.841 Thread 0x000000001540d800 nmethod 625 0x0000000002f79e10 code [0x0000000002f79f60, 0x0000000002f7a018]
Event: 0.843 Thread 0x0000000015463800  626       4       com.android.dx.util.IntList::add (65 bytes)
Event: 0.843 Thread 0x000000001540d800  627       4       com.android.dx.util.IntList::growIfNeeded (46 bytes)

GC Heap History (0 events):
No events

Deoptimization events (2 events):
Event: 0.398 Thread 0x0000000002b3d800 Uncommon trap: reason=unstable_if action=reinterpret pc=0x0000000002e90d94 method=java.lang.String.compareTo(Ljava/lang/String;)I @ 38
Event: 0.797 Thread 0x0000000016f4e000 Uncommon trap: reason=unstable_if action=reinterpret pc=0x0000000002f5457c method=java.util.HashMap.getNode(ILjava/lang/Object;)Ljava/util/HashMap$Node; @ 62

Internal exceptions (2 events):
Event: 0.070 Thread 0x0000000002b3d800 Exception <a 'java/lang/NoSuchMethodError': Method sun.misc.Unsafe.defineClass(Ljava/lang/String;[BII)Ljava/lang/Class; name or signature does not match> (0x00000000eab13088) thrown at [C:\re\workspace\8-2-build-windows-amd64-cygwin\jdk8u60\4407\hotspot\sr÷ÂÓyï±?
Event: 0.070 Thread 0x0000000002b3d800 Exception <a 'java/lang/NoSuchMethodError': Method sun.misc.Unsafe.prefetchRead(Ljava/lang/Object;J)V name or signature does not match> (0x00000000eab13370) thrown at [C:\re\workspace\8-2-build-windows-amd64-cygwin\jdk8u60\4407\hotspot\src\share\vm\prims\j

Events (10 events):
Event: 0.769 loading class java/util/TreeMap$EntryIterator done
Event: 0.773 loading class com/android/dx/ssa/PhiInsn$Operand
Event: 0.773 loading class com/android/dx/ssa/PhiInsn$Operand done
Event: 0.797 Thread 0x0000000016f4e000 Uncommon trap: trap_request=0xffffff65 fr.pc=0x0000000002f5457c
Event: 0.797 Thread 0x0000000016f4e000 DEOPT PACKING pc=0x0000000002f5457c sp=0x000000001804eaf0
Event: 0.797 Thread 0x0000000016f4e000 DEOPT UNPACKING pc=0x0000000002d8582a sp=0x000000001804ea68 mode 2
Event: 0.829 loading class com/android/dx/cf/code/BytecodeArray$ConstantParserVisitor
Event: 0.829 loading class com/android/dx/cf/code/BytecodeArray$ConstantParserVisitor done
Event: 0.841 loading class com/android/dx/ssa/back/FirstFitLocalCombiningAllocator$Multiset
Event: 0.841 loading class com/android/dx/ssa/back/FirstFitLocalCombiningAllocator$Multiset done


Dynamic libraries:
0x00007ff607f10000 - 0x00007ff607f47000 	C:\Program Files\Java\jdk1.8.0_60\bin\java.exe
0x00007ffe13380000 - 0x00007ffe13551000 	C:\WINDOWS\SYSTEM32\ntdll.dll
0x00007ffe112b0000 - 0x00007ffe1135b000 	C:\WINDOWS\System32\KERNEL32.DLL
0x00007ffe10490000 - 0x00007ffe106ad000 	C:\WINDOWS\System32\KERNELBASE.dll
0x00007ffe113b0000 - 0x00007ffe11452000 	C:\WINDOWS\System32\ADVAPI32.dll
0x00007ffe10a90000 - 0x00007ffe10b2e000 	C:\WINDOWS\System32\msvcrt.dll
0x00007ffe11590000 - 0x00007ffe115e9000 	C:\WINDOWS\System32\sechost.dll
0x00007ffe10b30000 - 0x00007ffe10c51000 	C:\WINDOWS\System32\RPCRT4.dll
0x00007ffe12ba0000 - 0x00007ffe12d05000 	C:\WINDOWS\System32\USER32.dll
0x00007ffe0f850000 - 0x00007ffe0f86e000 	C:\WINDOWS\System32\win32u.dll
0x00007ffe11370000 - 0x00007ffe113a4000 	C:\WINDOWS\System32\GDI32.dll
0x00007ffe10760000 - 0x00007ffe108e2000 	C:\WINDOWS\System32\gdi32full.dll
0x00007ffe0e6b0000 - 0x00007ffe0e929000 	C:\WINDOWS\WinSxS\amd64_microsoft.windows.common-controls_6595b64144ccf1df_6.0.14393.447_none_42191651c6827bb3\COMCTL32.dll
0x00007ffe10da0000 - 0x00007ffe11067000 	C:\WINDOWS\System32\combase.dll
0x00007ffe0f8c0000 - 0x00007ffe0f9b5000 	C:\WINDOWS\System32\ucrtbase.dll
0x00007ffe101a0000 - 0x00007ffe1020a000 	C:\WINDOWS\System32\bcryptPrimitives.dll
0x00007ffe12b70000 - 0x00007ffe12b9e000 	C:\WINDOWS\System32\IMM32.DLL
0x0000000059a80000 - 0x0000000059b52000 	C:\Program Files\Java\jdk1.8.0_60\jre\bin\msvcr100.dll
0x0000000059f00000 - 0x000000005a789000 	C:\Program Files\Java\jdk1.8.0_60\jre\bin\server\jvm.dll
0x00007ffe11360000 - 0x00007ffe11368000 	C:\WINDOWS\System32\PSAPI.DLL
0x00007ffe052a0000 - 0x00007ffe052a9000 	C:\WINDOWS\SYSTEM32\WSOCK32.dll
0x00007ffe0d6f0000 - 0x00007ffe0d713000 	C:\WINDOWS\SYSTEM32\WINMM.dll
0x00007ffe10a20000 - 0x00007ffe10a8a000 	C:\WINDOWS\System32\WS2_32.dll
0x00007ffe0e4b0000 - 0x00007ffe0e4ba000 	C:\WINDOWS\SYSTEM32\VERSION.dll
0x00007ffe0d690000 - 0x00007ffe0d6bb000 	C:\WINDOWS\SYSTEM32\WINMMBASE.dll
0x00007ffe0f870000 - 0x00007ffe0f8b2000 	C:\WINDOWS\System32\cfgmgr32.dll
0x000000005b5c0000 - 0x000000005b5cf000 	C:\Program Files\Java\jdk1.8.0_60\jre\bin\verify.dll
0x000000005b590000 - 0x000000005b5b9000 	C:\Program Files\Java\jdk1.8.0_60\jre\bin\java.dll
0x000000005b570000 - 0x000000005b586000 	C:\Program Files\Java\jdk1.8.0_60\jre\bin\zip.dll
0x00007ffe11650000 - 0x00007ffe12b59000 	C:\WINDOWS\System32\SHELL32.dll
0x00007ffe0fac0000 - 0x00007ffe1019a000 	C:\WINDOWS\System32\windows.storage.dll
0x00007ffe0f800000 - 0x00007ffe0f84c000 	C:\WINDOWS\System32\powrprof.dll
0x00007ffe13300000 - 0x00007ffe13352000 	C:\WINDOWS\System32\shlwapi.dll
0x00007ffe0f7c0000 - 0x00007ffe0f7cf000 	C:\WINDOWS\System32\kernel.appcore.dll
0x00007ffe106b0000 - 0x00007ffe10759000 	C:\WINDOWS\System32\shcore.dll
0x00007ffe0f7d0000 - 0x00007ffe0f7e4000 	C:\WINDOWS\System32\profapi.dll

VM Arguments:
jvm_args: -Djava.awt.headless=true -Xmx1024M -Dfile.encoding=windows-1257 -Duser.country=US -Duser.language=en -Duser.variant 
java_command: com.android.dx.command.Main --dex --num-threads=4 --output C:\Users\user\AndroidStudioProjects\GeoTwitterClient\app\build\intermediates\pre-dexed\debug\com.android.support-appcompat-v7-23.2.1_d815041835889a496b849596e60c4fc7c65ce143.jar C:\Users\user\AndroidStudioProjects\GeoTwitterClient\app\build\intermediates\exploded-aar\com.android.support\appcompat-v7\23.2.1\jars\classes.jar
java_class_path (initial): C:\Users\user\AppData\Local\Android\sdk\build-tools\23.0.2\lib\dx.jar
Launcher Type: SUN_STANDARD

Environment Variables:
PATH=C:\Program Files (x86)\NVIDIA Corporation\PhysX\Common;C:\Program Files\Java\jdk1.8.0_60\bin;C:\ProgramData\Oracle\Java\javapath;C:\Program Files\Common Files\Microsoft Shared\Windows Live;C:\Program Files (x86)\Common Files\Microsoft Shared\Windows Live;C:\WINDOWS\system32;C:\WINDOWS;C:\WINDOWS\System32\Wbem;C:\WINDOWS\System32\WindowsPowerShell\v1.0\;C:\Program Files\WIDCOMM\Bluetooth Software\;C:\Program Files\WIDCOMM\Bluetooth Software\syswow64;C:\Program Files (x86)\Common Files\Roxio Shared\10.0\DLLShared\;C:\Program Files (x86)\Common Files\Roxio Shared\DLLShared\;C:\Program Files (x86)\Windows Live\Shared;C:\Program Files\Intel\WiFi\bin\;C:\Program Files\Common Files\Intel\WirelessCommon\;C:\Python27;C:\Program Files (x86)\IVI Foundation\VISA\WinNT\Bin;C:\Windows\SysWOW64;C:\WINDOWS\system32\config\systemprofile\.dnx\bin;C:\Program Files\Microsoft DNX\Dnvm\;C:\Program Files\Microsoft SQL Server\130\Tools\Binn\;C:\Program Files (x86)\Windows Kits\10\Windows Performance Toolkit\;C:\Program Files\ Java\jdk1.8.0_60\bin;;%USERPROFILE%\AppData\Local\Microsoft\WindowsApps
USERNAME=user
OS=Windows_NT
PROCESSOR_IDENTIFIER=Intel64 Family 6 Model 37 Stepping 2, GenuineIntel



---------------  S Y S T E M  ---------------

OS: Windows 10.0 , 64 bit Build 14393 (10.0.14393.0)

CPU:total 4 (2 cores per cpu, 2 threads per core) family 6 model 37 stepping 2, cmov, cx8, fxsr, mmx, sse, sse2, sse3, ssse3, sse4.1, sse4.2, popcnt, aes, clmul, ht, tsc, tscinvbit

Memory: 4k page, physical 5953352k(1426756k free), swap 6477640k(5144k free)

vm_info: Java HotSpot(TM) 64-Bit Server VM (25.60-b23) for windows-amd64 JRE (1.8.0_60-b27), built on Aug  4 2015 11:06:27 by "java_re" with MS VC++ 10.0 (VS2010)

time: Thu Dec 08 19:21:00 2016
elapsed time: 0 seconds (0d 0h 0m 0s)

