#
# There is insufficient memory for the Java Runtime Environment to continue.
# Native memory allocation (malloc) failed to allocate 1943936 bytes for Chunk::new
# Possible reasons:
#   The system is out of physical RAM or swap space
#   In 32 bit mode, the process size limit was hit
# Possible solutions:
#   Reduce memory load on the system
#   Increase physical memory or swap space
#   Check if swap backing store is full
#   Use 64 bit Java on a 64 bit OS
#   Decrease Java heap size (-Xmx/-Xms)
#   Decrease number of Java threads
#   Decrease Java thread stack sizes (-Xss)
#   Set larger code cache with -XX:ReservedCodeCacheSize=
# This output file may be truncated or incomplete.
#
#  Out of Memory Error (allocation.cpp:390), pid=7980, tid=7860
#
# JRE version: Java(TM) SE Runtime Environment (8.0_60-b27) (build 1.8.0_60-b27)
# Java VM: Java HotSpot(TM) 64-Bit Server VM (25.60-b23 mixed mode windows-amd64 compressed oops)
# Failed to write core dump. Minidumps are not enabled by default on client versions of Windows
#

---------------  T H R E A D  ---------------

Current thread (0x0000000014b42800):  JavaThread "C2 CompilerThread1" daemon [_thread_in_native, id=7860, stack(0x0000000016280000,0x0000000016380000)]

Stack: [0x0000000016280000,0x0000000016380000]
[error occurred during error reporting (printing stack bounds), id 0xc0000005]

Native frames: (J=compiled Java code, j=interpreted, Vv=VM code, C=native code)


Current CompileTask:
C2:  56648 2706       4       com.android.dx.dex.cf.CfTranslator::translate0 (259 bytes)


---------------  P R O C E S S  ---------------

Java Threads: ( => current thread )
  0x00000000170b3000 JavaThread "pool-1-thread-4" [_thread_in_Java, id=10568, stack(0x0000000018650000,0x0000000018750000)]
  0x00000000167e8800 JavaThread "pool-1-thread-3" [_thread_in_Java, id=4524, stack(0x0000000018550000,0x0000000018650000)]
  0x00000000167e8000 JavaThread "pool-1-thread-2" [_thread_blocked, id=9176, stack(0x0000000018450000,0x0000000018550000)]
  0x000000001702c800 JavaThread "pool-2-thread-1" [_thread_blocked, id=10816, stack(0x0000000018350000,0x0000000018450000)]
  0x000000001702b800 JavaThread "pool-1-thread-1" [_thread_blocked, id=9336, stack(0x0000000018250000,0x0000000018350000)]
  0x0000000016484800 JavaThread "Service Thread" daemon [_thread_blocked, id=11420, stack(0x0000000016880000,0x0000000016980000)]
  0x0000000014b9b000 JavaThread "C1 CompilerThread2" daemon [_thread_blocked, id=3152, stack(0x0000000016380000,0x0000000016480000)]
=>0x0000000014b42800 JavaThread "C2 CompilerThread1" daemon [_thread_in_native, id=7860, stack(0x0000000016280000,0x0000000016380000)]
  0x0000000014b3d000 JavaThread "C2 CompilerThread0" daemon [_thread_in_native, id=7076, stack(0x0000000016180000,0x0000000016280000)]
  0x0000000014b3b000 JavaThread "Attach Listener" daemon [_thread_blocked, id=6900, stack(0x0000000016080000,0x0000000016180000)]
  0x0000000014b3a000 JavaThread "Signal Dispatcher" daemon [_thread_blocked, id=6124, stack(0x0000000015f80000,0x0000000016080000)]
  0x0000000002370800 JavaThread "Finalizer" daemon [_thread_blocked, id=9248, stack(0x0000000015d90000,0x0000000015e90000)]
  0x000000000236d800 JavaThread "Reference Handler" daemon [_thread_blocked, id=12280, stack(0x0000000015c90000,0x0000000015d90000)]
  0x000000000246d800 JavaThread "main" [_thread_in_vm, id=5276, stack(0x00000000020d0000,0x00000000021d0000)]

Other Threads:
  0x0000000014b08800 VMThread [stack: 0x0000000015b90000,0x0000000015c90000] [id=11892]
  0x000000001649a000 WatcherThread [stack: 0x0000000016980000,0x0000000016a80000] [id=4112]

VM state:not at safepoint (normal execution)

VM Mutex/Monitor currently owned by a thread: None

Heap:
 PSYoungGen      total 232960K, used 134936K [0x00000000eab00000, 0x0000000100000000, 0x0000000100000000)
  eden space 116736K, 91% used [0x00000000eab00000,0x00000000f1369e10,0x00000000f1d00000)
  from space 116224K, 24% used [0x00000000f1d00000,0x00000000f385c288,0x00000000f8e80000)
  to   space 116224K, 0% used [0x00000000f8e80000,0x00000000f8e80000,0x0000000100000000)
 ParOldGen       total 450048K, used 257579K [0x00000000c0000000, 0x00000000db780000, 0x00000000eab00000)
  object space 450048K, 57% used [0x00000000c0000000,0x00000000cfb8afd8,0x00000000db780000)
 Metaspace       used 6535K, capacity 7256K, committed 7424K, reserved 1056768K
  class space    used 625K, capacity 656K, committed 768K, reserved 1048576K

Card table byte_map: [0x0000000011830000,0x0000000011a40000] byte_map_base: 0x0000000011230000

Marking Bits: (ParMarkBitMap*) 0x000000006b28a5b0
 Begin Bits: [0x0000000011fa0000, 0x0000000012fa0000)
 End Bits:   [0x0000000012fa0000, 0x0000000013fa0000)

Polling page: 0x00000000001f0000

CodeCache: size=245760Kb used=10564Kb max_used=10694Kb free=235195Kb
 bounds [0x0000000002470000, 0x0000000002f10000, 0x0000000011470000]
 total_blobs=2325 nmethods=2056 adapters=182
 compilation: enabled

Compilation events (10 events):
Event: 55.920 Thread 0x0000000014b42800 nmethod 2703 0x00000000027c4b90 code [0x00000000027c4ce0, 0x00000000027c5058]
Event: 55.920 Thread 0x0000000014b42800 2700       4       com.android.dx.cf.code.ExecutionStack::clear (40 bytes)
Event: 55.925 Thread 0x0000000014b42800 nmethod 2700 0x000000000262f590 code [0x000000000262f6c0, 0x000000000262f798]
Event: 55.926 Thread 0x0000000014b42800 2706       4       com.android.dx.dex.cf.CfTranslator::translate0 (259 bytes)
Event: 56.409 Thread 0x0000000014b9b000 2710       3       java.util.RegularEnumSet::remove (74 bytes)
Event: 56.410 Thread 0x0000000014b9b000 nmethod 2710 0x0000000002837a50 code [0x0000000002837be0, 0x0000000002838188]
Event: 56.600 Thread 0x0000000014b3d000 nmethod 2650 0x0000000002ef7290 code [0x0000000002ef7860, 0x0000000002effc60]
Event: 56.601 Thread 0x0000000014b3d000 2709       4       com.android.dx.rop.cst.CstLiteral64::equals (36 bytes)
Event: 56.602 Thread 0x0000000014b3d000 nmethod 2709 0x0000000002630390 code [0x00000000026304c0, 0x0000000002630578]
Event: 56.603 Thread 0x0000000014b3d000 2707       4       com.android.dx.cf.code.Ropper$CatchInfo::getSetup (53 bytes)

GC Heap History (10 events):
Event: 49.063 GC heap before
{Heap before GC invocations=15 (full 3):
 PSYoungGen      total 220160K, used 220131K [0x00000000eab00000, 0x0000000100000000, 0x0000000100000000)
  eden space 115200K, 100% used [0x00000000eab00000,0x00000000f1b80000,0x00000000f1b80000)
  from space 104960K, 99% used [0x00000000f1b80000,0x00000000f81f8d18,0x00000000f8200000)
  to   space 116224K, 0% used [0x00000000f8e80000,0x00000000f8e80000,0x0000000100000000)
 ParOldGen       total 404480K, used 241344K [0x00000000c0000000, 0x00000000d8b00000, 0x00000000eab00000)
  object space 404480K, 59% used [0x00000000c0000000,0x00000000cebb02d8,0x00000000d8b00000)
 Metaspace       used 6524K, capacity 7256K, committed 7424K, reserved 1056768K
  class space    used 625K, capacity 656K, committed 768K, reserved 1048576K
Event: 49.321 GC heap after
Heap after GC invocations=15 (full 3):
 PSYoungGen      total 232960K, used 116216K [0x00000000eab00000, 0x0000000100000000, 0x0000000100000000)
  eden space 116736K, 0% used [0x00000000eab00000,0x00000000eab00000,0x00000000f1d00000)
  from space 116224K, 99% used [0x00000000f8e80000,0x00000000ffffe0f8,0x0000000100000000)
  to   space 116224K, 0% used [0x00000000f1d00000,0x00000000f1d00000,0x00000000f8e80000)
 ParOldGen       total 404480K, used 279810K [0x00000000c0000000, 0x00000000d8b00000, 0x00000000eab00000)
  object space 404480K, 69% used [0x00000000c0000000,0x00000000d11408d0,0x00000000d8b00000)
 Metaspace       used 6524K, capacity 7256K, committed 7424K, reserved 1056768K
  class space    used 625K, capacity 656K, committed 768K, reserved 1048576K
}
Event: 49.637 GC heap before
{Heap before GC invocations=16 (full 3):
 PSYoungGen      total 232960K, used 232952K [0x00000000eab00000, 0x0000000100000000, 0x0000000100000000)
  eden space 116736K, 100% used [0x00000000eab00000,0x00000000f1d00000,0x00000000f1d00000)
  from space 116224K, 99% used [0x00000000f8e80000,0x00000000ffffe0f8,0x0000000100000000)
  to   space 116224K, 0% used [0x00000000f1d00000,0x00000000f1d00000,0x00000000f8e80000)
 ParOldGen       total 404480K, used 279812K [0x00000000c0000000, 0x00000000d8b00000, 0x00000000eab00000)
  object space 404480K, 69% used [0x00000000c0000000,0x00000000d1141020,0x00000000d8b00000)
 Metaspace       used 6528K, capacity 7256K, committed 7424K, reserved 1056768K
  class space    used 625K, capacity 656K, committed 768K, reserved 1048576K
Event: 49.893 GC heap after
Heap after GC invocations=16 (full 3):
 PSYoungGen      total 232960K, used 114156K [0x00000000eab00000, 0x0000000100000000, 0x0000000100000000)
  eden space 116736K, 0% used [0x00000000eab00000,0x00000000eab00000,0x00000000f1d00000)
  from space 116224K, 98% used [0x00000000f1d00000,0x00000000f8c7b050,0x00000000f8e80000)
  to   space 116224K, 0% used [0x00000000f8e80000,0x00000000f8e80000,0x0000000100000000)
 ParOldGen       total 404480K, used 337444K [0x00000000c0000000, 0x00000000d8b00000, 0x00000000eab00000)
  object space 404480K, 83% used [0x00000000c0000000,0x00000000d4989080,0x00000000d8b00000)
 Metaspace       used 6528K, capacity 7256K, committed 7424K, reserved 1056768K
  class space    used 625K, capacity 656K, committed 768K, reserved 1048576K
}
Event: 49.893 GC heap before
{Heap before GC invocations=17 (full 4):
 PSYoungGen      total 232960K, used 114156K [0x00000000eab00000, 0x0000000100000000, 0x0000000100000000)
  eden space 116736K, 0% used [0x00000000eab00000,0x00000000eab00000,0x00000000f1d00000)
  from space 116224K, 98% used [0x00000000f1d00000,0x00000000f8c7b050,0x00000000f8e80000)
  to   space 116224K, 0% used [0x00000000f8e80000,0x00000000f8e80000,0x0000000100000000)
 ParOldGen       total 404480K, used 337444K [0x00000000c0000000, 0x00000000d8b00000, 0x00000000eab00000)
  object space 404480K, 83% used [0x00000000c0000000,0x00000000d4989080,0x00000000d8b00000)
 Metaspace       used 6528K, capacity 7256K, committed 7424K, reserved 1056768K
  class space    used 625K, capacity 656K, committed 768K, reserved 1048576K
Event: 52.300 GC heap after
Heap after GC invocations=17 (full 4):
 PSYoungGen      total 232960K, used 0K [0x00000000eab00000, 0x0000000100000000, 0x0000000100000000)
  eden space 116736K, 0% used [0x00000000eab00000,0x00000000eab00000,0x00000000f1d00000)
  from space 116224K, 0% used [0x00000000f1d00000,0x00000000f1d00000,0x00000000f8e80000)
  to   space 116224K, 0% used [0x00000000f8e80000,0x00000000f8e80000,0x0000000100000000)
 ParOldGen       total 450048K, used 231486K [0x00000000c0000000, 0x00000000db780000, 0x00000000eab00000)
  object space 450048K, 51% used [0x00000000c0000000,0x00000000ce20fad8,0x00000000db780000)
 Metaspace       used 6528K, capacity 7256K, committed 7424K, reserved 1056768K
  class space    used 625K, capacity 656K, committed 768K, reserved 1048576K
}
Event: 52.766 GC heap before
{Heap before GC invocations=18 (full 4):
 PSYoungGen      total 232960K, used 116736K [0x00000000eab00000, 0x0000000100000000, 0x0000000100000000)
  eden space 116736K, 100% used [0x00000000eab00000,0x00000000f1d00000,0x00000000f1d00000)
  from space 116224K, 0% used [0x00000000f1d00000,0x00000000f1d00000,0x00000000f8e80000)
  to   space 116224K, 0% used [0x00000000f8e80000,0x00000000f8e80000,0x0000000100000000)
 ParOldGen       total 450048K, used 231486K [0x00000000c0000000, 0x00000000db780000, 0x00000000eab00000)
  object space 450048K, 51% used [0x00000000c0000000,0x00000000ce20fad8,0x00000000db780000)
 Metaspace       used 6529K, capacity 7256K, committed 7424K, reserved 1056768K
  class space    used 625K, capacity 656K, committed 768K, reserved 1048576K
Event: 52.835 GC heap after
Heap after GC invocations=18 (full 4):
 PSYoungGen      total 232960K, used 29898K [0x00000000eab00000, 0x0000000100000000, 0x0000000100000000)
  eden space 116736K, 0% used [0x00000000eab00000,0x00000000eab00000,0x00000000f1d00000)
  from space 116224K, 25% used [0x00000000f8e80000,0x00000000fabb28d8,0x0000000100000000)
  to   space 116224K, 0% used [0x00000000f1d00000,0x00000000f1d00000,0x00000000f8e80000)
 ParOldGen       total 450048K, used 231486K [0x00000000c0000000, 0x00000000db780000, 0x00000000eab00000)
  object space 450048K, 51% used [0x00000000c0000000,0x00000000ce20fad8,0x00000000db780000)
 Metaspace       used 6529K, capacity 7256K, committed 7424K, reserved 1056768K
  class space    used 625K, capacity 656K, committed 768K, reserved 1048576K
}
Event: 53.549 GC heap before
{Heap before GC invocations=19 (full 4):
 PSYoungGen      total 232960K, used 146634K [0x00000000eab00000, 0x0000000100000000, 0x0000000100000000)
  eden space 116736K, 100% used [0x00000000eab00000,0x00000000f1d00000,0x00000000f1d00000)
  from space 116224K, 25% used [0x00000000f8e80000,0x00000000fabb28d8,0x0000000100000000)
  to   space 116224K, 0% used [0x00000000f1d00000,0x00000000f1d00000,0x00000000f8e80000)
 ParOldGen       total 450048K, used 231486K [0x00000000c0000000, 0x00000000db780000, 0x00000000eab00000)
  object space 450048K, 51% used [0x00000000c0000000,0x00000000ce20fad8,0x00000000db780000)
 Metaspace       used 6532K, capacity 7256K, committed 7424K, reserved 1056768K
  class space    used 625K, capacity 656K, committed 768K, reserved 1048576K
Event: 53.672 GC heap after
Heap after GC invocations=19 (full 4):
 PSYoungGen      total 232960K, used 28016K [0x00000000eab00000, 0x0000000100000000, 0x0000000100000000)
  eden space 116736K, 0% used [0x00000000eab00000,0x00000000eab00000,0x00000000f1d00000)
  from space 116224K, 24% used [0x00000000f1d00000,0x00000000f385c288,0x00000000f8e80000)
  to   space 116224K, 0% used [0x00000000f8e80000,0x00000000f8e80000,0x0000000100000000)
 ParOldGen       total 450048K, used 257579K [0x00000000c0000000, 0x00000000db780000, 0x00000000eab00000)
  object space 450048K, 57% used [0x00000000c0000000,0x00000000cfb8afd8,0x00000000db780000)
 Metaspace       used 6532K, capacity 7256K, committed 7424K, reserved 1056768K
  class space    used 625K, capacity 656K, committed 768K, reserved 1048576K
}

Deoptimization events (10 events):
Event: 53.473 Thread 0x000000000246d800 Uncommon trap: reason=unstable_if action=reinterpret pc=0x0000000002bc6778 method=com.android.dx.cf.code.Ropper.isSynchronized()Z @ 12
Event: 53.748 Thread 0x000000000246d800 Uncommon trap: reason=unstable_if action=reinterpret pc=0x0000000002952ffc method=com.android.dx.util.IntList.binarysearch(I)I @ 105
Event: 53.897 Thread 0x000000000246d800 Uncommon trap: reason=unstable_if action=reinterpret pc=0x00000000029ff3dc method=com.android.dx.cf.code.ByteCatchList.typeNotFound(Lcom/android/dx/cf/code/ByteCatchList$Item;[Lcom/android/dx/cf/code/ByteCatchList$Item;I)Z @ 34
Event: 54.064 Thread 0x00000000167e8000 Uncommon trap: reason=class_check action=maybe_recompile pc=0x0000000002c60b80 method=com.android.dx.cf.code.BaseMachine.addResult(Lcom/android/dx/rop/type/TypeBearer;)V @ 23
Event: 54.065 Thread 0x000000000246d800 Uncommon trap: reason=unstable_if action=reinterpret pc=0x0000000002734c28 method=com.android.dx.ssa.SCCP.simulateBranch(Lcom/android/dx/ssa/SsaInsn;)V @ 334
Event: 54.069 Thread 0x00000000167e8000 Uncommon trap: reason=bimorphic action=maybe_recompile pc=0x0000000002e8e964 method=com.android.dx.cf.code.BytecodeArray.parseInstruction(ILcom/android/dx/cf/code/BytecodeArray$Visitor;)I @ 1161
Event: 54.070 Thread 0x00000000167e8000 Uncommon trap: reason=unstable_if action=reinterpret pc=0x00000000027d62dc method=com.android.dx.rop.code.DexTranslationAdvice.hasConstantOperation(Lcom/android/dx/rop/code/Rop;Lcom/android/dx/rop/code/RegisterSpec;Lcom/android/dx/rop/code/RegisterSpec;)Z ÌiÐ		K@
Event: 54.071 Thread 0x00000000167e8000 Uncommon trap: reason=bimorphic action=maybe_recompile pc=0x0000000002e8e964 method=com.android.dx.cf.code.BytecodeArray.parseInstruction(ILcom/android/dx/cf/code/BytecodeArray$Visitor;)I @ 1161
Event: 54.215 Thread 0x00000000167e8000 Uncommon trap: reason=unstable_if action=reinterpret pc=0x00000000028eac60 method=com.android.dx.cf.code.Merger.mergeType(Lcom/android/dx/rop/type/TypeBearer;Lcom/android/dx/rop/type/TypeBearer;)Lcom/android/dx/rop/type/TypeBearer; @ 77
Event: 54.216 Thread 0x00000000167e8000 Uncommon trap: reason=unstable_if action=reinterpret pc=0x0000000002c49438 method=com.android.dx.cf.code.Merger.mergeType(Lcom/android/dx/rop/type/TypeBearer;Lcom/android/dx/rop/type/TypeBearer;)Lcom/android/dx/rop/type/TypeBearer; @ 52

Internal exceptions (6 events):
Event: 0.095 Thread 0x000000000246d800 Exception <a 'java/lang/NoSuchMethodError': Method sun.misc.Unsafe.defineClass(Ljava/lang/String;[BII)Ljava/lang/Class; name or signature does not match> (0x00000000eab13088) thrown at [C:\re\workspace\8-2-build-windows-amd64-cygwin\jdk8u60\4407\hotspot\sr‡H’Ž&\¸?
Event: 0.095 Thread 0x000000000246d800 Exception <a 'java/lang/NoSuchMethodError': Method sun.misc.Unsafe.prefetchRead(Ljava/lang/Object;J)V name or signature does not match> (0x00000000eab13370) thrown at [C:\re\workspace\8-2-build-windows-amd64-cygwin\jdk8u60\4407\hotspot\src\share\vm\prims\jôžÍ
Event: 2.100 Thread 0x000000000246d800 Implicit null exception at 0x000000000272c562 to 0x000000000272c652
Event: 7.566 Thread 0x00000000167e8000 Exception <a 'java/lang/ArrayIndexOutOfBoundsException': 18> (0x00000000ec0f9148) thrown at [C:\re\workspace\8-2-build-windows-amd64-cygwin\jdk8u60\4407\hotspot\src\share\vm\interpreter\interpreterRuntime.cpp, line 366]
Event: 7.567 Thread 0x00000000167e8000 Exception <a 'java/lang/ArrayIndexOutOfBoundsException'> (0x00000000ec0facc8) thrown at [C:\re\workspace\8-2-build-windows-amd64-cygwin\jdk8u60\4407\hotspot\src\share\vm\runtime\sharedRuntime.cpp, line 605]
Event: 7.568 Thread 0x00000000167e8000 Exception <a 'java/lang/ArrayIndexOutOfBoundsException'> (0x00000000ec0fbfb0) thrown at [C:\re\workspace\8-2-build-windows-amd64-cygwin\jdk8u60\4407\hotspot\src\share\vm\runtime\sharedRuntime.cpp, line 605]

Events (10 events):
Event: 55.920 Thread 0x0000000014b42800 flushing nmethod 0x0000000002876210
Event: 55.920 Thread 0x0000000014b42800 flushing nmethod 0x0000000002878e50
Event: 55.925 Thread 0x0000000014b42800 flushing nmethod 0x00000000028b10d0
Event: 55.925 Thread 0x0000000014b42800 flushing nmethod 0x00000000028bf010
Event: 56.410 Thread 0x0000000014b9b000 flushing nmethod 0x000000000290a710
Event: 56.411 Thread 0x0000000014b9b000 flushing nmethod 0x0000000002930b90
Event: 56.601 Thread 0x0000000014b3d000 flushing nmethod 0x00000000029af5d0
Event: 56.601 Thread 0x0000000014b3d000 flushing nmethod 0x00000000029b7cd0
Event: 56.601 Thread 0x0000000014b3d000 flushing nmethod 0x00000000029df650
Event: 56.603 Thread 0x0000000014b3d000 flushing nmethod 0x0000000002a3c750


Dynamic libraries:
0x00007ff689300000 - 0x00007ff689337000 	C:\Program Files\Java\jdk1.8.0_60\bin\java.exe
0x00007ffe6c170000 - 0x00007ffe6c341000 	C:\WINDOWS\SYSTEM32\ntdll.dll
0x00007ffe6bb70000 - 0x00007ffe6bc1b000 	C:\WINDOWS\System32\KERNEL32.DLL
0x00007ffe69400000 - 0x00007ffe6961d000 	C:\WINDOWS\System32\KERNELBASE.dll
0x00007ffe6bd90000 - 0x00007ffe6be32000 	C:\WINDOWS\System32\ADVAPI32.dll
0x00007ffe6c0d0000 - 0x00007ffe6c16e000 	C:\WINDOWS\System32\msvcrt.dll
0x00007ffe6a010000 - 0x00007ffe6a069000 	C:\WINDOWS\System32\sechost.dll
0x00007ffe6be40000 - 0x00007ffe6bf61000 	C:\WINDOWS\System32\RPCRT4.dll
0x00007ffe69890000 - 0x00007ffe699f5000 	C:\WINDOWS\System32\USER32.dll
0x00007ffe69620000 - 0x00007ffe6963e000 	C:\WINDOWS\System32\win32u.dll
0x00007ffe6b760000 - 0x00007ffe6b794000 	C:\WINDOWS\System32\GDI32.dll
0x00007ffe688b0000 - 0x00007ffe68a32000 	C:\WINDOWS\System32\gdi32full.dll
0x00007ffe674a0000 - 0x00007ffe67719000 	C:\WINDOWS\WinSxS\amd64_microsoft.windows.common-controls_6595b64144ccf1df_6.0.14393.447_none_42191651c6827bb3\COMCTL32.dll
0x00007ffe6b8a0000 - 0x00007ffe6bb67000 	C:\WINDOWS\System32\combase.dll
0x00007ffe68690000 - 0x00007ffe68785000 	C:\WINDOWS\System32\ucrtbase.dll
0x00007ffe68840000 - 0x00007ffe688aa000 	C:\WINDOWS\System32\bcryptPrimitives.dll
0x00007ffe69ec0000 - 0x00007ffe69eee000 	C:\WINDOWS\System32\IMM32.DLL
0x000000006a840000 - 0x000000006a912000 	C:\Program Files\Java\jdk1.8.0_60\jre\bin\msvcr100.dll
0x000000006aa80000 - 0x000000006b309000 	C:\Program Files\Java\jdk1.8.0_60\jre\bin\server\jvm.dll
0x00007ffe6b680000 - 0x00007ffe6b688000 	C:\WINDOWS\System32\PSAPI.DLL
0x00007ffe60060000 - 0x00007ffe60069000 	C:\WINDOWS\SYSTEM32\WSOCK32.dll
0x00007ffe6b6f0000 - 0x00007ffe6b75a000 	C:\WINDOWS\System32\WS2_32.dll
0x00007ffe66510000 - 0x00007ffe66533000 	C:\WINDOWS\SYSTEM32\WINMM.dll
0x00007ffe672a0000 - 0x00007ffe672aa000 	C:\WINDOWS\SYSTEM32\VERSION.dll
0x00007ffe664b0000 - 0x00007ffe664db000 	C:\WINDOWS\SYSTEM32\WINMMBASE.dll
0x00007ffe68640000 - 0x00007ffe68682000 	C:\WINDOWS\System32\cfgmgr32.dll
0x000000006bc60000 - 0x000000006bc6f000 	C:\Program Files\Java\jdk1.8.0_60\jre\bin\verify.dll
0x000000006bc30000 - 0x000000006bc59000 	C:\Program Files\Java\jdk1.8.0_60\jre\bin\java.dll
0x000000006bc10000 - 0x000000006bc26000 	C:\Program Files\Java\jdk1.8.0_60\jre\bin\zip.dll
0x00007ffe6a070000 - 0x00007ffe6b579000 	C:\WINDOWS\System32\SHELL32.dll
0x00007ffe68cc0000 - 0x00007ffe6939a000 	C:\WINDOWS\System32\windows.storage.dll
0x00007ffe685e0000 - 0x00007ffe6862c000 	C:\WINDOWS\System32\powrprof.dll
0x00007ffe69fb0000 - 0x00007ffe6a002000 	C:\WINDOWS\System32\shlwapi.dll
0x00007ffe68630000 - 0x00007ffe6863f000 	C:\WINDOWS\System32\kernel.appcore.dll
0x00007ffe68790000 - 0x00007ffe68839000 	C:\WINDOWS\System32\shcore.dll
0x00007ffe685c0000 - 0x00007ffe685d4000 	C:\WINDOWS\System32\profapi.dll

VM Arguments:
jvm_args: -Djava.awt.headless=true -Xmx1024M -Dfile.encoding=windows-1257 -Duser.country=US -Duser.language=en -Duser.variant 
java_command: com.android.dx.command.Main --dex --num-threads=4 --output C:\Users\user\AndroidStudioProjects\GeoTwitterClient\app\build\intermediates\pre-dexed\debug\com.google.android.gms-play-services-ads-8.4.0_40fc84ac8336692f5dff788b4e8d05f85b452402.jar C:\Users\user\AndroidStudioProjects\GeoTwitterClient\app\build\intermediates\exploded-aar\com.google.android.gms\play-services-ads\8.4.0\jars\classes.jar
java_class_path (initial): C:\Users\user\AppData\Local\Android\sdk\build-tools\23.0.2\lib\dx.jar
Launcher Type: SUN_STANDARD

Environment Variables:
PATH=C:\Program Files (x86)\NVIDIA Corporation\PhysX\Common;C:\Program Files\Java\jdk1.8.0_60\bin;C:\ProgramData\Oracle\Java\javapath;C:\Program Files\Common Files\Microsoft Shared\Windows Live;C:\Program Files (x86)\Common Files\Microsoft Shared\Windows Live;C:\WINDOWS\system32;C:\WINDOWS;C:\WINDOWS\System32\Wbem;C:\WINDOWS\System32\WindowsPowerShell\v1.0\;C:\Program Files\WIDCOMM\Bluetooth Software\;C:\Program Files\WIDCOMM\Bluetooth Software\syswow64;C:\Program Files (x86)\Common Files\Roxio Shared\10.0\DLLShared\;C:\Program Files (x86)\Common Files\Roxio Shared\DLLShared\;C:\Program Files (x86)\Windows Live\Shared;C:\Program Files\Intel\WiFi\bin\;C:\Program Files\Common Files\Intel\WirelessCommon\;C:\Python27;C:\Program Files (x86)\IVI Foundation\VISA\WinNT\Bin;C:\Windows\SysWOW64;C:\WINDOWS\system32\config\systemprofile\.dnx\bin;C:\Program Files\Microsoft DNX\Dnvm\;C:\Program Files\Microsoft SQL Server\130\Tools\Binn\;C:\Program Files (x86)\Windows Kits\10\Windows Performance Toolkit\;C:\Program Files\ Java\jdk1.8.0_60\bin;;%USERPROFILE%\AppData\Local\Microsoft\WindowsApps
USERNAME=user
OS=Windows_NT
PROCESSOR_IDENTIFIER=Intel64 Family 6 Model 37 Stepping 2, GenuineIntel



---------------  S Y S T E M  ---------------

OS: Windows 10.0 , 64 bit Build 14393 (10.0.14393.0)

CPU:total 4 (2 cores per cpu, 2 threads per core) family 6 model 37 stepping 2, cmov, cx8, fxsr, mmx, sse, sse2, sse3, ssse3, sse4.1, sse4.2, popcnt, aes, clmul, ht, tsc, tscinvbit

Memory: 4k page, physical 5953352k(1190392k free), swap 6477640k(5288k free)

vm_info: Java HotSpot(TM) 64-Bit Server VM (25.60-b23) for windows-amd64 JRE (1.8.0_60-b27), built on Aug  4 2015 11:06:27 by "java_re" with MS VC++ 10.0 (VS2010)

time: Thu Dec 01 19:58:36 2016
elapsed time: 56 seconds (0d 0h 0m 56s)

