#
# There is insufficient memory for the Java Runtime Environment to continue.
# Native memory allocation (malloc) failed to allocate 1380496 bytes for Chunk::new
# Possible reasons:
#   The system is out of physical RAM or swap space
#   In 32 bit mode, the process size limit was hit
# Possible solutions:
#   Reduce memory load on the system
#   Increase physical memory or swap space
#   Check if swap backing store is full
#   Use 64 bit Java on a 64 bit OS
#   Decrease Java heap size (-Xmx/-Xms)
#   Decrease number of Java threads
#   Decrease Java thread stack sizes (-Xss)
#   Set larger code cache with -XX:ReservedCodeCacheSize=
# This output file may be truncated or incomplete.
#
#  Out of Memory Error (allocation.cpp:390), pid=5536, tid=11920
#
# JRE version: Java(TM) SE Runtime Environment (8.0_60-b27) (build 1.8.0_60-b27)
# Java VM: Java HotSpot(TM) 64-Bit Server VM (25.60-b23 mixed mode windows-amd64 compressed oops)
# Failed to write core dump. Minidumps are not enabled by default on client versions of Windows
#

---------------  T H R E A D  ---------------

Current thread (0x000000001576e000):  JavaThread "C2 CompilerThread0" daemon [_thread_in_native, id=11920, stack(0x0000000016dc0000,0x0000000016ec0000)]

Stack: [0x0000000016dc0000,0x0000000016ec0000]
[error occurred during error reporting (printing stack bounds), id 0xc0000005]

Native frames: (J=compiled Java code, j=interpreted, Vv=VM code, C=native code)


Current CompileTask:
C2:  43191 2508   !   4       com.android.dx.cf.code.BytecodeArray::parseInstruction (2764 bytes)


---------------  P R O C E S S  ---------------

Java Threads: ( => current thread )
  0x0000000017983000 JavaThread "pool-1-thread-4" [_thread_in_Java, id=7076, stack(0x0000000019290000,0x0000000019390000)]
  0x0000000017371800 JavaThread "pool-1-thread-3" [_thread_in_Java, id=4004, stack(0x0000000019190000,0x0000000019290000)]
  0x0000000017371000 JavaThread "pool-1-thread-2" [_thread_in_Java, id=10480, stack(0x0000000019090000,0x0000000019190000)]
  0x000000001791d000 JavaThread "pool-2-thread-1" [_thread_blocked, id=7700, stack(0x0000000018f90000,0x0000000019090000)]
  0x00000000174bb000 JavaThread "pool-1-thread-1" [_thread_in_Java, id=11900, stack(0x0000000018e90000,0x0000000018f90000)]
  0x00000000170c5800 JavaThread "Service Thread" daemon [_thread_blocked, id=4616, stack(0x00000000174c0000,0x00000000175c0000)]
  0x00000000157cc000 JavaThread "C1 CompilerThread2" daemon [_thread_blocked, id=7312, stack(0x0000000016fc0000,0x00000000170c0000)]
  0x0000000015773000 JavaThread "C2 CompilerThread1" daemon [_thread_in_native, id=9780, stack(0x0000000016ec0000,0x0000000016fc0000)]
=>0x000000001576e000 JavaThread "C2 CompilerThread0" daemon [_thread_in_native, id=11920, stack(0x0000000016dc0000,0x0000000016ec0000)]
  0x000000001576c000 JavaThread "Attach Listener" daemon [_thread_blocked, id=11296, stack(0x0000000016cc0000,0x0000000016dc0000)]
  0x000000001576b000 JavaThread "Signal Dispatcher" daemon [_thread_blocked, id=9336, stack(0x0000000016bc0000,0x0000000016cc0000)]
  0x0000000003091000 JavaThread "Finalizer" daemon [_thread_blocked, id=7724, stack(0x00000000169d0000,0x0000000016ad0000)]
  0x000000000308e800 JavaThread "Reference Handler" daemon [_thread_blocked, id=9420, stack(0x00000000168d0000,0x00000000169d0000)]
  0x0000000002e1d800 JavaThread "main" [_thread_in_Java, id=4112, stack(0x0000000002ea0000,0x0000000002fa0000)]

Other Threads:
  0x0000000015737800 VMThread [stack: 0x00000000167d0000,0x00000000168d0000] [id=4424]
  0x00000000170d2800 WatcherThread [stack: 0x00000000175c0000,0x00000000176c0000] [id=4188]

VM state:not at safepoint (normal execution)

VM Mutex/Monitor currently owned by a thread: None

Heap:
 PSYoungGen      total 216576K, used 91371K [0x00000000eab00000, 0x0000000100000000, 0x0000000100000000)
  eden space 116736K, 26% used [0x00000000eab00000,0x00000000ec8b35b0,0x00000000f1d00000)
  from space 99840K, 61% used [0x00000000f9e80000,0x00000000fda07938,0x0000000100000000)
  to   space 116224K, 0% used [0x00000000f1d00000,0x00000000f1d00000,0x00000000f8e80000)
 ParOldGen       total 354304K, used 225066K [0x00000000c0000000, 0x00000000d5a00000, 0x00000000eab00000)
  object space 354304K, 63% used [0x00000000c0000000,0x00000000cdbca820,0x00000000d5a00000)
 Metaspace       used 6561K, capacity 7256K, committed 7424K, reserved 1056768K
  class space    used 625K, capacity 656K, committed 768K, reserved 1048576K

Card table byte_map: [0x0000000012460000,0x0000000012670000] byte_map_base: 0x0000000011e60000

Marking Bits: (ParMarkBitMap*) 0x000000006b28a5b0
 Begin Bits: [0x0000000012bd0000, 0x0000000013bd0000)
 End Bits:   [0x0000000013bd0000, 0x0000000014bd0000)

Polling page: 0x0000000001250000

CodeCache: size=245760Kb used=9749Kb max_used=10598Kb free=236010Kb
 bounds [0x00000000030a0000, 0x0000000003b20000, 0x00000000120a0000]
 total_blobs=2292 nmethods=2023 adapters=182
 compilation: enabled

Compilation events (10 events):
Event: 42.858 Thread 0x000000001576e000 nmethod 2503 0x0000000003380410 code [0x00000000033805a0, 0x0000000003380e98]
Event: 42.877 Thread 0x000000001576e000 2504       4       com.android.dx.dex.code.RopTranslator$TranslationVisitor::getNextMoveResultPseudo (55 bytes)
Event: 42.881 Thread 0x000000001576e000 nmethod 2504 0x0000000003309350 code [0x00000000033094c0, 0x0000000003309718]
Event: 42.890 Thread 0x00000000157cc000 2505       3       com.android.dx.cf.code.LocalVariableList::itemToLocal (47 bytes)
Event: 42.891 Thread 0x00000000157cc000 nmethod 2505 0x0000000003628b50 code [0x0000000003628d00, 0x0000000003629278]
Event: 42.895 Thread 0x000000001576e000 2506  s    4       com.android.dx.dex.file.StringIdsSection::intern (53 bytes)
Event: 42.906 Thread 0x000000001576e000 nmethod 2506 0x0000000003277390 code [0x0000000003277520, 0x0000000003277d08]
Event: 42.951 Thread 0x000000001576e000 2507  s    4       com.android.dx.dex.file.TypeIdsSection::intern (60 bytes)
Event: 43.119 Thread 0x000000001576e000 nmethod 2507 0x00000000035af9d0 code [0x00000000035afb40, 0x00000000035b01a8]
Event: 43.119 Thread 0x000000001576e000 2508   !   4       com.android.dx.cf.code.BytecodeArray::parseInstruction (2764 bytes)

GC Heap History (10 events):
Event: 31.221 GC heap before
{Heap before GC invocations=13 (full 4):
 PSYoungGen      total 220672K, used 161280K [0x00000000eab00000, 0x0000000100000000, 0x0000000100000000)
  eden space 161280K, 100% used [0x00000000eab00000,0x00000000f4880000,0x00000000f4880000)
  from space 59392K, 0% used [0x00000000f4880000,0x00000000f4880000,0x00000000f8280000)
  to   space 88064K, 0% used [0x00000000faa00000,0x00000000faa00000,0x0000000100000000)
 ParOldGen       total 174080K, used 173589K [0x00000000c0000000, 0x00000000caa00000, 0x00000000eab00000)
  object space 174080K, 99% used [0x00000000c0000000,0x00000000ca985498,0x00000000caa00000)
 Metaspace       used 6541K, capacity 7256K, committed 7424K, reserved 1056768K
  class space    used 624K, capacity 656K, committed 768K, reserved 1048576K
Event: 33.960 GC heap after
Heap after GC invocations=13 (full 4):
 PSYoungGen      total 220672K, used 40727K [0x00000000eab00000, 0x0000000100000000, 0x0000000100000000)
  eden space 161280K, 25% used [0x00000000eab00000,0x00000000ed2c5d38,0x00000000f4880000)
  from space 59392K, 0% used [0x00000000f4880000,0x00000000f4880000,0x00000000f8280000)
  to   space 88064K, 0% used [0x00000000faa00000,0x00000000faa00000,0x0000000100000000)
 ParOldGen       total 174080K, used 174023K [0x00000000c0000000, 0x00000000caa00000, 0x00000000eab00000)
  object space 174080K, 99% used [0x00000000c0000000,0x00000000ca9f1cd0,0x00000000caa00000)
 Metaspace       used 6541K, capacity 7256K, committed 7424K, reserved 1056768K
  class space    used 624K, capacity 656K, committed 768K, reserved 1048576K
}
Event: 39.452 GC heap before
{Heap before GC invocations=14 (full 5):
 PSYoungGen      total 220672K, used 161280K [0x00000000eab00000, 0x0000000100000000, 0x0000000100000000)
  eden space 161280K, 100% used [0x00000000eab00000,0x00000000f4880000,0x00000000f4880000)
  from space 59392K, 0% used [0x00000000f4880000,0x00000000f4880000,0x00000000f8280000)
  to   space 88064K, 0% used [0x00000000faa00000,0x00000000faa00000,0x0000000100000000)
 ParOldGen       total 174080K, used 174023K [0x00000000c0000000, 0x00000000caa00000, 0x00000000eab00000)
  object space 174080K, 99% used [0x00000000c0000000,0x00000000ca9f1cd0,0x00000000caa00000)
 Metaspace       used 6550K, capacity 7256K, committed 7424K, reserved 1056768K
  class space    used 625K, capacity 656K, committed 768K, reserved 1048576K
Event: 41.063 GC heap after
Heap after GC invocations=14 (full 5):
 PSYoungGen      total 220672K, used 0K [0x00000000eab00000, 0x0000000100000000, 0x0000000100000000)
  eden space 161280K, 0% used [0x00000000eab00000,0x00000000eab00000,0x00000000f4880000)
  from space 59392K, 0% used [0x00000000f4880000,0x00000000f4880000,0x00000000f8280000)
  to   space 88064K, 0% used [0x00000000faa00000,0x00000000faa00000,0x0000000100000000)
 ParOldGen       total 354304K, used 104759K [0x00000000c0000000, 0x00000000d5a00000, 0x00000000eab00000)
  object space 354304K, 29% used [0x00000000c0000000,0x00000000c664dcb8,0x00000000d5a00000)
 Metaspace       used 6550K, capacity 7256K, committed 7424K, reserved 1056768K
  class space    used 625K, capacity 656K, committed 768K, reserved 1048576K
}
Event: 41.911 GC heap before
{Heap before GC invocations=15 (full 5):
 PSYoungGen      total 220672K, used 161280K [0x00000000eab00000, 0x0000000100000000, 0x0000000100000000)
  eden space 161280K, 100% used [0x00000000eab00000,0x00000000f4880000,0x00000000f4880000)
  from space 59392K, 0% used [0x00000000f4880000,0x00000000f4880000,0x00000000f8280000)
  to   space 88064K, 0% used [0x00000000faa00000,0x00000000faa00000,0x0000000100000000)
 ParOldGen       total 354304K, used 104759K [0x00000000c0000000, 0x00000000d5a00000, 0x00000000eab00000)
  object space 354304K, 29% used [0x00000000c0000000,0x00000000c664dcb8,0x00000000d5a00000)
 Metaspace       used 6554K, capacity 7256K, committed 7424K, reserved 1056768K
  class space    used 625K, capacity 656K, committed 768K, reserved 1048576K
Event: 41.995 GC heap after
Heap after GC invocations=15 (full 5):
 PSYoungGen      total 237568K, used 77187K [0x00000000eab00000, 0x0000000100000000, 0x0000000100000000)
  eden space 149504K, 0% used [0x00000000eab00000,0x00000000eab00000,0x00000000f3d00000)
  from space 88064K, 87% used [0x00000000faa00000,0x00000000ff560de8,0x0000000100000000)
  to   space 99840K, 0% used [0x00000000f3d00000,0x00000000f3d00000,0x00000000f9e80000)
 ParOldGen       total 354304K, used 104767K [0x00000000c0000000, 0x00000000d5a00000, 0x00000000eab00000)
  object space 354304K, 29% used [0x00000000c0000000,0x00000000c664fcb8,0x00000000d5a00000)
 Metaspace       used 6554K, capacity 7256K, committed 7424K, reserved 1056768K
  class space    used 625K, capacity 656K, committed 768K, reserved 1048576K
}
Event: 42.226 GC heap before
{Heap before GC invocations=16 (full 5):
 PSYoungGen      total 237568K, used 226691K [0x00000000eab00000, 0x0000000100000000, 0x0000000100000000)
  eden space 149504K, 100% used [0x00000000eab00000,0x00000000f3d00000,0x00000000f3d00000)
  from space 88064K, 87% used [0x00000000faa00000,0x00000000ff560de8,0x0000000100000000)
  to   space 99840K, 0% used [0x00000000f3d00000,0x00000000f3d00000,0x00000000f9e80000)
 ParOldGen       total 354304K, used 104767K [0x00000000c0000000, 0x00000000d5a00000, 0x00000000eab00000)
  object space 354304K, 29% used [0x00000000c0000000,0x00000000c664fcb8,0x00000000d5a00000)
 Metaspace       used 6560K, capacity 7256K, committed 7424K, reserved 1056768K
  class space    used 625K, capacity 656K, committed 768K, reserved 1048576K
Event: 42.348 GC heap after
Heap after GC invocations=16 (full 5):
 PSYoungGen      total 249344K, used 99812K [0x00000000eab00000, 0x0000000100000000, 0x0000000100000000)
  eden space 149504K, 0% used [0x00000000eab00000,0x00000000eab00000,0x00000000f3d00000)
  from space 99840K, 99% used [0x00000000f3d00000,0x00000000f9e79318,0x00000000f9e80000)
  to   space 99840K, 0% used [0x00000000f9e80000,0x00000000f9e80000,0x0000000100000000)
 ParOldGen       total 354304K, used 155926K [0x00000000c0000000, 0x00000000d5a00000, 0x00000000eab00000)
  object space 354304K, 44% used [0x00000000c0000000,0x00000000c98459c8,0x00000000d5a00000)
 Metaspace       used 6560K, capacity 7256K, committed 7424K, reserved 1056768K
  class space    used 625K, capacity 656K, committed 768K, reserved 1048576K
}
Event: 42.957 GC heap before
{Heap before GC invocations=17 (full 5):
 PSYoungGen      total 249344K, used 249316K [0x00000000eab00000, 0x0000000100000000, 0x0000000100000000)
  eden space 149504K, 100% used [0x00000000eab00000,0x00000000f3d00000,0x00000000f3d00000)
  from space 99840K, 99% used [0x00000000f3d00000,0x00000000f9e79318,0x00000000f9e80000)
  to   space 99840K, 0% used [0x00000000f9e80000,0x00000000f9e80000,0x0000000100000000)
 ParOldGen       total 354304K, used 155926K [0x00000000c0000000, 0x00000000d5a00000, 0x00000000eab00000)
  object space 354304K, 44% used [0x00000000c0000000,0x00000000c98459c8,0x00000000d5a00000)
 Metaspace       used 6561K, capacity 7256K, committed 7424K, reserved 1056768K
  class space    used 625K, capacity 656K, committed 768K, reserved 1048576K
Event: 43.078 GC heap after
Heap after GC invocations=17 (full 5):
 PSYoungGen      total 216576K, used 60958K [0x00000000eab00000, 0x0000000100000000, 0x0000000100000000)
  eden space 116736K, 0% used [0x00000000eab00000,0x00000000eab00000,0x00000000f1d00000)
  from space 99840K, 61% used [0x00000000f9e80000,0x00000000fda07938,0x0000000100000000)
  to   space 116224K, 0% used [0x00000000f1d00000,0x00000000f1d00000,0x00000000f8e80000)
 ParOldGen       total 354304K, used 225066K [0x00000000c0000000, 0x00000000d5a00000, 0x00000000eab00000)
  object space 354304K, 63% used [0x00000000c0000000,0x00000000cdbca820,0x00000000d5a00000)
 Metaspace       used 6561K, capacity 7256K, committed 7424K, reserved 1056768K
  class space    used 625K, capacity 656K, committed 768K, reserved 1048576K
}

Deoptimization events (10 events):
Event: 37.178 Thread 0x0000000002e1d800 Uncommon trap: reason=speculate_class_check action=maybe_recompile pc=0x0000000003947950 method=com.android.dx.rop.cst.TypedConstant.getBasicType()I @ 1
Event: 37.791 Thread 0x0000000002e1d800 Uncommon trap: reason=unstable_if action=reinterpret pc=0x0000000003816950 method=com.android.dx.ssa.SCCP.simulateStmt(Lcom/android/dx/ssa/SsaInsn;)V @ 59
Event: 41.359 Thread 0x0000000002e1d800 Uncommon trap: reason=unstable_if action=reinterpret pc=0x0000000003294ca4 method=com.android.dx.cf.code.ByteCatchList.typeNotFound(Lcom/android/dx/cf/code/ByteCatchList$Item;[Lcom/android/dx/cf/code/ByteCatchList$Item;I)Z @ 34
Event: 41.361 Thread 0x0000000002e1d800 Uncommon trap: reason=speculate_class_check action=maybe_recompile pc=0x0000000003947950 method=com.android.dx.rop.cst.TypedConstant.getBasicType()I @ 1
Event: 41.366 Thread 0x0000000002e1d800 Uncommon trap: reason=unstable_if action=reinterpret pc=0x000000000369cdb4 method=com.android.dx.rop.code.BasicBlockList.preferredSuccessorOf(Lcom/android/dx/rop/code/BasicBlock;)Lcom/android/dx/rop/code/BasicBlock; @ 58
Event: 41.748 Thread 0x0000000002e1d800 Uncommon trap: reason=speculate_class_check action=maybe_recompile pc=0x0000000003947950 method=com.android.dx.rop.cst.TypedConstant.getBasicType()I @ 1
Event: 42.432 Thread 0x0000000002e1d800 Uncommon trap: reason=speculate_class_check action=maybe_recompile pc=0x0000000003947950 method=com.android.dx.rop.cst.TypedConstant.getBasicType()I @ 1
Event: 43.096 Thread 0x0000000002e1d800 Uncommon trap: reason=bimorphic action=maybe_recompile pc=0x000000000384d560 method=com.android.dx.cf.code.BytecodeArray.parseInstruction(ILcom/android/dx/cf/code/BytecodeArray$Visitor;)I @ 1597
Event: 43.097 Thread 0x0000000002e1d800 Uncommon trap: reason=bimorphic action=maybe_recompile pc=0x000000000384e6a0 method=com.android.dx.cf.code.BytecodeArray.parseInstruction(ILcom/android/dx/cf/code/BytecodeArray$Visitor;)I @ 1357
Event: 43.097 Thread 0x0000000002e1d800 Uncommon trap: reason=bimorphic action=maybe_recompile pc=0x000000000384d560 method=com.android.dx.cf.code.BytecodeArray.parseInstruction(ILcom/android/dx/cf/code/BytecodeArray$Visitor;)I @ 1597

Internal exceptions (6 events):
Event: 0.067 Thread 0x0000000002e1d800 Exception <a 'java/lang/NoSuchMethodError': Method sun.misc.Unsafe.defineClass(Ljava/lang/String;[BII)Ljava/lang/Class; name or signature does not match> (0x00000000eab13088) thrown at [C:\re\workspace\8-2-build-windows-amd64-cygwin\jdk8u60\4407\hotspot\sr}2†/{$±?
Event: 0.067 Thread 0x0000000002e1d800 Exception <a 'java/lang/NoSuchMethodError': Method sun.misc.Unsafe.prefetchRead(Ljava/lang/Object;J)V name or signature does not match> (0x00000000eab13370) thrown at [C:\re\workspace\8-2-build-windows-amd64-cygwin\jdk8u60\4407\hotspot\src\share\vm\prims\jo,ð4Úaû?
Event: 1.711 Thread 0x0000000002e1d800 Implicit null exception at 0x00000000033f83e2 to 0x00000000033f84d2
Event: 8.949 Thread 0x0000000017371800 Exception <a 'java/lang/ArrayIndexOutOfBoundsException': 18> (0x00000000ecb14ef0) thrown at [C:\re\workspace\8-2-build-windows-amd64-cygwin\jdk8u60\4407\hotspot\src\share\vm\interpreter\interpreterRuntime.cpp, line 366]
Event: 8.950 Thread 0x0000000017371800 Exception <a 'java/lang/ArrayIndexOutOfBoundsException'> (0x00000000ecb16a70) thrown at [C:\re\workspace\8-2-build-windows-amd64-cygwin\jdk8u60\4407\hotspot\src\share\vm\runtime\sharedRuntime.cpp, line 605]
Event: 8.951 Thread 0x0000000017371800 Exception <a 'java/lang/ArrayIndexOutOfBoundsException'> (0x00000000ecb17d58) thrown at [C:\re\workspace\8-2-build-windows-amd64-cygwin\jdk8u60\4407\hotspot\src\share\vm\runtime\sharedRuntime.cpp, line 605]

Events (10 events):
Event: 43.078 Executing VM operation: ParallelGCFailedAllocation done
Event: 43.096 Thread 0x0000000002e1d800 Uncommon trap: trap_request=0xffffffc6 fr.pc=0x000000000384d560
Event: 43.096 Thread 0x0000000002e1d800 DEOPT PACKING pc=0x000000000384d560 sp=0x0000000002f9e140
Event: 43.096 Thread 0x0000000002e1d800 DEOPT UNPACKING pc=0x00000000030e582a sp=0x0000000002f9e0c0 mode 2
Event: 43.097 Thread 0x0000000002e1d800 Uncommon trap: trap_request=0xffffffc6 fr.pc=0x000000000384e6a0
Event: 43.097 Thread 0x0000000002e1d800 DEOPT PACKING pc=0x000000000384e6a0 sp=0x0000000002f9e140
Event: 43.097 Thread 0x0000000002e1d800 DEOPT UNPACKING pc=0x00000000030e582a sp=0x0000000002f9e0c0 mode 2
Event: 43.097 Thread 0x0000000002e1d800 Uncommon trap: trap_request=0xffffffc6 fr.pc=0x000000000384d560
Event: 43.097 Thread 0x0000000002e1d800 DEOPT PACKING pc=0x000000000384d560 sp=0x0000000002f9e140
Event: 43.097 Thread 0x0000000002e1d800 DEOPT UNPACKING pc=0x00000000030e582a sp=0x0000000002f9e0c0 mode 2


Dynamic libraries:
0x00007ff689300000 - 0x00007ff689337000 	C:\Program Files\Java\jdk1.8.0_60\bin\java.exe
0x00007ffe6c170000 - 0x00007ffe6c341000 	C:\WINDOWS\SYSTEM32\ntdll.dll
0x00007ffe6bb70000 - 0x00007ffe6bc1b000 	C:\WINDOWS\System32\KERNEL32.DLL
0x00007ffe69400000 - 0x00007ffe6961d000 	C:\WINDOWS\System32\KERNELBASE.dll
0x00007ffe6bd90000 - 0x00007ffe6be32000 	C:\WINDOWS\System32\ADVAPI32.dll
0x00007ffe6c0d0000 - 0x00007ffe6c16e000 	C:\WINDOWS\System32\msvcrt.dll
0x00007ffe6a010000 - 0x00007ffe6a069000 	C:\WINDOWS\System32\sechost.dll
0x00007ffe6be40000 - 0x00007ffe6bf61000 	C:\WINDOWS\System32\RPCRT4.dll
0x00007ffe69890000 - 0x00007ffe699f5000 	C:\WINDOWS\System32\USER32.dll
0x00007ffe69620000 - 0x00007ffe6963e000 	C:\WINDOWS\System32\win32u.dll
0x00007ffe6b760000 - 0x00007ffe6b794000 	C:\WINDOWS\System32\GDI32.dll
0x00007ffe688b0000 - 0x00007ffe68a32000 	C:\WINDOWS\System32\gdi32full.dll
0x00007ffe674a0000 - 0x00007ffe67719000 	C:\WINDOWS\WinSxS\amd64_microsoft.windows.common-controls_6595b64144ccf1df_6.0.14393.447_none_42191651c6827bb3\COMCTL32.dll
0x00007ffe6b8a0000 - 0x00007ffe6bb67000 	C:\WINDOWS\System32\combase.dll
0x00007ffe68690000 - 0x00007ffe68785000 	C:\WINDOWS\System32\ucrtbase.dll
0x00007ffe68840000 - 0x00007ffe688aa000 	C:\WINDOWS\System32\bcryptPrimitives.dll
0x00007ffe69ec0000 - 0x00007ffe69eee000 	C:\WINDOWS\System32\IMM32.DLL
0x000000006a840000 - 0x000000006a912000 	C:\Program Files\Java\jdk1.8.0_60\jre\bin\msvcr100.dll
0x000000006aa80000 - 0x000000006b309000 	C:\Program Files\Java\jdk1.8.0_60\jre\bin\server\jvm.dll
0x00007ffe6b680000 - 0x00007ffe6b688000 	C:\WINDOWS\System32\PSAPI.DLL
0x00007ffe60060000 - 0x00007ffe60069000 	C:\WINDOWS\SYSTEM32\WSOCK32.dll
0x00007ffe6b6f0000 - 0x00007ffe6b75a000 	C:\WINDOWS\System32\WS2_32.dll
0x00007ffe66510000 - 0x00007ffe66533000 	C:\WINDOWS\SYSTEM32\WINMM.dll
0x00007ffe672a0000 - 0x00007ffe672aa000 	C:\WINDOWS\SYSTEM32\VERSION.dll
0x00007ffe664b0000 - 0x00007ffe664db000 	C:\WINDOWS\SYSTEM32\WINMMBASE.dll
0x00007ffe68640000 - 0x00007ffe68682000 	C:\WINDOWS\System32\cfgmgr32.dll
0x000000006bc60000 - 0x000000006bc6f000 	C:\Program Files\Java\jdk1.8.0_60\jre\bin\verify.dll
0x000000006bc30000 - 0x000000006bc59000 	C:\Program Files\Java\jdk1.8.0_60\jre\bin\java.dll
0x000000006bc10000 - 0x000000006bc26000 	C:\Program Files\Java\jdk1.8.0_60\jre\bin\zip.dll
0x00007ffe6a070000 - 0x00007ffe6b579000 	C:\WINDOWS\System32\SHELL32.dll
0x00007ffe68cc0000 - 0x00007ffe6939a000 	C:\WINDOWS\System32\windows.storage.dll
0x00007ffe685e0000 - 0x00007ffe6862c000 	C:\WINDOWS\System32\powrprof.dll
0x00007ffe69fb0000 - 0x00007ffe6a002000 	C:\WINDOWS\System32\shlwapi.dll
0x00007ffe68630000 - 0x00007ffe6863f000 	C:\WINDOWS\System32\kernel.appcore.dll
0x00007ffe68790000 - 0x00007ffe68839000 	C:\WINDOWS\System32\shcore.dll
0x00007ffe685c0000 - 0x00007ffe685d4000 	C:\WINDOWS\System32\profapi.dll

VM Arguments:
jvm_args: -Djava.awt.headless=true -Xmx1024M -Dfile.encoding=windows-1257 -Duser.country=US -Duser.language=en -Duser.variant 
java_command: com.android.dx.command.Main --dex --num-threads=4 --output C:\Users\user\AndroidStudioProjects\GeoTwitterClient\app\build\intermediates\pre-dexed\debug\com.google.android.gms-play-services-ads-8.4.0_40fc84ac8336692f5dff788b4e8d05f85b452402.jar C:\Users\user\AndroidStudioProjects\GeoTwitterClient\app\build\intermediates\exploded-aar\com.google.android.gms\play-services-ads\8.4.0\jars\classes.jar
java_class_path (initial): C:\Users\user\AppData\Local\Android\sdk\build-tools\23.0.2\lib\dx.jar
Launcher Type: SUN_STANDARD

Environment Variables:
PATH=C:\Program Files (x86)\NVIDIA Corporation\PhysX\Common;C:\Program Files\Java\jdk1.8.0_60\bin;C:\ProgramData\Oracle\Java\javapath;C:\Program Files\Common Files\Microsoft Shared\Windows Live;C:\Program Files (x86)\Common Files\Microsoft Shared\Windows Live;C:\WINDOWS\system32;C:\WINDOWS;C:\WINDOWS\System32\Wbem;C:\WINDOWS\System32\WindowsPowerShell\v1.0\;C:\Program Files\WIDCOMM\Bluetooth Software\;C:\Program Files\WIDCOMM\Bluetooth Software\syswow64;C:\Program Files (x86)\Common Files\Roxio Shared\10.0\DLLShared\;C:\Program Files (x86)\Common Files\Roxio Shared\DLLShared\;C:\Program Files (x86)\Windows Live\Shared;C:\Program Files\Intel\WiFi\bin\;C:\Program Files\Common Files\Intel\WirelessCommon\;C:\Python27;C:\Program Files (x86)\IVI Foundation\VISA\WinNT\Bin;C:\Windows\SysWOW64;C:\WINDOWS\system32\config\systemprofile\.dnx\bin;C:\Program Files\Microsoft DNX\Dnvm\;C:\Program Files\Microsoft SQL Server\130\Tools\Binn\;C:\Program Files (x86)\Windows Kits\10\Windows Performance Toolkit\;C:\Program Files\ Java\jdk1.8.0_60\bin;;%USERPROFILE%\AppData\Local\Microsoft\WindowsApps
USERNAME=user
OS=Windows_NT
PROCESSOR_IDENTIFIER=Intel64 Family 6 Model 37 Stepping 2, GenuineIntel



---------------  S Y S T E M  ---------------

OS: Windows 10.0 , 64 bit Build 14393 (10.0.14393.0)

CPU:total 4 (2 cores per cpu, 2 threads per core) family 6 model 37 stepping 2, cmov, cx8, fxsr, mmx, sse, sse2, sse3, ssse3, sse4.1, sse4.2, popcnt, aes, clmul, ht, tsc, tscinvbit

Memory: 4k page, physical 5953352k(1172776k free), swap 6477640k(5592k free)

vm_info: Java HotSpot(TM) 64-Bit Server VM (25.60-b23) for windows-amd64 JRE (1.8.0_60-b27), built on Aug  4 2015 11:06:27 by "java_re" with MS VC++ 10.0 (VS2010)

time: Thu Dec 01 19:40:40 2016
elapsed time: 43 seconds (0d 0h 0m 43s)

