#
# There is insufficient memory for the Java Runtime Environment to continue.
# Native memory allocation (malloc) failed to allocate 903216 bytes for Chunk::new
# Possible reasons:
#   The system is out of physical RAM or swap space
#   In 32 bit mode, the process size limit was hit
# Possible solutions:
#   Reduce memory load on the system
#   Increase physical memory or swap space
#   Check if swap backing store is full
#   Use 64 bit Java on a 64 bit OS
#   Decrease Java heap size (-Xmx/-Xms)
#   Decrease number of Java threads
#   Decrease Java thread stack sizes (-Xss)
#   Set larger code cache with -XX:ReservedCodeCacheSize=
# This output file may be truncated or incomplete.
#
#  Out of Memory Error (allocation.cpp:390), pid=2480, tid=1188
#
# JRE version: Java(TM) SE Runtime Environment (8.0_60-b27) (build 1.8.0_60-b27)
# Java VM: Java HotSpot(TM) 64-Bit Server VM (25.60-b23 mixed mode windows-amd64 compressed oops)
# Failed to write core dump. Minidumps are not enabled by default on client versions of Windows
#

---------------  T H R E A D  ---------------

Current thread (0x000000001530d000):  JavaThread "C2 CompilerThread0" daemon [_thread_in_native, id=1188, stack(0x0000000016960000,0x0000000016a60000)]

Stack: [0x0000000016960000,0x0000000016a60000]
[error occurred during error reporting (printing stack bounds), id 0xc0000005]

Native frames: (J=compiled Java code, j=interpreted, Vv=VM code, C=native code)


Current CompileTask:
C2:   7046 1520       4       com.android.dx.ssa.SCCP::simulatePhiBlock (50 bytes)


---------------  P R O C E S S  ---------------

Java Threads: ( => current thread )
  0x0000000016dd5800 JavaThread "pool-1-thread-4" [_thread_in_Java, id=10448, stack(0x0000000017660000,0x0000000017760000)]
  0x0000000016dd4800 JavaThread "pool-1-thread-3" [_thread_in_Java, id=4716, stack(0x0000000017560000,0x0000000017660000)]
  0x0000000016dd4000 JavaThread "pool-1-thread-2" [_thread_in_Java, id=1508, stack(0x0000000017460000,0x0000000017560000)]
  0x0000000016dcc800 JavaThread "pool-2-thread-1" [_thread_blocked, id=11752, stack(0x0000000017360000,0x0000000017460000)]
  0x0000000016dc9800 JavaThread "pool-1-thread-1" [_thread_in_vm, id=7096, stack(0x0000000017260000,0x0000000017360000)]
  0x0000000016b62800 JavaThread "Service Thread" daemon [_thread_blocked, id=8388, stack(0x0000000017060000,0x0000000017160000)]
  0x0000000016b60800 JavaThread "C1 CompilerThread2" daemon [_thread_blocked, id=11680, stack(0x0000000016f60000,0x0000000017060000)]
  0x0000000015312800 JavaThread "C2 CompilerThread1" daemon [_thread_in_native, id=8520, stack(0x0000000016a60000,0x0000000016b60000)]
=>0x000000001530d000 JavaThread "C2 CompilerThread0" daemon [_thread_in_native, id=1188, stack(0x0000000016960000,0x0000000016a60000)]
  0x000000001530b800 JavaThread "Attach Listener" daemon [_thread_blocked, id=10132, stack(0x0000000016860000,0x0000000016960000)]
  0x000000001530a000 JavaThread "Signal Dispatcher" daemon [_thread_blocked, id=10712, stack(0x0000000016760000,0x0000000016860000)]
  0x0000000002c30800 JavaThread "Finalizer" daemon [_thread_blocked, id=11312, stack(0x0000000016570000,0x0000000016670000)]
  0x0000000002c2d800 JavaThread "Reference Handler" daemon [_thread_blocked, id=3816, stack(0x0000000016470000,0x0000000016570000)]
  0x0000000002afd800 JavaThread "main" [_thread_in_Java, id=8824, stack(0x00000000029b0000,0x0000000002ab0000)]

Other Threads:
  0x00000000152d8800 VMThread [stack: 0x0000000016370000,0x0000000016470000] [id=11804]
  0x0000000016b7b000 WatcherThread [stack: 0x0000000017160000,0x0000000017260000] [id=5652]

VM state:not at safepoint (normal execution)

VM Mutex/Monitor currently owned by a thread: None

Heap:
 PSYoungGen      total 27648K, used 16513K [0x00000000eab00000, 0x00000000ec980000, 0x0000000100000000)
  eden space 24064K, 53% used [0x00000000eab00000,0x00000000eb7a1bd8,0x00000000ec280000)
  from space 3584K, 99% used [0x00000000ec600000,0x00000000ec97eac8,0x00000000ec980000)
  to   space 3584K, 0% used [0x00000000ec280000,0x00000000ec280000,0x00000000ec600000)
 ParOldGen       total 62976K, used 4844K [0x00000000c0000000, 0x00000000c3d80000, 0x00000000eab00000)
  object space 62976K, 7% used [0x00000000c0000000,0x00000000c04bb260,0x00000000c3d80000)
 Metaspace       used 6210K, capacity 7088K, committed 7296K, reserved 1056768K
  class space    used 601K, capacity 616K, committed 640K, reserved 1048576K

Card table byte_map: [0x0000000012000000,0x0000000012210000] byte_map_base: 0x0000000011a00000

Marking Bits: (ParMarkBitMap*) 0x000000006b28a5b0
 Begin Bits: [0x0000000012770000, 0x0000000013770000)
 End Bits:   [0x0000000013770000, 0x0000000014770000)

Polling page: 0x0000000001230000

CodeCache: size=245760Kb used=6516Kb max_used=6516Kb free=239243Kb
 bounds [0x0000000002c40000, 0x00000000032b0000, 0x0000000011c40000]
 total_blobs=1844 nmethods=1576 adapters=182
 compilation: enabled

Compilation events (10 events):
Event: 6.895 Thread 0x0000000016b60800 1608   !   3       com.android.dx.cf.cst.ConstantPoolParser::determineOffsets (285 bytes)
Event: 6.899 Thread 0x0000000016b60800 nmethod 1608 0x0000000003299d10 code [0x000000000329a0a0, 0x000000000329bb98]
Event: 6.899 Thread 0x0000000016b60800 1609       3       com.android.dx.cf.cst.ConstantPoolParser::parse (365 bytes)
Event: 6.905 Thread 0x0000000016b60800 nmethod 1609 0x000000000329cf50 code [0x000000000329d4c0, 0x00000000032a09c8]
Event: 6.906 Thread 0x0000000016b60800 1610       3       com.android.dx.util.Hex::u2 (44 bytes)
Event: 6.907 Thread 0x0000000016b60800 nmethod 1610 0x00000000032a2c10 code [0x00000000032a2dc0, 0x00000000032a3438]
Event: 6.908 Thread 0x0000000016b60800 1611       3       com.android.dx.cf.iface.StdFieldList::get (9 bytes)
Event: 6.909 Thread 0x0000000016b60800 nmethod 1611 0x00000000032a3710 code [0x00000000032a3880, 0x00000000032a3b88]
Event: 6.909 Thread 0x0000000016b60800 1612       3       com.android.dx.dex.file.EncodedField::<init> (25 bytes)
Event: 6.909 Thread 0x0000000016b60800 nmethod 1612 0x00000000032a3c50 code [0x00000000032a3de0, 0x00000000032a4108]

GC Heap History (4 events):
Event: 3.170 GC heap before
{Heap before GC invocations=1 (full 0):
 PSYoungGen      total 27648K, used 24064K [0x00000000eab00000, 0x00000000ec980000, 0x0000000100000000)
  eden space 24064K, 100% used [0x00000000eab00000,0x00000000ec280000,0x00000000ec280000)
  from space 3584K, 0% used [0x00000000ec600000,0x00000000ec600000,0x00000000ec980000)
  to   space 3584K, 0% used [0x00000000ec280000,0x00000000ec280000,0x00000000ec600000)
 ParOldGen       total 62976K, used 0K [0x00000000c0000000, 0x00000000c3d80000, 0x00000000eab00000)
  object space 62976K, 0% used [0x00000000c0000000,0x00000000c0000000,0x00000000c3d80000)
 Metaspace       used 5814K, capacity 6768K, committed 7040K, reserved 1056768K
  class space    used 596K, capacity 616K, committed 640K, reserved 1048576K
Event: 3.183 GC heap after
Heap after GC invocations=1 (full 0):
 PSYoungGen      total 27648K, used 3557K [0x00000000eab00000, 0x00000000ec980000, 0x0000000100000000)
  eden space 24064K, 0% used [0x00000000eab00000,0x00000000eab00000,0x00000000ec280000)
  from space 3584K, 99% used [0x00000000ec280000,0x00000000ec5f9608,0x00000000ec600000)
  to   space 3584K, 0% used [0x00000000ec600000,0x00000000ec600000,0x00000000ec980000)
 ParOldGen       total 62976K, used 1352K [0x00000000c0000000, 0x00000000c3d80000, 0x00000000eab00000)
  object space 62976K, 2% used [0x00000000c0000000,0x00000000c01523e0,0x00000000c3d80000)
 Metaspace       used 5814K, capacity 6768K, committed 7040K, reserved 1056768K
  class space    used 596K, capacity 616K, committed 640K, reserved 1048576K
}
Event: 6.238 GC heap before
{Heap before GC invocations=2 (full 0):
 PSYoungGen      total 27648K, used 27621K [0x00000000eab00000, 0x00000000ec980000, 0x0000000100000000)
  eden space 24064K, 100% used [0x00000000eab00000,0x00000000ec280000,0x00000000ec280000)
  from space 3584K, 99% used [0x00000000ec280000,0x00000000ec5f9608,0x00000000ec600000)
  to   space 3584K, 0% used [0x00000000ec600000,0x00000000ec600000,0x00000000ec980000)
 ParOldGen       total 62976K, used 1352K [0x00000000c0000000, 0x00000000c3d80000, 0x00000000eab00000)
  object space 62976K, 2% used [0x00000000c0000000,0x00000000c01523e0,0x00000000c3d80000)
 Metaspace       used 6135K, capacity 7024K, committed 7296K, reserved 1056768K
  class space    used 601K, capacity 616K, committed 640K, reserved 1048576K
Event: 6.350 GC heap after
Heap after GC invocations=2 (full 0):
 PSYoungGen      total 27648K, used 3578K [0x00000000eab00000, 0x00000000ec980000, 0x0000000100000000)
  eden space 24064K, 0% used [0x00000000eab00000,0x00000000eab00000,0x00000000ec280000)
  from space 3584K, 99% used [0x00000000ec600000,0x00000000ec97eac8,0x00000000ec980000)
  to   space 3584K, 0% used [0x00000000ec280000,0x00000000ec280000,0x00000000ec600000)
 ParOldGen       total 62976K, used 4844K [0x00000000c0000000, 0x00000000c3d80000, 0x00000000eab00000)
  object space 62976K, 7% used [0x00000000c0000000,0x00000000c04bb260,0x00000000c3d80000)
 Metaspace       used 6135K, capacity 7024K, committed 7296K, reserved 1056768K
  class space    used 601K, capacity 616K, committed 640K, reserved 1048576K
}

Deoptimization events (10 events):
Event: 3.238 Thread 0x0000000016dc9800 Uncommon trap: reason=bimorphic action=maybe_recompile pc=0x0000000002eb2988 method=java.util.HashMap.getNode(ILjava/lang/Object;)Ljava/util/HashMap$Node; @ 126
Event: 3.362 Thread 0x0000000016dd4800 Uncommon trap: reason=bimorphic action=maybe_recompile pc=0x0000000002eb2988 method=java.util.HashMap.getNode(ILjava/lang/Object;)Ljava/util/HashMap$Node; @ 126
Event: 3.463 Thread 0x0000000016dd5800 Uncommon trap: reason=unloaded action=reinterpret pc=0x0000000002f27a24 method=com.android.dx.ssa.SsaRenamer$BlockRenamer.visitMoveInsn(Lcom/android/dx/ssa/NormalSsaInsn;)V @ 208
Event: 3.465 Thread 0x0000000016dd5800 Uncommon trap: reason=unstable_if action=reinterpret pc=0x0000000002fd24d0 method=com.android.dx.ssa.NormalSsaInsn.getLocalAssignment()Lcom/android/dx/rop/code/RegisterSpec; @ 12
Event: 3.465 Thread 0x0000000016dd5800 Uncommon trap: reason=unstable_if action=reinterpret pc=0x0000000002f2cb28 method=com.android.dx.ssa.NormalSsaInsn.getLocalAssignment()Lcom/android/dx/rop/code/RegisterSpec; @ 12
Event: 3.466 Thread 0x0000000016dd5800 Uncommon trap: reason=unstable_if action=reinterpret pc=0x0000000002fdc630 method=com.android.dx.ssa.NormalSsaInsn.getLocalAssignment()Lcom/android/dx/rop/code/RegisterSpec; @ 12
Event: 4.710 Thread 0x0000000016dd5800 Uncommon trap: reason=unstable_if action=reinterpret pc=0x0000000002fcfb38 method=com.android.dx.cf.code.Ropper.labelToResultIndex(I)I @ 34
Event: 5.731 Thread 0x0000000016dd4800 Uncommon trap: reason=unstable_if action=reinterpret pc=0x00000000030c7804 method=com.android.dx.ssa.SCCP.simulateStmt(Lcom/android/dx/ssa/SsaInsn;)V @ 53
Event: 6.058 Thread 0x0000000016dd4800 Uncommon trap: reason=null_check action=make_not_entrant pc=0x0000000002f1b4a0 method=com.android.dx.rop.type.Type.equals(Ljava/lang/Object;)Z @ 8
Event: 6.367 Thread 0x0000000016dd4000 Uncommon trap: reason=unstable_if action=reinterpret pc=0x000000000300e57c method=com.android.dx.util.IntList.binarysearch(I)I @ 105

Internal exceptions (3 events):
Event: 0.174 Thread 0x0000000002afd800 Exception <a 'java/lang/NoSuchMethodError': Method sun.misc.Unsafe.defineClass(Ljava/lang/String;[BII)Ljava/lang/Class; name or signature does not match> (0x00000000eab12d90) thrown at [C:\re\workspace\8-2-build-windows-amd64-cygwin\jdk8u60\4407\hotspot\sr£ƒ
Í?VÆ?
Event: 0.175 Thread 0x0000000002afd800 Exception <a 'java/lang/NoSuchMethodError': Method sun.misc.Unsafe.prefetchRead(Ljava/lang/Object;J)V name or signature does not match> (0x00000000eab13078) thrown at [C:\re\workspace\8-2-build-windows-amd64-cygwin\jdk8u60\4407\hotspot\src\share\vm\prims\j»o˜;@
Event: 6.058 Thread 0x0000000016dd4800 Implicit null exception at 0x0000000002f1b3a2 to 0x0000000002f1b492

Events (10 events):
Event: 5.731 Thread 0x0000000016dd4800 DEOPT PACKING pc=0x00000000030c7804 sp=0x000000001765ee80
Event: 5.731 Thread 0x0000000016dd4800 DEOPT UNPACKING pc=0x0000000002c8582a sp=0x000000001765eea8 mode 2
Event: 6.058 Thread 0x0000000016dd4800 Uncommon trap: trap_request=0xfffffff4 fr.pc=0x0000000002f1b4a0
Event: 6.058 Thread 0x0000000016dd4800 DEOPT PACKING pc=0x0000000002f1b4a0 sp=0x000000001765eab0
Event: 6.058 Thread 0x0000000016dd4800 DEOPT UNPACKING pc=0x0000000002c8582a sp=0x000000001765ea38 mode 2
Event: 6.059 Executing VM operation: ParallelGCFailedAllocation
Event: 6.350 Executing VM operation: ParallelGCFailedAllocation done
Event: 6.367 Thread 0x0000000016dd4000 Uncommon trap: trap_request=0xffffff65 fr.pc=0x000000000300e57c
Event: 6.367 Thread 0x0000000016dd4000 DEOPT PACKING pc=0x000000000300e57c sp=0x000000001755e860
Event: 6.367 Thread 0x0000000016dd4000 DEOPT UNPACKING pc=0x0000000002c8582a sp=0x000000001755e7d8 mode 2


Dynamic libraries:
0x00007ff689300000 - 0x00007ff689337000 	C:\Program Files\Java\jdk1.8.0_60\bin\java.exe
0x00007ffe6c170000 - 0x00007ffe6c341000 	C:\WINDOWS\SYSTEM32\ntdll.dll
0x00007ffe6bb70000 - 0x00007ffe6bc1b000 	C:\WINDOWS\System32\KERNEL32.DLL
0x00007ffe69400000 - 0x00007ffe6961d000 	C:\WINDOWS\System32\KERNELBASE.dll
0x00007ffe6bd90000 - 0x00007ffe6be32000 	C:\WINDOWS\System32\ADVAPI32.dll
0x00007ffe6c0d0000 - 0x00007ffe6c16e000 	C:\WINDOWS\System32\msvcrt.dll
0x00007ffe6a010000 - 0x00007ffe6a069000 	C:\WINDOWS\System32\sechost.dll
0x00007ffe6be40000 - 0x00007ffe6bf61000 	C:\WINDOWS\System32\RPCRT4.dll
0x00007ffe69890000 - 0x00007ffe699f5000 	C:\WINDOWS\System32\USER32.dll
0x00007ffe69620000 - 0x00007ffe6963e000 	C:\WINDOWS\System32\win32u.dll
0x00007ffe6b760000 - 0x00007ffe6b794000 	C:\WINDOWS\System32\GDI32.dll
0x00007ffe688b0000 - 0x00007ffe68a32000 	C:\WINDOWS\System32\gdi32full.dll
0x00007ffe674a0000 - 0x00007ffe67719000 	C:\WINDOWS\WinSxS\amd64_microsoft.windows.common-controls_6595b64144ccf1df_6.0.14393.447_none_42191651c6827bb3\COMCTL32.dll
0x00007ffe6b8a0000 - 0x00007ffe6bb67000 	C:\WINDOWS\System32\combase.dll
0x00007ffe68690000 - 0x00007ffe68785000 	C:\WINDOWS\System32\ucrtbase.dll
0x00007ffe68840000 - 0x00007ffe688aa000 	C:\WINDOWS\System32\bcryptPrimitives.dll
0x00007ffe69ec0000 - 0x00007ffe69eee000 	C:\WINDOWS\System32\IMM32.DLL
0x000000006a840000 - 0x000000006a912000 	C:\Program Files\Java\jdk1.8.0_60\jre\bin\msvcr100.dll
0x000000006aa80000 - 0x000000006b309000 	C:\Program Files\Java\jdk1.8.0_60\jre\bin\server\jvm.dll
0x00007ffe6b680000 - 0x00007ffe6b688000 	C:\WINDOWS\System32\PSAPI.DLL
0x00007ffe60060000 - 0x00007ffe60069000 	C:\WINDOWS\SYSTEM32\WSOCK32.dll
0x00007ffe6b6f0000 - 0x00007ffe6b75a000 	C:\WINDOWS\System32\WS2_32.dll
0x00007ffe66510000 - 0x00007ffe66533000 	C:\WINDOWS\SYSTEM32\WINMM.dll
0x00007ffe672a0000 - 0x00007ffe672aa000 	C:\WINDOWS\SYSTEM32\VERSION.dll
0x00007ffe664b0000 - 0x00007ffe664db000 	C:\WINDOWS\SYSTEM32\WINMMBASE.dll
0x00007ffe68640000 - 0x00007ffe68682000 	C:\WINDOWS\System32\cfgmgr32.dll
0x000000006bc60000 - 0x000000006bc6f000 	C:\Program Files\Java\jdk1.8.0_60\jre\bin\verify.dll
0x000000006bc30000 - 0x000000006bc59000 	C:\Program Files\Java\jdk1.8.0_60\jre\bin\java.dll
0x000000006bc10000 - 0x000000006bc26000 	C:\Program Files\Java\jdk1.8.0_60\jre\bin\zip.dll
0x00007ffe6a070000 - 0x00007ffe6b579000 	C:\WINDOWS\System32\SHELL32.dll
0x00007ffe68cc0000 - 0x00007ffe6939a000 	C:\WINDOWS\System32\windows.storage.dll
0x00007ffe685e0000 - 0x00007ffe6862c000 	C:\WINDOWS\System32\powrprof.dll
0x00007ffe69fb0000 - 0x00007ffe6a002000 	C:\WINDOWS\System32\shlwapi.dll
0x00007ffe68630000 - 0x00007ffe6863f000 	C:\WINDOWS\System32\kernel.appcore.dll
0x00007ffe68790000 - 0x00007ffe68839000 	C:\WINDOWS\System32\shcore.dll
0x00007ffe685c0000 - 0x00007ffe685d4000 	C:\WINDOWS\System32\profapi.dll

VM Arguments:
jvm_args: -Djava.awt.headless=true -Xmx1024M -Dfile.encoding=windows-1257 -Duser.country=US -Duser.language=en -Duser.variant 
java_command: com.android.dx.command.Main --dex --num-threads=4 --output C:\Users\user\AndroidStudioProjects\GeoTwitterClient\app\build\intermediates\pre-dexed\debug\com.google.android.gms-play-services-location-8.4.0_e46a94b9d974e9539184574513f623b78ffc9b28.jar C:\Users\user\AndroidStudioProjects\GeoTwitterClient\app\build\intermediates\exploded-aar\com.google.android.gms\play-services-location\8.4.0\jars\classes.jar
java_class_path (initial): C:\Users\user\AppData\Local\Android\sdk\build-tools\23.0.2\lib\dx.jar
Launcher Type: SUN_STANDARD

Environment Variables:
PATH=C:\Program Files (x86)\NVIDIA Corporation\PhysX\Common;C:\Program Files\Java\jdk1.8.0_60\bin;C:\ProgramData\Oracle\Java\javapath;C:\Program Files\Common Files\Microsoft Shared\Windows Live;C:\Program Files (x86)\Common Files\Microsoft Shared\Windows Live;C:\WINDOWS\system32;C:\WINDOWS;C:\WINDOWS\System32\Wbem;C:\WINDOWS\System32\WindowsPowerShell\v1.0\;C:\Program Files\WIDCOMM\Bluetooth Software\;C:\Program Files\WIDCOMM\Bluetooth Software\syswow64;C:\Program Files (x86)\Common Files\Roxio Shared\10.0\DLLShared\;C:\Program Files (x86)\Common Files\Roxio Shared\DLLShared\;C:\Program Files (x86)\Windows Live\Shared;C:\Program Files\Intel\WiFi\bin\;C:\Program Files\Common Files\Intel\WirelessCommon\;C:\Python27;C:\Program Files (x86)\IVI Foundation\VISA\WinNT\Bin;C:\Windows\SysWOW64;C:\WINDOWS\system32\config\systemprofile\.dnx\bin;C:\Program Files\Microsoft DNX\Dnvm\;C:\Program Files\Microsoft SQL Server\130\Tools\Binn\;C:\Program Files (x86)\Windows Kits\10\Windows Performance Toolkit\;C:\Program Files\ Java\jdk1.8.0_60\bin;;%USERPROFILE%\AppData\Local\Microsoft\WindowsApps
USERNAME=user
OS=Windows_NT
PROCESSOR_IDENTIFIER=Intel64 Family 6 Model 37 Stepping 2, GenuineIntel



---------------  S Y S T E M  ---------------

OS: Windows 10.0 , 64 bit Build 14393 (10.0.14393.0)

CPU:total 4 (2 cores per cpu, 2 threads per core) family 6 model 37 stepping 2, cmov, cx8, fxsr, mmx, sse, sse2, sse3, ssse3, sse4.1, sse4.2, popcnt, aes, clmul, ht, tsc, tscinvbit

Memory: 4k page, physical 5953352k(1319292k free), swap 6477640k(8028k free)

vm_info: Java HotSpot(TM) 64-Bit Server VM (25.60-b23) for windows-amd64 JRE (1.8.0_60-b27), built on Aug  4 2015 11:06:27 by "java_re" with MS VC++ 10.0 (VS2010)

time: Thu Dec 01 20:05:52 2016
elapsed time: 7 seconds (0d 0h 0m 7s)

