#
# There is insufficient memory for the Java Runtime Environment to continue.
# Native memory allocation (malloc) failed to allocate 942096 bytes for Chunk::new
# Possible reasons:
#   The system is out of physical RAM or swap space
#   In 32 bit mode, the process size limit was hit
# Possible solutions:
#   Reduce memory load on the system
#   Increase physical memory or swap space
#   Check if swap backing store is full
#   Use 64 bit Java on a 64 bit OS
#   Decrease Java heap size (-Xmx/-Xms)
#   Decrease number of Java threads
#   Decrease Java thread stack sizes (-Xss)
#   Set larger code cache with -XX:ReservedCodeCacheSize=
# This output file may be truncated or incomplete.
#
#  Out of Memory Error (allocation.cpp:390), pid=12216, tid=11568
#
# JRE version: Java(TM) SE Runtime Environment (8.0_60-b27) (build 1.8.0_60-b27)
# Java VM: Java HotSpot(TM) 64-Bit Server VM (25.60-b23 mixed mode windows-amd64 compressed oops)
# Failed to write core dump. Minidumps are not enabled by default on client versions of Windows
#

---------------  T H R E A D  ---------------

Current thread (0x0000000014f83800):  JavaThread "C2 CompilerThread1" daemon [_thread_in_native, id=11568, stack(0x00000000166d0000,0x00000000167d0000)]

Stack: [0x00000000166d0000,0x00000000167d0000]
[error occurred during error reporting (printing stack bounds), id 0xc0000005]

Native frames: (J=compiled Java code, j=interpreted, Vv=VM code, C=native code)


Current CompileTask:
C2:   8730 1534       4       com.android.dx.ssa.SCCP::simulateStmt (481 bytes)


---------------  P R O C E S S  ---------------

Java Threads: ( => current thread )
  0x0000000016aa2000 JavaThread "pool-1-thread-4" [_thread_blocked, id=2548, stack(0x00000000172d0000,0x00000000173d0000)]
  0x0000000016a89800 JavaThread "pool-1-thread-3" [_thread_blocked, id=9824, stack(0x00000000171d0000,0x00000000172d0000)]
  0x0000000016a83000 JavaThread "pool-1-thread-2" [_thread_blocked, id=1932, stack(0x00000000170d0000,0x00000000171d0000)]
  0x0000000016a40800 JavaThread "pool-2-thread-1" [_thread_blocked, id=11100, stack(0x0000000016fd0000,0x00000000170d0000)]
  0x0000000016a40000 JavaThread "pool-1-thread-1" [_thread_blocked, id=8704, stack(0x0000000016ed0000,0x0000000016fd0000)]
  0x00000000167d5800 JavaThread "Service Thread" daemon [_thread_blocked, id=2752, stack(0x0000000016cd0000,0x0000000016dd0000)]
  0x00000000167d1000 JavaThread "C1 CompilerThread2" daemon [_thread_blocked, id=7636, stack(0x0000000016bd0000,0x0000000016cd0000)]
=>0x0000000014f83800 JavaThread "C2 CompilerThread1" daemon [_thread_in_native, id=11568, stack(0x00000000166d0000,0x00000000167d0000)]
  0x0000000014f7e000 JavaThread "C2 CompilerThread0" daemon [_thread_in_native, id=10428, stack(0x00000000165d0000,0x00000000166d0000)]
  0x0000000014f7c000 JavaThread "Attach Listener" daemon [_thread_blocked, id=1380, stack(0x00000000164d0000,0x00000000165d0000)]
  0x0000000014f7b000 JavaThread "Signal Dispatcher" daemon [_thread_blocked, id=9960, stack(0x00000000163d0000,0x00000000164d0000)]
  0x00000000028a0800 JavaThread "Finalizer" daemon [_thread_blocked, id=920, stack(0x00000000161e0000,0x00000000162e0000)]
  0x000000000289d800 JavaThread "Reference Handler" daemon [_thread_blocked, id=1644, stack(0x00000000160e0000,0x00000000161e0000)]
  0x00000000025dd800 JavaThread "main" [_thread_blocked, id=11200, stack(0x00000000026b0000,0x00000000027b0000)]

Other Threads:
  0x0000000014f48800 VMThread [stack: 0x0000000015fe0000,0x00000000160e0000] [id=10636]
  0x00000000167ea800 WatcherThread [stack: 0x0000000016dd0000,0x0000000016ed0000] [id=1768]

VM state:not at safepoint (normal execution)

VM Mutex/Monitor currently owned by a thread: None

Heap:
 PSYoungGen      total 27648K, used 15526K [0x00000000eab00000, 0x00000000ec980000, 0x0000000100000000)
  eden space 24064K, 49% used [0x00000000eab00000,0x00000000eb6af0e0,0x00000000ec280000)
  from space 3584K, 99% used [0x00000000ec600000,0x00000000ec97aab8,0x00000000ec980000)
  to   space 3584K, 0% used [0x00000000ec280000,0x00000000ec280000,0x00000000ec600000)
 ParOldGen       total 62976K, used 4394K [0x00000000c0000000, 0x00000000c3d80000, 0x00000000eab00000)
  object space 62976K, 6% used [0x00000000c0000000,0x00000000c044ab68,0x00000000c3d80000)
 Metaspace       used 6193K, capacity 7088K, committed 7296K, reserved 1056768K
  class space    used 597K, capacity 616K, committed 640K, reserved 1048576K

Card table byte_map: [0x0000000011c70000,0x0000000011e80000] byte_map_base: 0x0000000011670000

Marking Bits: (ParMarkBitMap*) 0x000000006b28a5b0
 Begin Bits: [0x00000000123e0000, 0x00000000133e0000)
 End Bits:   [0x00000000133e0000, 0x00000000143e0000)

Polling page: 0x0000000000ad0000

CodeCache: size=245760Kb used=6542Kb max_used=6542Kb free=239217Kb
 bounds [0x00000000028b0000, 0x0000000002f20000, 0x00000000118b0000]
 total_blobs=1814 nmethods=1546 adapters=182
 compilation: enabled

Compilation events (10 events):
Event: 8.686 Thread 0x00000000167d1000 1551       3       com.android.dx.dex.cf.CfTranslator::translate0 (259 bytes)
Event: 8.691 Thread 0x00000000167d1000 nmethod 1551 0x0000000002f0ff50 code [0x0000000002f10400, 0x0000000002f13388]
Event: 8.696 Thread 0x00000000167d1000 1552       3       com.android.dx.cf.code.Frame::makeInitialized (17 bytes)
Event: 8.697 Thread 0x00000000167d1000 nmethod 1552 0x0000000002f15290 code [0x0000000002f15400, 0x0000000002f156f8]
Event: 8.697 Thread 0x00000000167d1000 1553       3       com.android.dx.cf.code.ExecutionStack::makeInitialized (51 bytes)
Event: 8.698 Thread 0x00000000167d1000 nmethod 1553 0x0000000002f15810 code [0x0000000002f159c0, 0x0000000002f16058]
Event: 8.698 Thread 0x00000000167d1000 1554       3       com.android.dx.rop.type.Type::asUninitialized (140 bytes)
Event: 8.700 Thread 0x00000000167d1000 nmethod 1554 0x0000000002f16350 code [0x0000000002f166a0, 0x0000000002f182d8]
Event: 8.706 Thread 0x00000000167d1000 1556       3       com.android.dx.dex.code.SimpleInsn::<init> (8 bytes)
Event: 8.707 Thread 0x00000000167d1000 nmethod 1556 0x0000000002f18f50 code [0x0000000002f190c0, 0x0000000002f192a8]

GC Heap History (4 events):
Event: 5.370 GC heap before
{Heap before GC invocations=1 (full 0):
 PSYoungGen      total 27648K, used 24064K [0x00000000eab00000, 0x00000000ec980000, 0x0000000100000000)
  eden space 24064K, 100% used [0x00000000eab00000,0x00000000ec280000,0x00000000ec280000)
  from space 3584K, 0% used [0x00000000ec600000,0x00000000ec600000,0x00000000ec980000)
  to   space 3584K, 0% used [0x00000000ec280000,0x00000000ec280000,0x00000000ec600000)
 ParOldGen       total 62976K, used 0K [0x00000000c0000000, 0x00000000c3d80000, 0x00000000eab00000)
  object space 62976K, 0% used [0x00000000c0000000,0x00000000c0000000,0x00000000c3d80000)
 Metaspace       used 5845K, capacity 6768K, committed 7040K, reserved 1056768K
  class space    used 595K, capacity 616K, committed 640K, reserved 1048576K
Event: 5.381 GC heap after
Heap after GC invocations=1 (full 0):
 PSYoungGen      total 27648K, used 3560K [0x00000000eab00000, 0x00000000ec980000, 0x0000000100000000)
  eden space 24064K, 0% used [0x00000000eab00000,0x00000000eab00000,0x00000000ec280000)
  from space 3584K, 99% used [0x00000000ec280000,0x00000000ec5fa110,0x00000000ec600000)
  to   space 3584K, 0% used [0x00000000ec600000,0x00000000ec600000,0x00000000ec980000)
 ParOldGen       total 62976K, used 1328K [0x00000000c0000000, 0x00000000c3d80000, 0x00000000eab00000)
  object space 62976K, 2% used [0x00000000c0000000,0x00000000c014c358,0x00000000c3d80000)
 Metaspace       used 5845K, capacity 6768K, committed 7040K, reserved 1056768K
  class space    used 595K, capacity 616K, committed 640K, reserved 1048576K
}
Event: 8.325 GC heap before
{Heap before GC invocations=2 (full 0):
 PSYoungGen      total 27648K, used 27624K [0x00000000eab00000, 0x00000000ec980000, 0x0000000100000000)
  eden space 24064K, 100% used [0x00000000eab00000,0x00000000ec280000,0x00000000ec280000)
  from space 3584K, 99% used [0x00000000ec280000,0x00000000ec5fa110,0x00000000ec600000)
  to   space 3584K, 0% used [0x00000000ec600000,0x00000000ec600000,0x00000000ec980000)
 ParOldGen       total 62976K, used 1328K [0x00000000c0000000, 0x00000000c3d80000, 0x00000000eab00000)
  object space 62976K, 2% used [0x00000000c0000000,0x00000000c014c358,0x00000000c3d80000)
 Metaspace       used 6158K, capacity 7024K, committed 7296K, reserved 1056768K
  class space    used 597K, capacity 616K, committed 640K, reserved 1048576K
Event: 8.457 GC heap after
Heap after GC invocations=2 (full 0):
 PSYoungGen      total 27648K, used 3562K [0x00000000eab00000, 0x00000000ec980000, 0x0000000100000000)
  eden space 24064K, 0% used [0x00000000eab00000,0x00000000eab00000,0x00000000ec280000)
  from space 3584K, 99% used [0x00000000ec600000,0x00000000ec97aab8,0x00000000ec980000)
  to   space 3584K, 0% used [0x00000000ec280000,0x00000000ec280000,0x00000000ec600000)
 ParOldGen       total 62976K, used 4394K [0x00000000c0000000, 0x00000000c3d80000, 0x00000000eab00000)
  object space 62976K, 6% used [0x00000000c0000000,0x00000000c044ab68,0x00000000c3d80000)
 Metaspace       used 6158K, capacity 7024K, committed 7296K, reserved 1056768K
  class space    used 597K, capacity 616K, committed 640K, reserved 1048576K
}

Deoptimization events (10 events):
Event: 4.816 Thread 0x0000000016a40000 Uncommon trap: reason=unstable_if action=reinterpret pc=0x0000000002adbe58 method=java.util.HashMap.getNode(ILjava/lang/Object;)Ljava/util/HashMap$Node; @ 129
Event: 4.863 Thread 0x0000000016a89800 Uncommon trap: reason=class_check action=maybe_recompile pc=0x0000000002be0784 method=com.android.dx.ssa.NormalSsaInsn.accept(Lcom/android/dx/ssa/SsaInsn$Visitor;)V @ 9
Event: 4.863 Thread 0x0000000016a89800 Uncommon trap: reason=class_check action=maybe_recompile pc=0x0000000002ae87f0 method=com.android.dx.ssa.NormalSsaInsn.accept(Lcom/android/dx/ssa/SsaInsn$Visitor;)V @ 9
Event: 4.863 Thread 0x0000000016a89800 Uncommon trap: reason=class_check action=maybe_recompile pc=0x0000000002ae87f0 method=com.android.dx.ssa.NormalSsaInsn.accept(Lcom/android/dx/ssa/SsaInsn$Visitor;)V @ 9
Event: 4.879 Thread 0x0000000016a89800 Uncommon trap: reason=class_check action=maybe_recompile pc=0x0000000002be0784 method=com.android.dx.ssa.NormalSsaInsn.accept(Lcom/android/dx/ssa/SsaInsn$Visitor;)V @ 9
Event: 4.879 Thread 0x0000000016a89800 Uncommon trap: reason=class_check action=maybe_recompile pc=0x0000000002ae87f0 method=com.android.dx.ssa.NormalSsaInsn.accept(Lcom/android/dx/ssa/SsaInsn$Visitor;)V @ 9
Event: 4.883 Thread 0x00000000025dd800 Uncommon trap: reason=unstable_if action=reinterpret pc=0x0000000002c1421c method=com.android.dx.rop.code.RegisterSpecSet.put(Lcom/android/dx/rop/code/RegisterSpec;)V @ 77
Event: 6.513 Thread 0x0000000016a83000 Uncommon trap: reason=unstable_if action=reinterpret pc=0x0000000002d4cd80 method=com.android.dx.ssa.SCCP.simulateStmt(Lcom/android/dx/ssa/SsaInsn;)V @ 53
Event: 7.083 Thread 0x0000000016a89800 Uncommon trap: reason=unstable_if action=reinterpret pc=0x0000000002ccfefc method=com.android.dx.util.IntList.binarysearch(I)I @ 105
Event: 8.490 Thread 0x0000000016aa2000 Uncommon trap: reason=bimorphic action=maybe_recompile pc=0x0000000002ec05fc method=com.android.dx.ssa.SCCP.simulatePhi(Lcom/android/dx/ssa/PhiInsn;)V @ 124

Internal exceptions (2 events):
Event: 0.138 Thread 0x00000000025dd800 Exception <a 'java/lang/NoSuchMethodError': Method sun.misc.Unsafe.defineClass(Ljava/lang/String;[BII)Ljava/lang/Class; name or signature does not match> (0x00000000eab13088) thrown at [C:\re\workspace\8-2-build-windows-amd64-cygwin\jdk8u60\4407\hotspot\sr«=ﬂw±≥¡?
Event: 0.138 Thread 0x00000000025dd800 Exception <a 'java/lang/NoSuchMethodError': Method sun.misc.Unsafe.prefetchRead(Ljava/lang/Object;J)V name or signature does not match> (0x00000000eab13370) thrown at [C:\re\workspace\8-2-build-windows-amd64-cygwin\jdk8u60\4407\hotspot\src\share\vm\prims\j

Events (10 events):
Event: 7.243 loading class com/android/dx/cf/attrib/AttDeprecated done
Event: 7.336 loading class com/android/dx/cf/attrib/AttEnclosingMethod
Event: 7.336 loading class com/android/dx/cf/attrib/AttEnclosingMethod done
Event: 8.079 Executing VM operation: ParallelGCFailedAllocation
Event: 8.457 Executing VM operation: ParallelGCFailedAllocation done
Event: 8.490 Thread 0x0000000016aa2000 Uncommon trap: trap_request=0xffffffc6 fr.pc=0x0000000002ec05fc
Event: 8.490 Thread 0x0000000016aa2000 DEOPT PACKING pc=0x0000000002ec05fc sp=0x00000000173ced50
Event: 8.490 Thread 0x0000000016aa2000 DEOPT UNPACKING pc=0x00000000028f582a sp=0x00000000173ced28 mode 2
Event: 8.521 loading class com/android/dx/cf/attrib/AttRuntimeInvisibleAnnotations
Event: 8.521 loading class com/android/dx/cf/attrib/AttRuntimeInvisibleAnnotations done


Dynamic libraries:
0x00007ff689300000 - 0x00007ff689337000 	C:\Program Files\Java\jdk1.8.0_60\bin\java.exe
0x00007ffe6c170000 - 0x00007ffe6c341000 	C:\WINDOWS\SYSTEM32\ntdll.dll
0x00007ffe6bb70000 - 0x00007ffe6bc1b000 	C:\WINDOWS\System32\KERNEL32.DLL
0x00007ffe69400000 - 0x00007ffe6961d000 	C:\WINDOWS\System32\KERNELBASE.dll
0x00007ffe6bd90000 - 0x00007ffe6be32000 	C:\WINDOWS\System32\ADVAPI32.dll
0x00007ffe6c0d0000 - 0x00007ffe6c16e000 	C:\WINDOWS\System32\msvcrt.dll
0x00007ffe6a010000 - 0x00007ffe6a069000 	C:\WINDOWS\System32\sechost.dll
0x00007ffe6be40000 - 0x00007ffe6bf61000 	C:\WINDOWS\System32\RPCRT4.dll
0x00007ffe69890000 - 0x00007ffe699f5000 	C:\WINDOWS\System32\USER32.dll
0x00007ffe69620000 - 0x00007ffe6963e000 	C:\WINDOWS\System32\win32u.dll
0x00007ffe6b760000 - 0x00007ffe6b794000 	C:\WINDOWS\System32\GDI32.dll
0x00007ffe688b0000 - 0x00007ffe68a32000 	C:\WINDOWS\System32\gdi32full.dll
0x00007ffe674a0000 - 0x00007ffe67719000 	C:\WINDOWS\WinSxS\amd64_microsoft.windows.common-controls_6595b64144ccf1df_6.0.14393.447_none_42191651c6827bb3\COMCTL32.dll
0x00007ffe6b8a0000 - 0x00007ffe6bb67000 	C:\WINDOWS\System32\combase.dll
0x00007ffe68690000 - 0x00007ffe68785000 	C:\WINDOWS\System32\ucrtbase.dll
0x00007ffe68840000 - 0x00007ffe688aa000 	C:\WINDOWS\System32\bcryptPrimitives.dll
0x00007ffe69ec0000 - 0x00007ffe69eee000 	C:\WINDOWS\System32\IMM32.DLL
0x000000006a840000 - 0x000000006a912000 	C:\Program Files\Java\jdk1.8.0_60\jre\bin\msvcr100.dll
0x000000006aa80000 - 0x000000006b309000 	C:\Program Files\Java\jdk1.8.0_60\jre\bin\server\jvm.dll
0x00007ffe6b680000 - 0x00007ffe6b688000 	C:\WINDOWS\System32\PSAPI.DLL
0x00007ffe60060000 - 0x00007ffe60069000 	C:\WINDOWS\SYSTEM32\WSOCK32.dll
0x00007ffe6b6f0000 - 0x00007ffe6b75a000 	C:\WINDOWS\System32\WS2_32.dll
0x00007ffe66510000 - 0x00007ffe66533000 	C:\WINDOWS\SYSTEM32\WINMM.dll
0x00007ffe672a0000 - 0x00007ffe672aa000 	C:\WINDOWS\SYSTEM32\VERSION.dll
0x00007ffe664b0000 - 0x00007ffe664db000 	C:\WINDOWS\SYSTEM32\WINMMBASE.dll
0x00007ffe68640000 - 0x00007ffe68682000 	C:\WINDOWS\System32\cfgmgr32.dll
0x000000006bc60000 - 0x000000006bc6f000 	C:\Program Files\Java\jdk1.8.0_60\jre\bin\verify.dll
0x000000006bc30000 - 0x000000006bc59000 	C:\Program Files\Java\jdk1.8.0_60\jre\bin\java.dll
0x000000006bc10000 - 0x000000006bc26000 	C:\Program Files\Java\jdk1.8.0_60\jre\bin\zip.dll
0x00007ffe6a070000 - 0x00007ffe6b579000 	C:\WINDOWS\System32\SHELL32.dll
0x00007ffe68cc0000 - 0x00007ffe6939a000 	C:\WINDOWS\System32\windows.storage.dll
0x00007ffe685e0000 - 0x00007ffe6862c000 	C:\WINDOWS\System32\powrprof.dll
0x00007ffe69fb0000 - 0x00007ffe6a002000 	C:\WINDOWS\System32\shlwapi.dll
0x00007ffe68630000 - 0x00007ffe6863f000 	C:\WINDOWS\System32\kernel.appcore.dll
0x00007ffe68790000 - 0x00007ffe68839000 	C:\WINDOWS\System32\shcore.dll
0x00007ffe685c0000 - 0x00007ffe685d4000 	C:\WINDOWS\System32\profapi.dll

VM Arguments:
jvm_args: -Djava.awt.headless=true -Xmx1024M -Dfile.encoding=windows-1257 -Duser.country=US -Duser.language=en -Duser.variant 
java_command: com.android.dx.command.Main --dex --num-threads=4 --output C:\Users\user\AndroidStudioProjects\GeoTwitterClient\app\build\intermediates\pre-dexed\debug\com.google.android.gms-play-services-wearable-8.4.0_6315356106e864c0f87d05c0464aa5e52704272d.jar C:\Users\user\AndroidStudioProjects\GeoTwitterClient\app\build\intermediates\exploded-aar\com.google.android.gms\play-services-wearable\8.4.0\jars\classes.jar
java_class_path (initial): C:\Users\user\AppData\Local\Android\sdk\build-tools\23.0.2\lib\dx.jar
Launcher Type: SUN_STANDARD

Environment Variables:
PATH=C:\Program Files (x86)\NVIDIA Corporation\PhysX\Common;C:\Program Files\Java\jdk1.8.0_60\bin;C:\ProgramData\Oracle\Java\javapath;C:\Program Files\Common Files\Microsoft Shared\Windows Live;C:\Program Files (x86)\Common Files\Microsoft Shared\Windows Live;C:\WINDOWS\system32;C:\WINDOWS;C:\WINDOWS\System32\Wbem;C:\WINDOWS\System32\WindowsPowerShell\v1.0\;C:\Program Files\WIDCOMM\Bluetooth Software\;C:\Program Files\WIDCOMM\Bluetooth Software\syswow64;C:\Program Files (x86)\Common Files\Roxio Shared\10.0\DLLShared\;C:\Program Files (x86)\Common Files\Roxio Shared\DLLShared\;C:\Program Files (x86)\Windows Live\Shared;C:\Program Files\Intel\WiFi\bin\;C:\Program Files\Common Files\Intel\WirelessCommon\;C:\Python27;C:\Program Files (x86)\IVI Foundation\VISA\WinNT\Bin;C:\Windows\SysWOW64;C:\WINDOWS\system32\config\systemprofile\.dnx\bin;C:\Program Files\Microsoft DNX\Dnvm\;C:\Program Files\Microsoft SQL Server\130\Tools\Binn\;C:\Program Files (x86)\Windows Kits\10\Windows Performance Toolkit\;C:\Program Files\ Java\jdk1.8.0_60\bin;;%USERPROFILE%\AppData\Local\Microsoft\WindowsApps
USERNAME=user
OS=Windows_NT
PROCESSOR_IDENTIFIER=Intel64 Family 6 Model 37 Stepping 2, GenuineIntel



---------------  S Y S T E M  ---------------

OS: Windows 10.0 , 64 bit Build 14393 (10.0.14393.0)

CPU:total 4 (2 cores per cpu, 2 threads per core) family 6 model 37 stepping 2, cmov, cx8, fxsr, mmx, sse, sse2, sse3, ssse3, sse4.1, sse4.2, popcnt, aes, clmul, ht, tsc, tscinvbit

Memory: 4k page, physical 5953352k(1283480k free), swap 6477640k(7344k free)

vm_info: Java HotSpot(TM) 64-Bit Server VM (25.60-b23) for windows-amd64 JRE (1.8.0_60-b27), built on Aug  4 2015 11:06:27 by "java_re" with MS VC++ 10.0 (VS2010)

time: Thu Dec 01 19:58:27 2016
elapsed time: 8 seconds (0d 0h 0m 8s)

