#
# There is insufficient memory for the Java Runtime Environment to continue.
# Native memory allocation (malloc) failed to allocate 452496 bytes for Chunk::new
# Possible reasons:
#   The system is out of physical RAM or swap space
#   In 32 bit mode, the process size limit was hit
# Possible solutions:
#   Reduce memory load on the system
#   Increase physical memory or swap space
#   Check if swap backing store is full
#   Use 64 bit Java on a 64 bit OS
#   Decrease Java heap size (-Xmx/-Xms)
#   Decrease number of Java threads
#   Decrease Java thread stack sizes (-Xss)
#   Set larger code cache with -XX:ReservedCodeCacheSize=
# This output file may be truncated or incomplete.
#
#  Out of Memory Error (allocation.cpp:390), pid=5736, tid=6520
#
# JRE version: Java(TM) SE Runtime Environment (8.0_60-b27) (build 1.8.0_60-b27)
# Java VM: Java HotSpot(TM) 64-Bit Server VM (25.60-b23 mixed mode windows-amd64 compressed oops)
# Failed to write core dump. Minidumps are not enabled by default on client versions of Windows
#

---------------  T H R E A D  ---------------

Current thread (0x0000000015682000):  JavaThread "C2 CompilerThread1" daemon [_thread_in_native, id=6520, stack(0x0000000016dc0000,0x0000000016ec0000)]

Stack: [0x0000000016dc0000,0x0000000016ec0000]
[error occurred during error reporting (printing stack bounds), id 0xc0000005]

Native frames: (J=compiled Java code, j=interpreted, Vv=VM code, C=native code)


Current CompileTask:
C2:  42641 2940       4       com.android.dx.dex.file.DebugInfoEncoder::emitHeader (530 bytes)


---------------  P R O C E S S  ---------------

Java Threads: ( => current thread )
  0x00000000156da000 JavaThread "Service Thread" daemon [_thread_blocked, id=9204, stack(0x00000000173c0000,0x00000000174c0000)]
  0x0000000016ec8800 JavaThread "C1 CompilerThread2" daemon [_thread_blocked, id=7620, stack(0x00000000172c0000,0x00000000173c0000)]
=>0x0000000015682000 JavaThread "C2 CompilerThread1" daemon [_thread_in_native, id=6520, stack(0x0000000016dc0000,0x0000000016ec0000)]
  0x000000001567d000 JavaThread "C2 CompilerThread0" daemon [_thread_in_native, id=3796, stack(0x0000000016cc0000,0x0000000016dc0000)]
  0x000000001567b000 JavaThread "Attach Listener" daemon [_thread_blocked, id=2800, stack(0x0000000016bc0000,0x0000000016cc0000)]
  0x0000000015679800 JavaThread "Signal Dispatcher" daemon [_thread_blocked, id=5464, stack(0x0000000016ac0000,0x0000000016bc0000)]
  0x0000000002fa1800 JavaThread "Finalizer" daemon [_thread_blocked, id=9544, stack(0x00000000168d0000,0x00000000169d0000)]
  0x0000000002f9e800 JavaThread "Reference Handler" daemon [_thread_blocked, id=752, stack(0x00000000167d0000,0x00000000168d0000)]
  0x0000000002ccd800 JavaThread "main" [_thread_in_vm, id=3668, stack(0x0000000002db0000,0x0000000002eb0000)]

Other Threads:
  0x0000000015647000 VMThread [stack: 0x00000000166d0000,0x00000000167d0000] [id=10092]
  0x0000000016ee3000 WatcherThread [stack: 0x00000000174c0000,0x00000000175c0000] [id=7876]

VM state:not at safepoint (normal execution)

VM Mutex/Monitor currently owned by a thread: None

Heap:
 PSYoungGen      total 214016K, used 26502K [0x00000000eab00000, 0x0000000100000000, 0x0000000100000000)
  eden space 189440K, 1% used [0x00000000eab00000,0x00000000eace93e8,0x00000000f6400000)
  from space 24576K, 99% used [0x00000000f6400000,0x00000000f7bf8530,0x00000000f7c00000)
  to   space 31744K, 0% used [0x00000000fe100000,0x00000000fe100000,0x0000000100000000)
 ParOldGen       total 62976K, used 39073K [0x00000000c0000000, 0x00000000c3d80000, 0x00000000eab00000)
  object space 62976K, 62% used [0x00000000c0000000,0x00000000c26284b8,0x00000000c3d80000)
 Metaspace       used 6943K, capacity 7608K, committed 7936K, reserved 1056768K
  class space    used 645K, capacity 688K, committed 768K, reserved 1048576K

Card table byte_map: [0x0000000012370000,0x0000000012580000] byte_map_base: 0x0000000011d70000

Marking Bits: (ParMarkBitMap*) 0x000000005a30a5b0
 Begin Bits: [0x0000000012ae0000, 0x0000000013ae0000)
 End Bits:   [0x0000000013ae0000, 0x0000000014ae0000)

Polling page: 0x0000000002c80000

CodeCache: size=245760Kb used=10470Kb max_used=10761Kb free=235289Kb
 bounds [0x0000000002fb0000, 0x0000000003a60000, 0x0000000011fb0000]
 total_blobs=2641 nmethods=2371 adapters=183
 compilation: enabled

Compilation events (10 events):
Event: 42.596 Thread 0x0000000016ec8800 2938       1       java.lang.ref.Reference::access$100 (4 bytes)
Event: 42.596 Thread 0x0000000016ec8800 nmethod 2938 0x00000000034694d0 code [0x0000000003469620, 0x0000000003469710]
Event: 42.597 Thread 0x0000000016ec8800 2939       1       java.lang.ref.Finalizer::access$000 (4 bytes)
Event: 42.597 Thread 0x0000000016ec8800 nmethod 2939 0x0000000003495f90 code [0x00000000034960e0, 0x00000000034961d0]
Event: 42.600 Thread 0x0000000015682000 2940       4       com.android.dx.dex.file.DebugInfoEncoder::emitHeader (530 bytes)
Event: 42.612 Thread 0x000000001567d000 2941       4       java.util.ArrayList::<init> (61 bytes)
Event: 42.615 Thread 0x000000001567d000 nmethod 2941 0x0000000003723550 code [0x00000000037236a0, 0x00000000037237f8]
Event: 42.618 Thread 0x0000000016ec8800 2942       3       com.android.dx.dex.code.SwitchData::codeSize (27 bytes)
Event: 42.618 Thread 0x0000000016ec8800 nmethod 2942 0x000000000377eed0 code [0x000000000377f040, 0x000000000377f348]
Event: 42.622 Thread 0x000000001567d000 2943       4       com.android.dx.dex.file.DebugInfoEncoder::emitStringIndex (45 bytes)

GC Heap History (10 events):
Event: 8.532 GC heap before
{Heap before GC invocations=3 (full 0):
 PSYoungGen      total 51712K, used 51682K [0x00000000eab00000, 0x00000000ee100000, 0x0000000100000000)
  eden space 48128K, 100% used [0x00000000eab00000,0x00000000eda00000,0x00000000eda00000)
  from space 3584K, 99% used [0x00000000edd80000,0x00000000ee0f8840,0x00000000ee100000)
  to   space 3584K, 0% used [0x00000000eda00000,0x00000000eda00000,0x00000000edd80000)
 ParOldGen       total 62976K, used 2634K [0x00000000c0000000, 0x00000000c3d80000, 0x00000000eab00000)
  object space 62976K, 4% used [0x00000000c0000000,0x00000000c0292b18,0x00000000c3d80000)
 Metaspace       used 6227K, capacity 7088K, committed 7296K, reserved 1056768K
  class space    used 604K, capacity 616K, committed 640K, reserved 1048576K
Event: 8.660 GC heap after
Heap after GC invocations=3 (full 0):
 PSYoungGen      total 51712K, used 3554K [0x00000000eab00000, 0x00000000f1000000, 0x0000000100000000)
  eden space 48128K, 0% used [0x00000000eab00000,0x00000000eab00000,0x00000000eda00000)
  from space 3584K, 99% used [0x00000000eda00000,0x00000000edd78840,0x00000000edd80000)
  to   space 3584K, 0% used [0x00000000f0c80000,0x00000000f0c80000,0x00000000f1000000)
 ParOldGen       total 62976K, used 10156K [0x00000000c0000000, 0x00000000c3d80000, 0x00000000eab00000)
  object space 62976K, 16% used [0x00000000c0000000,0x00000000c09eb030,0x00000000c3d80000)
 Metaspace       used 6227K, capacity 7088K, committed 7296K, reserved 1056768K
  class space    used 604K, capacity 616K, committed 640K, reserved 1048576K
}
Event: 12.416 GC heap before
{Heap before GC invocations=4 (full 0):
 PSYoungGen      total 51712K, used 51682K [0x00000000eab00000, 0x00000000f1000000, 0x0000000100000000)
  eden space 48128K, 100% used [0x00000000eab00000,0x00000000eda00000,0x00000000eda00000)
  from space 3584K, 99% used [0x00000000eda00000,0x00000000edd78840,0x00000000edd80000)
  to   space 3584K, 0% used [0x00000000f0c80000,0x00000000f0c80000,0x00000000f1000000)
 ParOldGen       total 62976K, used 10156K [0x00000000c0000000, 0x00000000c3d80000, 0x00000000eab00000)
  object space 62976K, 16% used [0x00000000c0000000,0x00000000c09eb030,0x00000000c3d80000)
 Metaspace       used 6275K, capacity 7152K, committed 7296K, reserved 1056768K
  class space    used 604K, capacity 616K, committed 640K, reserved 1048576K
Event: 12.893 GC heap after
Heap after GC invocations=4 (full 0):
 PSYoungGen      total 99840K, used 3554K [0x00000000eab00000, 0x00000000f1000000, 0x0000000100000000)
  eden space 96256K, 0% used [0x00000000eab00000,0x00000000eab00000,0x00000000f0900000)
  from space 3584K, 99% used [0x00000000f0c80000,0x00000000f0ff8840,0x00000000f1000000)
  to   space 3584K, 0% used [0x00000000f0900000,0x00000000f0900000,0x00000000f0c80000)
 ParOldGen       total 62976K, used 17527K [0x00000000c0000000, 0x00000000c3d80000, 0x00000000eab00000)
  object space 62976K, 27% used [0x00000000c0000000,0x00000000c111dd18,0x00000000c3d80000)
 Metaspace       used 6275K, capacity 7152K, committed 7296K, reserved 1056768K
  class space    used 604K, capacity 616K, committed 640K, reserved 1048576K
}
Event: 21.259 GC heap before
{Heap before GC invocations=5 (full 0):
 PSYoungGen      total 99840K, used 99810K [0x00000000eab00000, 0x00000000f1000000, 0x0000000100000000)
  eden space 96256K, 100% used [0x00000000eab00000,0x00000000f0900000,0x00000000f0900000)
  from space 3584K, 99% used [0x00000000f0c80000,0x00000000f0ff8840,0x00000000f1000000)
  to   space 3584K, 0% used [0x00000000f0900000,0x00000000f0900000,0x00000000f0c80000)
 ParOldGen       total 62976K, used 17527K [0x00000000c0000000, 0x00000000c3d80000, 0x00000000eab00000)
  object space 62976K, 27% used [0x00000000c0000000,0x00000000c111dd18,0x00000000c3d80000)
 Metaspace       used 6425K, capacity 7216K, committed 7296K, reserved 1056768K
  class space    used 604K, capacity 616K, committed 640K, reserved 1048576K
Event: 21.786 GC heap after
Heap after GC invocations=5 (full 0):
 PSYoungGen      total 99840K, used 3580K [0x00000000eab00000, 0x00000000f9100000, 0x0000000100000000)
  eden space 96256K, 0% used [0x00000000eab00000,0x00000000eab00000,0x00000000f0900000)
  from space 3584K, 99% used [0x00000000f0900000,0x00000000f0c7f350,0x00000000f0c80000)
  to   space 21504K, 0% used [0x00000000f7c00000,0x00000000f7c00000,0x00000000f9100000)
 ParOldGen       total 62976K, used 33716K [0x00000000c0000000, 0x00000000c3d80000, 0x00000000eab00000)
  object space 62976K, 53% used [0x00000000c0000000,0x00000000c20ed120,0x00000000c3d80000)
 Metaspace       used 6425K, capacity 7216K, committed 7296K, reserved 1056768K
  class space    used 604K, capacity 616K, committed 640K, reserved 1048576K
}
Event: 24.891 GC heap before
{Heap before GC invocations=6 (full 0):
 PSYoungGen      total 99840K, used 99836K [0x00000000eab00000, 0x00000000f9100000, 0x0000000100000000)
  eden space 96256K, 100% used [0x00000000eab00000,0x00000000f0900000,0x00000000f0900000)
  from space 3584K, 99% used [0x00000000f0900000,0x00000000f0c7f350,0x00000000f0c80000)
  to   space 21504K, 0% used [0x00000000f7c00000,0x00000000f7c00000,0x00000000f9100000)
 ParOldGen       total 62976K, used 33716K [0x00000000c0000000, 0x00000000c3d80000, 0x00000000eab00000)
  object space 62976K, 53% used [0x00000000c0000000,0x00000000c20ed120,0x00000000c3d80000)
 Metaspace       used 6539K, capacity 7256K, committed 7424K, reserved 1056768K
  class space    used 625K, capacity 656K, committed 768K, reserved 1048576K
Event: 24.997 GC heap after
Heap after GC invocations=6 (full 0):
 PSYoungGen      total 210944K, used 18856K [0x00000000eab00000, 0x00000000f9700000, 0x0000000100000000)
  eden space 189440K, 0% used [0x00000000eab00000,0x00000000eab00000,0x00000000f6400000)
  from space 21504K, 87% used [0x00000000f7c00000,0x00000000f8e6a118,0x00000000f9100000)
  to   space 24576K, 0% used [0x00000000f6400000,0x00000000f6400000,0x00000000f7c00000)
 ParOldGen       total 62976K, used 33716K [0x00000000c0000000, 0x00000000c3d80000, 0x00000000eab00000)
  object space 62976K, 53% used [0x00000000c0000000,0x00000000c20ed120,0x00000000c3d80000)
 Metaspace       used 6539K, capacity 7256K, committed 7424K, reserved 1056768K
  class space    used 625K, capacity 656K, committed 768K, reserved 1048576K
}
Event: 42.075 GC heap before
{Heap before GC invocations=7 (full 0):
 PSYoungGen      total 210944K, used 208296K [0x00000000eab00000, 0x00000000f9700000, 0x0000000100000000)
  eden space 189440K, 100% used [0x00000000eab00000,0x00000000f6400000,0x00000000f6400000)
  from space 21504K, 87% used [0x00000000f7c00000,0x00000000f8e6a118,0x00000000f9100000)
  to   space 24576K, 0% used [0x00000000f6400000,0x00000000f6400000,0x00000000f7c00000)
 ParOldGen       total 62976K, used 33716K [0x00000000c0000000, 0x00000000c3d80000, 0x00000000eab00000)
  object space 62976K, 53% used [0x00000000c0000000,0x00000000c20ed120,0x00000000c3d80000)
 Metaspace       used 6942K, capacity 7608K, committed 7936K, reserved 1056768K
  class space    used 645K, capacity 688K, committed 768K, reserved 1048576K
Event: 42.594 GC heap after
Heap after GC invocations=7 (full 0):
 PSYoungGen      total 214016K, used 24545K [0x00000000eab00000, 0x0000000100000000, 0x0000000100000000)
  eden space 189440K, 0% used [0x00000000eab00000,0x00000000eab00000,0x00000000f6400000)
  from space 24576K, 99% used [0x00000000f6400000,0x00000000f7bf8530,0x00000000f7c00000)
  to   space 31744K, 0% used [0x00000000fe100000,0x00000000fe100000,0x0000000100000000)
 ParOldGen       total 62976K, used 39073K [0x00000000c0000000, 0x00000000c3d80000, 0x00000000eab00000)
  object space 62976K, 62% used [0x00000000c0000000,0x00000000c26284b8,0x00000000c3d80000)
 Metaspace       used 6942K, capacity 7608K, committed 7936K, reserved 1056768K
  class space    used 645K, capacity 688K, committed 768K, reserved 1048576K
}

Deoptimization events (10 events):
Event: 35.350 Thread 0x0000000002ccd800 Uncommon trap: reason=class_check action=maybe_recompile pc=0x000000000314b7c4 method=com.android.dx.dex.code.OutputFinisher.massageInstructions([Lcom/android/dx/dex/code/Dop;)V @ 63
Event: 35.351 Thread 0x0000000002ccd800 Uncommon trap: reason=class_check action=maybe_recompile pc=0x000000000314b7c4 method=com.android.dx.dex.code.OutputFinisher.massageInstructions([Lcom/android/dx/dex/code/Dop;)V @ 63
Event: 35.351 Thread 0x0000000002ccd800 Uncommon trap: reason=class_check action=maybe_recompile pc=0x000000000314b7c4 method=com.android.dx.dex.code.OutputFinisher.massageInstructions([Lcom/android/dx/dex/code/Dop;)V @ 63
Event: 36.031 Thread 0x0000000002ccd800 Uncommon trap: reason=unstable_if action=reinterpret pc=0x000000000327e030 method=com.android.dx.dex.code.LocalList$MakeState.snapshot(ILcom/android/dx/rop/code/RegisterSpecSet;)V @ 86
Event: 41.321 Thread 0x0000000002ccd800 Uncommon trap: reason=bimorphic action=maybe_recompile pc=0x00000000039e6e44 method=com.android.dx.dex.file.MixedItemSection$1.compare(Lcom/android/dx/dex/file/OffsettedItem;Lcom/android/dx/dex/file/OffsettedItem;)I @ 1
Event: 41.321 Thread 0x0000000002ccd800 Uncommon trap: reason=bimorphic action=maybe_recompile pc=0x00000000039e6e44 method=com.android.dx.dex.file.MixedItemSection$1.compare(Lcom/android/dx/dex/file/OffsettedItem;Lcom/android/dx/dex/file/OffsettedItem;)I @ 1
Event: 41.321 Thread 0x0000000002ccd800 Uncommon trap: reason=bimorphic action=maybe_recompile pc=0x00000000039e6e44 method=com.android.dx.dex.file.MixedItemSection$1.compare(Lcom/android/dx/dex/file/OffsettedItem;Lcom/android/dx/dex/file/OffsettedItem;)I @ 1
Event: 41.321 Thread 0x0000000002ccd800 Uncommon trap: reason=bimorphic action=maybe_recompile pc=0x00000000039e6e44 method=com.android.dx.dex.file.MixedItemSection$1.compare(Lcom/android/dx/dex/file/OffsettedItem;Lcom/android/dx/dex/file/OffsettedItem;)I @ 1
Event: 41.511 Thread 0x0000000002ccd800 Uncommon trap: reason=unstable_if action=reinterpret pc=0x0000000003807a60 method=java.util.ArrayList.<init>(I)V @ 5
Event: 42.071 Thread 0x0000000002ccd800 Uncommon trap: reason=unstable_if action=reinterpret pc=0x000000000372617c method=com.android.dx.dex.file.DebugInfoEncoder.emitLocalsAtAddress(I)I @ 137

Internal exceptions (7 events):
Event: 0.089 Thread 0x0000000002ccd800 Exception <a 'java/lang/NoSuchMethodError': Method sun.misc.Unsafe.defineClass(Ljava/lang/String;[BII)Ljava/lang/Class; name or signature does not match> (0x00000000eab13088) thrown at [C:\re\workspace\8-2-build-windows-amd64-cygwin\jdk8u60\4407\hotspot\sr∏^[›`Ì∂?
Event: 0.090 Thread 0x0000000002ccd800 Exception <a 'java/lang/NoSuchMethodError': Method sun.misc.Unsafe.prefetchRead(Ljava/lang/Object;J)V name or signature does not match> (0x00000000eab13370) thrown at [C:\re\workspace\8-2-build-windows-amd64-cygwin\jdk8u60\4407\hotspot\src\share\vm\prims\j2&*–è@
Event: 3.070 Thread 0x000000001713f800 Implicit null exception at 0x00000000032bf862 to 0x00000000032bf961
Event: 20.769 Thread 0x000000001713f800 Implicit null exception at 0x0000000003552d8c to 0x000000000355432d
Event: 23.401 Thread 0x0000000017127800 Exception <a 'java/lang/ArrayIndexOutOfBoundsException': 18> (0x00000000ecefd478) thrown at [C:\re\workspace\8-2-build-windows-amd64-cygwin\jdk8u60\4407\hotspot\src\share\vm\interpreter\interpreterRuntime.cpp, line 366]
Event: 23.403 Thread 0x0000000017127800 Exception <a 'java/lang/ArrayIndexOutOfBoundsException'> (0x00000000ecefeff8) thrown at [C:\re\workspace\8-2-build-windows-amd64-cygwin\jdk8u60\4407\hotspot\src\share\vm\runtime\sharedRuntime.cpp, line 605]
Event: 23.406 Thread 0x0000000017127800 Exception <a 'java/lang/ArrayIndexOutOfBoundsException'> (0x00000000ecf002e0) thrown at [C:\re\workspace\8-2-build-windows-amd64-cygwin\jdk8u60\4407\hotspot\src\share\vm\runtime\sharedRuntime.cpp, line 605]

Events (10 events):
Event: 41.511 Thread 0x0000000002ccd800 Uncommon trap: trap_request=0xffffff65 fr.pc=0x0000000003807a60
Event: 41.511 Thread 0x0000000002ccd800 DEOPT PACKING pc=0x0000000003807a60 sp=0x0000000002eaee40
Event: 41.511 Thread 0x0000000002ccd800 DEOPT UNPACKING pc=0x0000000002ff582a sp=0x0000000002eaede8 mode 2
Event: 41.511 loading class com/android/dx/dex/file/DebugInfoEncoder$2
Event: 41.511 loading class com/android/dx/dex/file/DebugInfoEncoder$2 done
Event: 42.071 Thread 0x0000000002ccd800 Uncommon trap: trap_request=0xffffff65 fr.pc=0x000000000372617c
Event: 42.071 Thread 0x0000000002ccd800 DEOPT PACKING pc=0x000000000372617c sp=0x0000000002eaee80
Event: 42.071 Thread 0x0000000002ccd800 DEOPT UNPACKING pc=0x0000000002ff582a sp=0x0000000002eaee30 mode 2
Event: 42.075 Executing VM operation: ParallelGCFailedAllocation
Event: 42.594 Executing VM operation: ParallelGCFailedAllocation done


Dynamic libraries:
0x00007ff699360000 - 0x00007ff699397000 	C:\Program Files\Java\jdk1.8.0_60\bin\java.exe
0x00007ffb7c7b0000 - 0x00007ffb7c981000 	C:\WINDOWS\SYSTEM32\ntdll.dll
0x00007ffb7a460000 - 0x00007ffb7a50b000 	C:\WINDOWS\System32\KERNEL32.DLL
0x00007ffb78ea0000 - 0x00007ffb790bd000 	C:\WINDOWS\System32\KERNELBASE.dll
0x00007ffb7c0a0000 - 0x00007ffb7c142000 	C:\WINDOWS\System32\ADVAPI32.dll
0x00007ffb7a330000 - 0x00007ffb7a3ce000 	C:\WINDOWS\System32\msvcrt.dll
0x00007ffb7c150000 - 0x00007ffb7c1a9000 	C:\WINDOWS\System32\sechost.dll
0x00007ffb7a510000 - 0x00007ffb7a631000 	C:\WINDOWS\System32\RPCRT4.dll
0x00007ffb7c640000 - 0x00007ffb7c7a5000 	C:\WINDOWS\System32\USER32.dll
0x00007ffb79570000 - 0x00007ffb7958e000 	C:\WINDOWS\System32\win32u.dll
0x00007ffb7a880000 - 0x00007ffb7a8b4000 	C:\WINDOWS\System32\GDI32.dll
0x00007ffb793e0000 - 0x00007ffb79562000 	C:\WINDOWS\System32\gdi32full.dll
0x00007ffb77ae0000 - 0x00007ffb77d59000 	C:\WINDOWS\WinSxS\amd64_microsoft.windows.common-controls_6595b64144ccf1df_6.0.14393.447_none_42191651c6827bb3\COMCTL32.dll
0x00007ffb7c370000 - 0x00007ffb7c637000 	C:\WINDOWS\System32\combase.dll
0x00007ffb79170000 - 0x00007ffb79265000 	C:\WINDOWS\System32\ucrtbase.dll
0x00007ffb79370000 - 0x00007ffb793da000 	C:\WINDOWS\System32\bcryptPrimitives.dll
0x00007ffb7a3d0000 - 0x00007ffb7a3fe000 	C:\WINDOWS\System32\IMM32.DLL
0x0000000059850000 - 0x0000000059922000 	C:\Program Files\Java\jdk1.8.0_60\jre\bin\msvcr100.dll
0x0000000059b00000 - 0x000000005a389000 	C:\Program Files\Java\jdk1.8.0_60\jre\bin\server\jvm.dll
0x00007ffb79e80000 - 0x00007ffb79e88000 	C:\WINDOWS\System32\PSAPI.DLL
0x00007ffb706c0000 - 0x00007ffb706c9000 	C:\WINDOWS\SYSTEM32\WSOCK32.dll
0x00007ffb7bec0000 - 0x00007ffb7bf2a000 	C:\WINDOWS\System32\WS2_32.dll
0x00007ffb76670000 - 0x00007ffb76693000 	C:\WINDOWS\SYSTEM32\WINMM.dll
0x00007ffb778e0000 - 0x00007ffb778ea000 	C:\WINDOWS\SYSTEM32\VERSION.dll
0x0000000001130000 - 0x000000000115b000 	C:\WINDOWS\SYSTEM32\WINMMBASE.dll
0x00007ffb78c80000 - 0x00007ffb78cc2000 	C:\WINDOWS\System32\cfgmgr32.dll
0x000000005b0e0000 - 0x000000005b0ef000 	C:\Program Files\Java\jdk1.8.0_60\jre\bin\verify.dll
0x000000005b0b0000 - 0x000000005b0d9000 	C:\Program Files\Java\jdk1.8.0_60\jre\bin\java.dll
0x000000005b090000 - 0x000000005b0a6000 	C:\Program Files\Java\jdk1.8.0_60\jre\bin\zip.dll
0x00007ffb7a9b0000 - 0x00007ffb7beb9000 	C:\WINDOWS\System32\SHELL32.dll
0x00007ffb79590000 - 0x00007ffb79c6a000 	C:\WINDOWS\System32\windows.storage.dll
0x00007ffb78c30000 - 0x00007ffb78c7c000 	C:\WINDOWS\System32\powrprof.dll
0x00007ffb7a400000 - 0x00007ffb7a452000 	C:\WINDOWS\System32\shlwapi.dll
0x00007ffb78bf0000 - 0x00007ffb78bff000 	C:\WINDOWS\System32\kernel.appcore.dll
0x00007ffb790c0000 - 0x00007ffb79169000 	C:\WINDOWS\System32\shcore.dll
0x00007ffb78c10000 - 0x00007ffb78c24000 	C:\WINDOWS\System32\profapi.dll

VM Arguments:
jvm_args: -Djava.awt.headless=true -Xmx1024M -Dfile.encoding=windows-1257 -Duser.country=US -Duser.language=en -Duser.variant 
java_command: com.android.dx.command.Main --dex --num-threads=4 --output C:\Users\user\AndroidStudioProjects\GeoTwitterClient\app\build\intermediates\pre-dexed\debug\com.android.support-support-v4-23.2.1_a6f75dd35659d1cf753b9fce2e4255b6564a5adf.jar C:\Users\user\AndroidStudioProjects\GeoTwitterClient\app\build\intermediates\exploded-aar\com.android.support\support-v4\23.2.1\jars\classes.jar
java_class_path (initial): C:\Users\user\AppData\Local\Android\sdk\build-tools\23.0.2\lib\dx.jar
Launcher Type: SUN_STANDARD

Environment Variables:
PATH=C:\Program Files (x86)\NVIDIA Corporation\PhysX\Common;C:\Program Files\Java\jdk1.8.0_60\bin;C:\ProgramData\Oracle\Java\javapath;C:\Program Files\Common Files\Microsoft Shared\Windows Live;C:\Program Files (x86)\Common Files\Microsoft Shared\Windows Live;C:\WINDOWS\system32;C:\WINDOWS;C:\WINDOWS\System32\Wbem;C:\WINDOWS\System32\WindowsPowerShell\v1.0\;C:\Program Files\WIDCOMM\Bluetooth Software\;C:\Program Files\WIDCOMM\Bluetooth Software\syswow64;C:\Program Files (x86)\Common Files\Roxio Shared\10.0\DLLShared\;C:\Program Files (x86)\Common Files\Roxio Shared\DLLShared\;C:\Program Files (x86)\Windows Live\Shared;C:\Program Files\Intel\WiFi\bin\;C:\Program Files\Common Files\Intel\WirelessCommon\;C:\Python27;C:\Program Files (x86)\IVI Foundation\VISA\WinNT\Bin;C:\Windows\SysWOW64;C:\WINDOWS\system32\config\systemprofile\.dnx\bin;C:\Program Files\Microsoft DNX\Dnvm\;C:\Program Files\Microsoft SQL Server\130\Tools\Binn\;C:\Program Files (x86)\Windows Kits\10\Windows Performance Toolkit\;C:\Program Files\ Java\jdk1.8.0_60\bin;;%USERPROFILE%\AppData\Local\Microsoft\WindowsApps
USERNAME=user
OS=Windows_NT
PROCESSOR_IDENTIFIER=Intel64 Family 6 Model 37 Stepping 2, GenuineIntel



---------------  S Y S T E M  ---------------

OS: Windows 10.0 , 64 bit Build 14393 (10.0.14393.0)

CPU:total 4 (2 cores per cpu, 2 threads per core) family 6 model 37 stepping 2, cmov, cx8, fxsr, mmx, sse, sse2, sse3, ssse3, sse4.1, sse4.2, popcnt, aes, clmul, ht, tsc, tscinvbit

Memory: 4k page, physical 5953352k(1660848k free), swap 6477640k(4248k free)

vm_info: Java HotSpot(TM) 64-Bit Server VM (25.60-b23) for windows-amd64 JRE (1.8.0_60-b27), built on Aug  4 2015 11:06:27 by "java_re" with MS VC++ 10.0 (VS2010)

time: Wed Nov 30 20:47:07 2016
elapsed time: 42 seconds (0d 0h 0m 42s)

