#
# There is insufficient memory for the Java Runtime Environment to continue.
# Native memory allocation (malloc) failed to allocate 1209456 bytes for Chunk::new
# Possible reasons:
#   The system is out of physical RAM or swap space
#   In 32 bit mode, the process size limit was hit
# Possible solutions:
#   Reduce memory load on the system
#   Increase physical memory or swap space
#   Check if swap backing store is full
#   Use 64 bit Java on a 64 bit OS
#   Decrease Java heap size (-Xmx/-Xms)
#   Decrease number of Java threads
#   Decrease Java thread stack sizes (-Xss)
#   Set larger code cache with -XX:ReservedCodeCacheSize=
# This output file may be truncated or incomplete.
#
#  Out of Memory Error (allocation.cpp:390), pid=12060, tid=7084
#
# JRE version: Java(TM) SE Runtime Environment (8.0_60-b27) (build 1.8.0_60-b27)
# Java VM: Java HotSpot(TM) 64-Bit Server VM (25.60-b23 mixed mode windows-amd64 compressed oops)
# Failed to write core dump. Minidumps are not enabled by default on client versions of Windows
#

---------------  T H R E A D  ---------------

Current thread (0x00000000155bd000):  JavaThread "C2 CompilerThread0" daemon [_thread_in_native, id=7084, stack(0x0000000016c30000,0x0000000016d30000)]

Stack: [0x0000000016c30000,0x0000000016d30000]
[error occurred during error reporting (printing stack bounds), id 0xc0000005]

Native frames: (J=compiled Java code, j=interpreted, Vv=VM code, C=native code)


Current CompileTask:
C2:  23975 1875   !   4       com.android.dx.cf.code.Ropper::processBlock (1101 bytes)


---------------  P R O C E S S  ---------------

Java Threads: ( => current thread )
  0x0000000016e3f000 JavaThread "Service Thread" daemon [_thread_blocked, id=6872, stack(0x0000000017330000,0x0000000017430000)]
  0x000000001561e800 JavaThread "C1 CompilerThread2" daemon [_thread_blocked, id=9356, stack(0x0000000017230000,0x0000000017330000)]
  0x0000000015618000 JavaThread "C2 CompilerThread1" daemon [_thread_in_native, id=9620, stack(0x0000000016d30000,0x0000000016e30000)]
=>0x00000000155bd000 JavaThread "C2 CompilerThread0" daemon [_thread_in_native, id=7084, stack(0x0000000016c30000,0x0000000016d30000)]
  0x00000000155bb000 JavaThread "Attach Listener" daemon [_thread_blocked, id=872, stack(0x0000000016b30000,0x0000000016c30000)]
  0x00000000155b9800 JavaThread "Signal Dispatcher" daemon [_thread_blocked, id=1868, stack(0x0000000016a30000,0x0000000016b30000)]
  0x0000000002ee1800 JavaThread "Finalizer" daemon [_thread_blocked, id=12120, stack(0x0000000016840000,0x0000000016940000)]
  0x0000000002ede800 JavaThread "Reference Handler" daemon [_thread_blocked, id=5720, stack(0x0000000016740000,0x0000000016840000)]
  0x0000000002c3d800 JavaThread "main" [_thread_in_Java, id=10352, stack(0x0000000002cf0000,0x0000000002df0000)]

Other Threads:
  0x0000000015587000 VMThread [stack: 0x0000000016640000,0x0000000016740000] [id=9344]
  0x0000000016e37000 WatcherThread [stack: 0x0000000017430000,0x0000000017530000] [id=5756]

VM state:not at safepoint (normal execution)

VM Mutex/Monitor currently owned by a thread: None

Heap:
 PSYoungGen      total 211968K, used 184601K [0x00000000eab00000, 0x00000000f9700000, 0x0000000100000000)
  eden space 189952K, 87% used [0x00000000eab00000,0x00000000f4ce4b68,0x00000000f6480000)
  from space 22016K, 85% used [0x00000000f7c80000,0x00000000f8ee1bf0,0x00000000f9200000)
  to   space 24576K, 0% used [0x00000000f6480000,0x00000000f6480000,0x00000000f7c80000)
 ParOldGen       total 62976K, used 34054K [0x00000000c0000000, 0x00000000c3d80000, 0x00000000eab00000)
  object space 62976K, 54% used [0x00000000c0000000,0x00000000c21419d0,0x00000000c3d80000)
 Metaspace       used 6648K, capacity 7320K, committed 7680K, reserved 1056768K
  class space    used 630K, capacity 656K, committed 768K, reserved 1048576K

Card table byte_map: [0x00000000122b0000,0x00000000124c0000] byte_map_base: 0x0000000011cb0000

Marking Bits: (ParMarkBitMap*) 0x000000006b28a5b0
 Begin Bits: [0x0000000012a20000, 0x0000000013a20000)
 End Bits:   [0x0000000013a20000, 0x0000000014a20000)

Polling page: 0x0000000002bc0000

CodeCache: size=245760Kb used=8598Kb max_used=10396Kb free=237161Kb
 bounds [0x0000000002ef0000, 0x0000000003930000, 0x0000000011ef0000]
 total_blobs=2177 nmethods=1908 adapters=182
 compilation: enabled

Compilation events (10 events):
Event: 23.860 Thread 0x000000001561e800 2570       2       java.util.HashMap::keySet (27 bytes)
Event: 23.861 Thread 0x000000001561e800 nmethod 2570 0x0000000003226710 code [0x0000000003226860, 0x0000000003226a50]
Event: 23.861 Thread 0x000000001561e800 2572       3       com.android.dx.dex.code.OutputFinisher::addConstants (93 bytes)
Event: 23.862 Thread 0x000000001561e800 nmethod 2572 0x00000000032fbe50 code [0x00000000032fc080, 0x00000000032fcf68]
Event: 23.862 Thread 0x000000001561e800 2571       2       java.util.HashMap$KeySet::iterator (12 bytes)
Event: 23.862 Thread 0x000000001561e800 nmethod 2571 0x0000000003209e10 code [0x0000000003209f80, 0x000000000320a168]
Event: 23.863 Thread 0x000000001561e800 2573       2       com.android.dx.dex.file.DebugInfoItem::<init> (36 bytes)
Event: 23.864 Thread 0x000000001561e800 nmethod 2573 0x00000000033058d0 code [0x0000000003305a40, 0x0000000003305cb8]
Event: 23.872 Thread 0x000000001561e800 2574       3       com.android.dx.dex.code.OutputFinisher::getAllConstants (47 bytes)
Event: 23.873 Thread 0x000000001561e800 nmethod 2574 0x00000000032edc90 code [0x00000000032edec0, 0x00000000032ee808]

GC Heap History (10 events):
Event: 4.465 GC heap before
{Heap before GC invocations=2 (full 0):
 PSYoungGen      total 27648K, used 27390K [0x00000000eab00000, 0x00000000ee100000, 0x0000000100000000)
  eden space 24064K, 100% used [0x00000000eab00000,0x00000000ec280000,0x00000000ec280000)
  from space 3584K, 92% used [0x00000000ec280000,0x00000000ec5bfa58,0x00000000ec600000)
  to   space 3584K, 0% used [0x00000000edd80000,0x00000000edd80000,0x00000000ee100000)
 ParOldGen       total 62976K, used 8K [0x00000000c0000000, 0x00000000c3d80000, 0x00000000eab00000)
  object space 62976K, 0% used [0x00000000c0000000,0x00000000c0002000,0x00000000c3d80000)
 Metaspace       used 6104K, capacity 7024K, committed 7296K, reserved 1056768K
  class space    used 602K, capacity 616K, committed 640K, reserved 1048576K
Event: 4.561 GC heap after
Heap after GC invocations=2 (full 0):
 PSYoungGen      total 51712K, used 3560K [0x00000000eab00000, 0x00000000ee100000, 0x0000000100000000)
  eden space 48128K, 0% used [0x00000000eab00000,0x00000000eab00000,0x00000000eda00000)
  from space 3584K, 99% used [0x00000000edd80000,0x00000000ee0fa238,0x00000000ee100000)
  to   space 3584K, 0% used [0x00000000eda00000,0x00000000eda00000,0x00000000edd80000)
 ParOldGen       total 62976K, used 2508K [0x00000000c0000000, 0x00000000c3d80000, 0x00000000eab00000)
  object space 62976K, 3% used [0x00000000c0000000,0x00000000c0273120,0x00000000c3d80000)
 Metaspace       used 6104K, capacity 7024K, committed 7296K, reserved 1056768K
  class space    used 602K, capacity 616K, committed 640K, reserved 1048576K
}
Event: 7.452 GC heap before
{Heap before GC invocations=3 (full 0):
 PSYoungGen      total 51712K, used 51688K [0x00000000eab00000, 0x00000000ee100000, 0x0000000100000000)
  eden space 48128K, 100% used [0x00000000eab00000,0x00000000eda00000,0x00000000eda00000)
  from space 3584K, 99% used [0x00000000edd80000,0x00000000ee0fa238,0x00000000ee100000)
  to   space 3584K, 0% used [0x00000000eda00000,0x00000000eda00000,0x00000000edd80000)
 ParOldGen       total 62976K, used 2508K [0x00000000c0000000, 0x00000000c3d80000, 0x00000000eab00000)
  object space 62976K, 3% used [0x00000000c0000000,0x00000000c0273120,0x00000000c3d80000)
 Metaspace       used 6242K, capacity 7088K, committed 7296K, reserved 1056768K
  class space    used 603K, capacity 616K, committed 640K, reserved 1048576K
Event: 7.609 GC heap after
Heap after GC invocations=3 (full 0):
 PSYoungGen      total 51712K, used 3573K [0x00000000eab00000, 0x00000000f1000000, 0x0000000100000000)
  eden space 48128K, 0% used [0x00000000eab00000,0x00000000eab00000,0x00000000eda00000)
  from space 3584K, 99% used [0x00000000eda00000,0x00000000edd7d5d8,0x00000000edd80000)
  to   space 3584K, 0% used [0x00000000f0c80000,0x00000000f0c80000,0x00000000f1000000)
 ParOldGen       total 62976K, used 9538K [0x00000000c0000000, 0x00000000c3d80000, 0x00000000eab00000)
  object space 62976K, 15% used [0x00000000c0000000,0x00000000c0950958,0x00000000c3d80000)
 Metaspace       used 6242K, capacity 7088K, committed 7296K, reserved 1056768K
  class space    used 603K, capacity 616K, committed 640K, reserved 1048576K
}
Event: 10.959 GC heap before
{Heap before GC invocations=4 (full 0):
 PSYoungGen      total 51712K, used 51701K [0x00000000eab00000, 0x00000000f1000000, 0x0000000100000000)
  eden space 48128K, 100% used [0x00000000eab00000,0x00000000eda00000,0x00000000eda00000)
  from space 3584K, 99% used [0x00000000eda00000,0x00000000edd7d5d8,0x00000000edd80000)
  to   space 3584K, 0% used [0x00000000f0c80000,0x00000000f0c80000,0x00000000f1000000)
 ParOldGen       total 62976K, used 9538K [0x00000000c0000000, 0x00000000c3d80000, 0x00000000eab00000)
  object space 62976K, 15% used [0x00000000c0000000,0x00000000c0950958,0x00000000c3d80000)
 Metaspace       used 6299K, capacity 7152K, committed 7296K, reserved 1056768K
  class space    used 603K, capacity 616K, committed 640K, reserved 1048576K
Event: 11.103 GC heap after
Heap after GC invocations=4 (full 0):
 PSYoungGen      total 99840K, used 3573K [0x00000000eab00000, 0x00000000f1000000, 0x0000000100000000)
  eden space 96256K, 0% used [0x00000000eab00000,0x00000000eab00000,0x00000000f0900000)
  from space 3584K, 99% used [0x00000000f0c80000,0x00000000f0ffd5b8,0x00000000f1000000)
  to   space 3584K, 0% used [0x00000000f0900000,0x00000000f0900000,0x00000000f0c80000)
 ParOldGen       total 62976K, used 17828K [0x00000000c0000000, 0x00000000c3d80000, 0x00000000eab00000)
  object space 62976K, 28% used [0x00000000c0000000,0x00000000c11691e8,0x00000000c3d80000)
 Metaspace       used 6299K, capacity 7152K, committed 7296K, reserved 1056768K
  class space    used 603K, capacity 616K, committed 640K, reserved 1048576K
}
Event: 16.752 GC heap before
{Heap before GC invocations=5 (full 0):
 PSYoungGen      total 99840K, used 99829K [0x00000000eab00000, 0x00000000f1000000, 0x0000000100000000)
  eden space 96256K, 100% used [0x00000000eab00000,0x00000000f0900000,0x00000000f0900000)
  from space 3584K, 99% used [0x00000000f0c80000,0x00000000f0ffd5b8,0x00000000f1000000)
  to   space 3584K, 0% used [0x00000000f0900000,0x00000000f0900000,0x00000000f0c80000)
 ParOldGen       total 62976K, used 17828K [0x00000000c0000000, 0x00000000c3d80000, 0x00000000eab00000)
  object space 62976K, 28% used [0x00000000c0000000,0x00000000c11691e8,0x00000000c3d80000)
 Metaspace       used 6384K, capacity 7216K, committed 7296K, reserved 1056768K
  class space    used 603K, capacity 616K, committed 640K, reserved 1048576K
Event: 17.126 GC heap after
Heap after GC invocations=5 (full 0):
 PSYoungGen      total 99840K, used 3570K [0x00000000eab00000, 0x00000000f9200000, 0x0000000100000000)
  eden space 96256K, 0% used [0x00000000eab00000,0x00000000eab00000,0x00000000f0900000)
  from space 3584K, 99% used [0x00000000f0900000,0x00000000f0c7caf8,0x00000000f0c80000)
  to   space 22016K, 0% used [0x00000000f7c80000,0x00000000f7c80000,0x00000000f9200000)
 ParOldGen       total 62976K, used 34046K [0x00000000c0000000, 0x00000000c3d80000, 0x00000000eab00000)
  object space 62976K, 54% used [0x00000000c0000000,0x00000000c213f9d0,0x00000000c3d80000)
 Metaspace       used 6384K, capacity 7216K, committed 7296K, reserved 1056768K
  class space    used 603K, capacity 616K, committed 640K, reserved 1048576K
}
Event: 20.235 GC heap before
{Heap before GC invocations=6 (full 0):
 PSYoungGen      total 99840K, used 99826K [0x00000000eab00000, 0x00000000f9200000, 0x0000000100000000)
  eden space 96256K, 100% used [0x00000000eab00000,0x00000000f0900000,0x00000000f0900000)
  from space 3584K, 99% used [0x00000000f0900000,0x00000000f0c7caf8,0x00000000f0c80000)
  to   space 22016K, 0% used [0x00000000f7c80000,0x00000000f7c80000,0x00000000f9200000)
 ParOldGen       total 62976K, used 34046K [0x00000000c0000000, 0x00000000c3d80000, 0x00000000eab00000)
  object space 62976K, 54% used [0x00000000c0000000,0x00000000c213f9d0,0x00000000c3d80000)
 Metaspace       used 6533K, capacity 7256K, committed 7424K, reserved 1056768K
  class space    used 624K, capacity 656K, committed 768K, reserved 1048576K
Event: 20.406 GC heap after
Heap after GC invocations=6 (full 0):
 PSYoungGen      total 211968K, used 18822K [0x00000000eab00000, 0x00000000f9700000, 0x0000000100000000)
  eden space 189952K, 0% used [0x00000000eab00000,0x00000000eab00000,0x00000000f6480000)
  from space 22016K, 85% used [0x00000000f7c80000,0x00000000f8ee1bf0,0x00000000f9200000)
  to   space 24576K, 0% used [0x00000000f6480000,0x00000000f6480000,0x00000000f7c80000)
 ParOldGen       total 62976K, used 34054K [0x00000000c0000000, 0x00000000c3d80000, 0x00000000eab00000)
  object space 62976K, 54% used [0x00000000c0000000,0x00000000c21419d0,0x00000000c3d80000)
 Metaspace       used 6533K, capacity 7256K, committed 7424K, reserved 1056768K
  class space    used 624K, capacity 656K, committed 768K, reserved 1048576K
}

Deoptimization events (10 events):
Event: 22.747 Thread 0x00000000171ba800 Uncommon trap: reason=unstable_if action=reinterpret pc=0x000000000327db7c method=com.android.dx.cf.code.BytecodeArray.parseInstruction(ILcom/android/dx/cf/code/BytecodeArray$Visitor;)I @ 1261
Event: 22.856 Thread 0x0000000002c3d800 Uncommon trap: reason=unstable_if action=reinterpret pc=0x00000000035ad668 method=java.util.HashMap.resize()[Ljava/util/HashMap$Node; @ 206
Event: 23.536 Thread 0x00000000171ba800 Uncommon trap: reason=class_check action=maybe_recompile pc=0x00000000037e7274 method=com.android.dx.ssa.SCCP.replaceConstants()V @ 127
Event: 23.621 Thread 0x00000000171ba800 Uncommon trap: reason=class_check action=maybe_recompile pc=0x00000000037e7274 method=com.android.dx.ssa.SCCP.replaceConstants()V @ 127
Event: 23.632 Thread 0x0000000002c3d800 Uncommon trap: reason=class_check action=maybe_recompile pc=0x00000000033b7888 method=java.util.Arrays.hashCode([Ljava/lang/Object;)I @ 43
Event: 23.632 Thread 0x0000000002c3d800 Uncommon trap: reason=class_check action=maybe_recompile pc=0x00000000033b7888 method=java.util.Arrays.hashCode([Ljava/lang/Object;)I @ 43
Event: 23.632 Thread 0x0000000002c3d800 Uncommon trap: reason=class_check action=maybe_recompile pc=0x00000000033b7888 method=java.util.Arrays.hashCode([Ljava/lang/Object;)I @ 43
Event: 23.632 Thread 0x0000000002c3d800 Uncommon trap: reason=class_check action=maybe_recompile pc=0x00000000033b7888 method=java.util.Arrays.hashCode([Ljava/lang/Object;)I @ 43
Event: 23.632 Thread 0x0000000002c3d800 Uncommon trap: reason=class_check action=maybe_recompile pc=0x00000000033b72b4 method=java.util.Arrays.hashCode([Ljava/lang/Object;)I @ 43
Event: 23.785 Thread 0x0000000002c3d800 Uncommon trap: reason=class_check action=maybe_recompile pc=0x0000000003487404 method=java.util.HashMap.putVal(ILjava/lang/Object;Ljava/lang/Object;ZZ)Ljava/lang/Object; @ 203

Internal exceptions (8 events):
Event: 0.067 Thread 0x0000000002c3d800 Exception <a 'java/lang/NoSuchMethodError': Method sun.misc.Unsafe.defineClass(Ljava/lang/String;[BII)Ljava/lang/Class; name or signature does not match> (0x00000000eab13088) thrown at [C:\re\workspace\8-2-build-windows-amd64-cygwin\jdk8u60\4407\hotspot\srfK™78±?
Event: 0.067 Thread 0x0000000002c3d800 Exception <a 'java/lang/NoSuchMethodError': Method sun.misc.Unsafe.prefetchRead(Ljava/lang/Object;J)V name or signature does not match> (0x00000000eab13370) thrown at [C:\re\workspace\8-2-build-windows-amd64-cygwin\jdk8u60\4407\hotspot\src\share\vm\prims\j“ðŒä9&@
Event: 11.113 Thread 0x00000000171ba800 Implicit null exception at 0x00000000036af760 to 0x00000000036b41f5
Event: 11.121 Thread 0x00000000171b3800 Implicit null exception at 0x00000000036af760 to 0x00000000036b41f5
Event: 15.655 Thread 0x00000000171ba800 Implicit null exception at 0x00000000034d5721 to 0x00000000034d6db5
Event: 18.273 Thread 0x00000000170df000 Exception <a 'java/lang/ArrayIndexOutOfBoundsException': 18> (0x00000000ece367a8) thrown at [C:\re\workspace\8-2-build-windows-amd64-cygwin\jdk8u60\4407\hotspot\src\share\vm\interpreter\interpreterRuntime.cpp, line 366]
Event: 18.274 Thread 0x00000000170df000 Exception <a 'java/lang/ArrayIndexOutOfBoundsException'> (0x00000000ece38328) thrown at [C:\re\workspace\8-2-build-windows-amd64-cygwin\jdk8u60\4407\hotspot\src\share\vm\runtime\sharedRuntime.cpp, line 605]
Event: 18.276 Thread 0x00000000170df000 Exception <a 'java/lang/ArrayIndexOutOfBoundsException'> (0x00000000ece39610) thrown at [C:\re\workspace\8-2-build-windows-amd64-cygwin\jdk8u60\4407\hotspot\src\share\vm\runtime\sharedRuntime.cpp, line 605]

Events (10 events):
Event: 23.633 loading class com/android/dx/rop/cst/Zeroes done
Event: 23.771 Thread 0x0000000002c3d800 DEOPT PACKING pc=0x00000000031e30d4 sp=0x0000000002def0a0
Event: 23.771 Thread 0x0000000002c3d800 DEOPT UNPACKING pc=0x0000000002f3747f sp=0x0000000002deedc0 mode 0
Event: 23.785 Thread 0x0000000002c3d800 Uncommon trap: trap_request=0xffffffde fr.pc=0x0000000003487404
Event: 23.785 Thread 0x0000000002c3d800 DEOPT PACKING pc=0x0000000003487404 sp=0x0000000002def230
Event: 23.785 Thread 0x0000000002c3d800 DEOPT UNPACKING pc=0x0000000002f3582a sp=0x0000000002def150 mode 2
Event: 23.801 loading class com/android/dx/dex/file/CatchStructs
Event: 23.801 loading class com/android/dx/dex/file/CatchStructs done
Event: 23.871 Thread 0x0000000002c3d800 DEOPT PACKING pc=0x0000000003321754 sp=0x0000000002def240
Event: 23.871 Thread 0x0000000002c3d800 DEOPT UNPACKING pc=0x0000000002f3747f sp=0x0000000002deefd0 mode 0


Dynamic libraries:
0x00007ff689300000 - 0x00007ff689337000 	C:\Program Files\Java\jdk1.8.0_60\bin\java.exe
0x00007ffe6c170000 - 0x00007ffe6c341000 	C:\WINDOWS\SYSTEM32\ntdll.dll
0x00007ffe6bb70000 - 0x00007ffe6bc1b000 	C:\WINDOWS\System32\KERNEL32.DLL
0x00007ffe69400000 - 0x00007ffe6961d000 	C:\WINDOWS\System32\KERNELBASE.dll
0x00007ffe6bd90000 - 0x00007ffe6be32000 	C:\WINDOWS\System32\ADVAPI32.dll
0x00007ffe6c0d0000 - 0x00007ffe6c16e000 	C:\WINDOWS\System32\msvcrt.dll
0x00007ffe6a010000 - 0x00007ffe6a069000 	C:\WINDOWS\System32\sechost.dll
0x00007ffe6be40000 - 0x00007ffe6bf61000 	C:\WINDOWS\System32\RPCRT4.dll
0x00007ffe69890000 - 0x00007ffe699f5000 	C:\WINDOWS\System32\USER32.dll
0x00007ffe69620000 - 0x00007ffe6963e000 	C:\WINDOWS\System32\win32u.dll
0x00007ffe6b760000 - 0x00007ffe6b794000 	C:\WINDOWS\System32\GDI32.dll
0x00007ffe688b0000 - 0x00007ffe68a32000 	C:\WINDOWS\System32\gdi32full.dll
0x00007ffe674a0000 - 0x00007ffe67719000 	C:\WINDOWS\WinSxS\amd64_microsoft.windows.common-controls_6595b64144ccf1df_6.0.14393.447_none_42191651c6827bb3\COMCTL32.dll
0x00007ffe6b8a0000 - 0x00007ffe6bb67000 	C:\WINDOWS\System32\combase.dll
0x00007ffe68690000 - 0x00007ffe68785000 	C:\WINDOWS\System32\ucrtbase.dll
0x00007ffe68840000 - 0x00007ffe688aa000 	C:\WINDOWS\System32\bcryptPrimitives.dll
0x00007ffe69ec0000 - 0x00007ffe69eee000 	C:\WINDOWS\System32\IMM32.DLL
0x000000006a840000 - 0x000000006a912000 	C:\Program Files\Java\jdk1.8.0_60\jre\bin\msvcr100.dll
0x000000006aa80000 - 0x000000006b309000 	C:\Program Files\Java\jdk1.8.0_60\jre\bin\server\jvm.dll
0x00007ffe6b680000 - 0x00007ffe6b688000 	C:\WINDOWS\System32\PSAPI.DLL
0x00007ffe60060000 - 0x00007ffe60069000 	C:\WINDOWS\SYSTEM32\WSOCK32.dll
0x00007ffe6b6f0000 - 0x00007ffe6b75a000 	C:\WINDOWS\System32\WS2_32.dll
0x00007ffe66510000 - 0x00007ffe66533000 	C:\WINDOWS\SYSTEM32\WINMM.dll
0x00007ffe672a0000 - 0x00007ffe672aa000 	C:\WINDOWS\SYSTEM32\VERSION.dll
0x00007ffe664b0000 - 0x00007ffe664db000 	C:\WINDOWS\SYSTEM32\WINMMBASE.dll
0x00007ffe68640000 - 0x00007ffe68682000 	C:\WINDOWS\System32\cfgmgr32.dll
0x000000006bc60000 - 0x000000006bc6f000 	C:\Program Files\Java\jdk1.8.0_60\jre\bin\verify.dll
0x000000006bc30000 - 0x000000006bc59000 	C:\Program Files\Java\jdk1.8.0_60\jre\bin\java.dll
0x000000006bc10000 - 0x000000006bc26000 	C:\Program Files\Java\jdk1.8.0_60\jre\bin\zip.dll
0x00007ffe6a070000 - 0x00007ffe6b579000 	C:\WINDOWS\System32\SHELL32.dll
0x00007ffe68cc0000 - 0x00007ffe6939a000 	C:\WINDOWS\System32\windows.storage.dll
0x00007ffe685e0000 - 0x00007ffe6862c000 	C:\WINDOWS\System32\powrprof.dll
0x00007ffe69fb0000 - 0x00007ffe6a002000 	C:\WINDOWS\System32\shlwapi.dll
0x00007ffe68630000 - 0x00007ffe6863f000 	C:\WINDOWS\System32\kernel.appcore.dll
0x00007ffe68790000 - 0x00007ffe68839000 	C:\WINDOWS\System32\shcore.dll
0x00007ffe685c0000 - 0x00007ffe685d4000 	C:\WINDOWS\System32\profapi.dll

VM Arguments:
jvm_args: -Djava.awt.headless=true -Xmx1024M -Dfile.encoding=windows-1257 -Duser.country=US -Duser.language=en -Duser.variant 
java_command: com.android.dx.command.Main --dex --num-threads=4 --output C:\Users\user\AndroidStudioProjects\GeoTwitterClient\app\build\intermediates\pre-dexed\debug\com.android.support-support-v4-23.2.1_a6f75dd35659d1cf753b9fce2e4255b6564a5adf.jar C:\Users\user\AndroidStudioProjects\GeoTwitterClient\app\build\intermediates\exploded-aar\com.android.support\support-v4\23.2.1\jars\classes.jar
java_class_path (initial): C:\Users\user\AppData\Local\Android\sdk\build-tools\23.0.2\lib\dx.jar
Launcher Type: SUN_STANDARD

Environment Variables:
PATH=C:\Program Files (x86)\NVIDIA Corporation\PhysX\Common;C:\Program Files\Java\jdk1.8.0_60\bin;C:\ProgramData\Oracle\Java\javapath;C:\Program Files\Common Files\Microsoft Shared\Windows Live;C:\Program Files (x86)\Common Files\Microsoft Shared\Windows Live;C:\WINDOWS\system32;C:\WINDOWS;C:\WINDOWS\System32\Wbem;C:\WINDOWS\System32\WindowsPowerShell\v1.0\;C:\Program Files\WIDCOMM\Bluetooth Software\;C:\Program Files\WIDCOMM\Bluetooth Software\syswow64;C:\Program Files (x86)\Common Files\Roxio Shared\10.0\DLLShared\;C:\Program Files (x86)\Common Files\Roxio Shared\DLLShared\;C:\Program Files (x86)\Windows Live\Shared;C:\Program Files\Intel\WiFi\bin\;C:\Program Files\Common Files\Intel\WirelessCommon\;C:\Python27;C:\Program Files (x86)\IVI Foundation\VISA\WinNT\Bin;C:\Windows\SysWOW64;C:\WINDOWS\system32\config\systemprofile\.dnx\bin;C:\Program Files\Microsoft DNX\Dnvm\;C:\Program Files\Microsoft SQL Server\130\Tools\Binn\;C:\Program Files (x86)\Windows Kits\10\Windows Performance Toolkit\;C:\Program Files\ Java\jdk1.8.0_60\bin;;%USERPROFILE%\AppData\Local\Microsoft\WindowsApps
USERNAME=user
OS=Windows_NT
PROCESSOR_IDENTIFIER=Intel64 Family 6 Model 37 Stepping 2, GenuineIntel



---------------  S Y S T E M  ---------------

OS: Windows 10.0 , 64 bit Build 14393 (10.0.14393.0)

CPU:total 4 (2 cores per cpu, 2 threads per core) family 6 model 37 stepping 2, cmov, cx8, fxsr, mmx, sse, sse2, sse3, ssse3, sse4.1, sse4.2, popcnt, aes, clmul, ht, tsc, tscinvbit

Memory: 4k page, physical 5953352k(1036348k free), swap 6477640k(5604k free)

vm_info: Java HotSpot(TM) 64-Bit Server VM (25.60-b23) for windows-amd64 JRE (1.8.0_60-b27), built on Aug  4 2015 11:06:27 by "java_re" with MS VC++ 10.0 (VS2010)

time: Thu Dec 01 19:37:20 2016
elapsed time: 23 seconds (0d 0h 0m 23s)

